<html>
<head>
<title>TestNG:  Surefire test</title>
<link href="../testng.css" rel="stylesheet" type="text/css" />
<link href="../my-testng.css" rel="stylesheet" type="text/css" />

<style type="text/css">
.log { display: none;} 
.stack-trace { display: none;} 
</style>
<script type="text/javascript">
<!--
function flip(e) {
  current = e.style.display;
  if (current == 'block') {
    e.style.display = 'none';
    return 0;
  }
  else {
    e.style.display = 'block';
    return 1;
  }
}

function toggleBox(szDivId, elem, msg1, msg2)
{
  var res = -1;  if (document.getElementById) {
    res = flip(document.getElementById(szDivId));
  }
  else if (document.all) {
    // this is the way old msie versions work
    res = flip(document.all[szDivId]);
  }
  if(elem) {
    if(res == 0) elem.innerHTML = msg1; else elem.innerHTML = msg2;
  }

}

function toggleAllBoxes() {
  if (document.getElementsByTagName) {
    d = document.getElementsByTagName('div');
    for (i = 0; i < d.length; i++) {
      if (d[i].className == 'log') {
        flip(d[i]);
      }
    }
  }
}

// -->
</script>

</head>
<body>
<h2 align='center'>Surefire test</h2><table border='1' align="center">
<tr>
<td>Tests passed/Failed/Skipped:</td><td>122/23/0</td>
</tr><tr>
<td>Started on:</td><td>Mon Jan 06 10:07:15 IST 2025</td>
</tr>
<tr><td>Total time:</td><td>244 seconds (244096 ms)</td>
</tr><tr>
<td>Included groups:</td><td></td>
</tr><tr>
<td>Excluded groups:</td><td></td>
</tr>
</table><p/>
<small><i>(Hover the method name to see the test class name)</i></small><p/>
<table width='100%' border='1' class='invocation-failed'>
<tr><td colspan='4' align='center'><b>FAILED TESTS</b></td></tr>
<tr><td><b>Test method</b></td>
<td><b>Attribute(s)</b></td>
<td width="30%"><b>Exception</b></td>
<td width="10%"><b>Time (seconds)</b></td>
<td><b>Instance</b></td>
</tr>
<tr>
<td title='TestNGTestRunner.runScenario()'><b>runScenario</b><br>Test class: TestNGTestRunner<br>Test method: Runs Cucumber Scenarios<br>Parameters: "Verify product details and total price", "Cart Page functionality"</td>
<td><div><pre>java.lang.AssertionError: expected [2] but found [1]
	at StepDefinitions.UITest.CartPage.FunctionalityStepDefImpl.userAddsProductsToCart(FunctionalityStepDefImpl.java:137)
	at ✽.User adds products to cart(file:///C:/Users/santh/Desktop/Ecommerce%20Automation/Selenium/EcommercePractise/src/test/java/FeatureFiles/UITest/CartPage/Functionality.feature:54)
... Removed 7 stack frames</pre></div><a href='#' onClick='toggleBox("stack-trace627135393", this, "Click to show all stack frames", "Click to hide stack frames")'>Click to show all stack frames</a>
<div class='stack-trace' id='stack-trace627135393'><pre>java.lang.AssertionError: expected [2] but found [1]
	at org.testng.Assert.fail(Assert.java:111)
	at org.testng.Assert.failNotEquals(Assert.java:1578)
	at org.testng.Assert.assertEqualsImpl(Assert.java:150)
	at org.testng.Assert.assertEquals(Assert.java:132)
	at org.testng.Assert.assertEquals(Assert.java:1419)
	at org.testng.Assert.assertEquals(Assert.java:1383)
	at org.testng.Assert.assertEquals(Assert.java:1429)
	at StepDefinitions.UITest.CartPage.FunctionalityStepDefImpl.userAddsProductsToCart(FunctionalityStepDefImpl.java:137)
	at ✽.User adds products to cart(file:///C:/Users/santh/Desktop/Ecommerce%20Automation/Selenium/EcommercePractise/src/test/java/FeatureFiles/UITest/CartPage/Functionality.feature:54)
</pre></div></td>
<td>44</td>
<td>TestNGTestRunner@7e07db1f</td></tr>
<tr>
<td title='TestNGTestRunner.runScenario()'><b>runScenario</b><br>Test class: TestNGTestRunner<br>Test method: Runs Cucumber Scenarios<br>Parameters: "Go back to cart", "Order confirmation Page functionality"</td>
<td><div><pre>org.openqa.selenium.NoSuchElementException: no such element: Unable to locate element: {&quot;method&quot;:&quot;css selector&quot;,&quot;selector&quot;:&quot;.totalRow button&quot;}
  (Session info: chrome=130.0.6723.70)
For documentation on this error, please visit: https://www.selenium.dev/documentation/webdriver/troubleshooting/errors#no-such-element-exception
Build info: version: &apos;4.23.0&apos;, revision: &apos;4df0a231af&apos;
System info: os.name: &apos;Windows 11&apos;, os.arch: &apos;amd64&apos;, os.version: &apos;10.0&apos;, java.version: &apos;21.0.5&apos;
Driver info: org.openqa.selenium.chrome.ChromeDriver
Command: [f123f12a6d18326e1bdf16f5af1ee595, findElement {value=.totalRow button, using=css selector}]
Capabilities {acceptInsecureCerts: false, browserName: chrome, browserVersion: 130.0.6723.70, chrome: {chromedriverVersion: 130.0.6723.116 (6ac35f94ae3..., userDataDir: C:\Users\santh\AppData\Loca...}, fedcm:accounts: true, goog:chromeOptions: {debuggerAddress: localhost:55821}, networkConnectionEnabled: false, pageLoadStrategy: normal, platformName: windows, proxy: Proxy(), se:cdp: ws://localhost:55821/devtoo..., se:cdpVersion: 130.0.6723.70, setWindowRect: true, strictFileInteractability: false, timeouts: {implicit: 0, pageLoad: 300000, script: 30000}, unhandledPromptBehavior: dismiss and notify, webauthn:extension:credBlob: true, webauthn:extension:largeBlob: true, webauthn:extension:minPinLength: true, webauthn:extension:prf: true, webauthn:virtualAuthenticators: true}
Session ID: f123f12a6d18326e1bdf16f5af1ee595
	at org.openqa.selenium.remote.ErrorCodec.decode(ErrorCodec.java:167)
	at org.openqa.selenium.remote.codec.w3c.W3CHttpResponseCodec.decode(W3CHttpResponseCodec.java:138)
	at org.openqa.selenium.remote.codec.w3c.W3CHttpResponseCodec.decode(W3CHttpResponseCodec.java:50)
	at org.openqa.selenium.remote.HttpCommandExecutor.execute(HttpCommandExecutor.java:190)
	at org.openqa.selenium.remote.service.DriverCommandExecutor.invokeExecute(DriverCommandExecutor.java:216)
	at org.openqa.selenium.remote.service.DriverCommandExecutor.execute(DriverCommandExecutor.java:174)
	at org.openqa.selenium.remote.RemoteWebDriver.execute(RemoteWebDriver.java:527)
	at org.openqa.selenium.remote.ElementLocation$ElementFinder$2.findElement(ElementLocation.java:165)
	at org.openqa.selenium.remote.ElementLocation.findElement(ElementLocation.java:59)
	at org.openqa.selenium.remote.RemoteWebDriver.findElement(RemoteWebDriver.java:357)
	at org.openqa.selenium.remote.RemoteWebDriver.findElement(RemoteWebDriver.java:351)
	at org.openqa.selenium.support.pagefactory.DefaultElementLocator.findElement(DefaultElementLocator.java:68)
	at org.openqa.selenium.support.pagefactory.internal.LocatingElementHandler.invoke(LocatingElementHandler.java:38)
	at jdk.proxy2/jdk.proxy2.$Proxy27.getWrappedElement(Unknown Source)
	at org.openqa.selenium.remote.WebElementToJsonConverter.apply(WebElementToJsonConverter.java:48)
	at java.base/java.util.stream.ReferencePipeline$3$1.accept(ReferencePipeline.java:197)
	at java.base/java.util.Spliterators$ArraySpliterator.forEachRemaining(Spliterators.java:1024)
	at java.base/java.util.stream.AbstractPipeline.copyInto(AbstractPipeline.java:509)
	at java.base/java.util.stream.AbstractPipeline.wrapAndCopyInto(AbstractPipeline.java:499)
	at java.base/java.util.stream.ReduceOps$ReduceOp.evaluateSequential(ReduceOps.java:921)
	at java.base/java.util.stream.AbstractPipeline.evaluate(AbstractPipeline.java:234)
	at java.base/java.util.stream.ReferencePipeline.collect(ReferencePipeline.java:682)
	at org.openqa.selenium.remote.RemoteWebDriver.executeScript(RemoteWebDriver.java:463)
	at PageObjects.CartPage.checkout(CartPage.java:72)
	at StepDefinitions.UITest.OrdersPage.FunctionalityStepDefImpl.userLandedOnECommerecePageOrdersPage(FunctionalityStepDefImpl.java:69)
	at ✽.User landed on ECommerece page orders page(file:///C:/Users/santh/Desktop/Ecommerce%20Automation/Selenium/EcommercePractise/src/test/java/FeatureFiles/UITest/OrdersPage/Functionality.feature:41)
... Removed 3 stack frames</pre></div><a href='#' onClick='toggleBox("stack-trace1292073729", this, "Click to show all stack frames", "Click to hide stack frames")'>Click to show all stack frames</a>
<div class='stack-trace' id='stack-trace1292073729'><pre>org.openqa.selenium.NoSuchElementException: no such element: Unable to locate element: {&quot;method&quot;:&quot;css selector&quot;,&quot;selector&quot;:&quot;.totalRow button&quot;}
  (Session info: chrome=130.0.6723.70)
For documentation on this error, please visit: https://www.selenium.dev/documentation/webdriver/troubleshooting/errors#no-such-element-exception
Build info: version: &apos;4.23.0&apos;, revision: &apos;4df0a231af&apos;
System info: os.name: &apos;Windows 11&apos;, os.arch: &apos;amd64&apos;, os.version: &apos;10.0&apos;, java.version: &apos;21.0.5&apos;
Driver info: org.openqa.selenium.chrome.ChromeDriver
Command: [f123f12a6d18326e1bdf16f5af1ee595, findElement {value=.totalRow button, using=css selector}]
Capabilities {acceptInsecureCerts: false, browserName: chrome, browserVersion: 130.0.6723.70, chrome: {chromedriverVersion: 130.0.6723.116 (6ac35f94ae3..., userDataDir: C:\Users\santh\AppData\Loca...}, fedcm:accounts: true, goog:chromeOptions: {debuggerAddress: localhost:55821}, networkConnectionEnabled: false, pageLoadStrategy: normal, platformName: windows, proxy: Proxy(), se:cdp: ws://localhost:55821/devtoo..., se:cdpVersion: 130.0.6723.70, setWindowRect: true, strictFileInteractability: false, timeouts: {implicit: 0, pageLoad: 300000, script: 30000}, unhandledPromptBehavior: dismiss and notify, webauthn:extension:credBlob: true, webauthn:extension:largeBlob: true, webauthn:extension:minPinLength: true, webauthn:extension:prf: true, webauthn:virtualAuthenticators: true}
Session ID: f123f12a6d18326e1bdf16f5af1ee595
	at java.base/jdk.internal.reflect.DirectConstructorHandleAccessor.newInstance(DirectConstructorHandleAccessor.java:62)
	at java.base/java.lang.reflect.Constructor.newInstanceWithCaller(Constructor.java:502)
	at java.base/java.lang.reflect.Constructor.newInstance(Constructor.java:486)
	at org.openqa.selenium.remote.ErrorCodec.decode(ErrorCodec.java:167)
	at org.openqa.selenium.remote.codec.w3c.W3CHttpResponseCodec.decode(W3CHttpResponseCodec.java:138)
	at org.openqa.selenium.remote.codec.w3c.W3CHttpResponseCodec.decode(W3CHttpResponseCodec.java:50)
	at org.openqa.selenium.remote.HttpCommandExecutor.execute(HttpCommandExecutor.java:190)
	at org.openqa.selenium.remote.service.DriverCommandExecutor.invokeExecute(DriverCommandExecutor.java:216)
	at org.openqa.selenium.remote.service.DriverCommandExecutor.execute(DriverCommandExecutor.java:174)
	at org.openqa.selenium.remote.RemoteWebDriver.execute(RemoteWebDriver.java:527)
	at org.openqa.selenium.remote.ElementLocation$ElementFinder$2.findElement(ElementLocation.java:165)
	at org.openqa.selenium.remote.ElementLocation.findElement(ElementLocation.java:59)
	at org.openqa.selenium.remote.RemoteWebDriver.findElement(RemoteWebDriver.java:357)
	at org.openqa.selenium.remote.RemoteWebDriver.findElement(RemoteWebDriver.java:351)
	at org.openqa.selenium.support.pagefactory.DefaultElementLocator.findElement(DefaultElementLocator.java:68)
	at org.openqa.selenium.support.pagefactory.internal.LocatingElementHandler.invoke(LocatingElementHandler.java:38)
	at jdk.proxy2/jdk.proxy2.$Proxy27.getWrappedElement(Unknown Source)
	at org.openqa.selenium.remote.WebElementToJsonConverter.apply(WebElementToJsonConverter.java:48)
	at java.base/java.util.stream.ReferencePipeline$3$1.accept(ReferencePipeline.java:197)
	at java.base/java.util.Spliterators$ArraySpliterator.forEachRemaining(Spliterators.java:1024)
	at java.base/java.util.stream.AbstractPipeline.copyInto(AbstractPipeline.java:509)
	at java.base/java.util.stream.AbstractPipeline.wrapAndCopyInto(AbstractPipeline.java:499)
	at java.base/java.util.stream.ReduceOps$ReduceOp.evaluateSequential(ReduceOps.java:921)
	at java.base/java.util.stream.AbstractPipeline.evaluate(AbstractPipeline.java:234)
	at java.base/java.util.stream.ReferencePipeline.collect(ReferencePipeline.java:682)
	at org.openqa.selenium.remote.RemoteWebDriver.executeScript(RemoteWebDriver.java:463)
	at PageObjects.CartPage.checkout(CartPage.java:72)
	at StepDefinitions.UITest.OrdersPage.FunctionalityStepDefImpl.userLandedOnECommerecePageOrdersPage(FunctionalityStepDefImpl.java:69)
	at ✽.User landed on ECommerece page orders page(file:///C:/Users/santh/Desktop/Ecommerce%20Automation/Selenium/EcommercePractise/src/test/java/FeatureFiles/UITest/OrdersPage/Functionality.feature:41)
</pre></div></td>
<td>44</td>
<td>TestNGTestRunner@7e07db1f</td></tr>
<tr>
<td title='TestNGTestRunner.runScenario()'><b>runScenario</b><br>Test class: TestNGTestRunner<br>Test method: Runs Cucumber Scenarios<br>Parameters: "Add products to cart", "Products page functionality"</td>
<td><div><pre>java.lang.AssertionError: expected [2] but found [1]
	at StepDefinitions.UITest.ProductsPage.FunctionalityStepDefImpl.message_is_displayed_and_product_is_added_to_cart(FunctionalityStepDefImpl.java:232)
	at ✽.&quot;Product Added To Cart&quot; message is displayed and product is added to cart(file:///C:/Users/santh/Desktop/Ecommerce%20Automation/Selenium/EcommercePractise/src/test/java/FeatureFiles/UITest/ProductsPage/Functionality.feature:36)
... Removed 6 stack frames</pre></div><a href='#' onClick='toggleBox("stack-trace943267578", this, "Click to show all stack frames", "Click to hide stack frames")'>Click to show all stack frames</a>
<div class='stack-trace' id='stack-trace943267578'><pre>java.lang.AssertionError: expected [2] but found [1]
	at org.testng.Assert.fail(Assert.java:111)
	at org.testng.Assert.failNotEquals(Assert.java:1578)
	at org.testng.Assert.assertEqualsImpl(Assert.java:150)
	at org.testng.Assert.assertEquals(Assert.java:132)
	at org.testng.Assert.assertEquals(Assert.java:656)
	at org.testng.Assert.assertEquals(Assert.java:666)
	at StepDefinitions.UITest.ProductsPage.FunctionalityStepDefImpl.message_is_displayed_and_product_is_added_to_cart(FunctionalityStepDefImpl.java:232)
	at ✽.&quot;Product Added To Cart&quot; message is displayed and product is added to cart(file:///C:/Users/santh/Desktop/Ecommerce%20Automation/Selenium/EcommercePractise/src/test/java/FeatureFiles/UITest/ProductsPage/Functionality.feature:36)
</pre></div></td>
<td>29</td>
<td>TestNGTestRunner@7e07db1f</td></tr>
<tr>
<td title='TestNGTestRunner.runScenario()'><b>runScenario</b><br>Test class: TestNGTestRunner<br>Test method: Runs Cucumber Scenarios<br>Parameters: "Cart button", "Order confirmation Page functionality"</td>
<td><div><pre>org.openqa.selenium.NoSuchElementException: no such element: Unable to locate element: {&quot;method&quot;:&quot;css selector&quot;,&quot;selector&quot;:&quot;.totalRow button&quot;}
  (Session info: chrome=130.0.6723.70)
For documentation on this error, please visit: https://www.selenium.dev/documentation/webdriver/troubleshooting/errors#no-such-element-exception
Build info: version: &apos;4.23.0&apos;, revision: &apos;4df0a231af&apos;
System info: os.name: &apos;Windows 11&apos;, os.arch: &apos;amd64&apos;, os.version: &apos;10.0&apos;, java.version: &apos;21.0.5&apos;
Driver info: org.openqa.selenium.chrome.ChromeDriver
Command: [3abfd158f85c3a556c4ac5b84ff97d2b, findElement {value=.totalRow button, using=css selector}]
Capabilities {acceptInsecureCerts: false, browserName: chrome, browserVersion: 130.0.6723.70, chrome: {chromedriverVersion: 130.0.6723.116 (6ac35f94ae3..., userDataDir: C:\Users\santh\AppData\Loca...}, fedcm:accounts: true, goog:chromeOptions: {debuggerAddress: localhost:55253}, networkConnectionEnabled: false, pageLoadStrategy: normal, platformName: windows, proxy: Proxy(), se:cdp: ws://localhost:55253/devtoo..., se:cdpVersion: 130.0.6723.70, setWindowRect: true, strictFileInteractability: false, timeouts: {implicit: 0, pageLoad: 300000, script: 30000}, unhandledPromptBehavior: dismiss and notify, webauthn:extension:credBlob: true, webauthn:extension:largeBlob: true, webauthn:extension:minPinLength: true, webauthn:extension:prf: true, webauthn:virtualAuthenticators: true}
Session ID: 3abfd158f85c3a556c4ac5b84ff97d2b
	at org.openqa.selenium.remote.ErrorCodec.decode(ErrorCodec.java:167)
	at org.openqa.selenium.remote.codec.w3c.W3CHttpResponseCodec.decode(W3CHttpResponseCodec.java:138)
	at org.openqa.selenium.remote.codec.w3c.W3CHttpResponseCodec.decode(W3CHttpResponseCodec.java:50)
	at org.openqa.selenium.remote.HttpCommandExecutor.execute(HttpCommandExecutor.java:190)
	at org.openqa.selenium.remote.service.DriverCommandExecutor.invokeExecute(DriverCommandExecutor.java:216)
	at org.openqa.selenium.remote.service.DriverCommandExecutor.execute(DriverCommandExecutor.java:174)
	at org.openqa.selenium.remote.RemoteWebDriver.execute(RemoteWebDriver.java:527)
	at org.openqa.selenium.remote.ElementLocation$ElementFinder$2.findElement(ElementLocation.java:165)
	at org.openqa.selenium.remote.ElementLocation.findElement(ElementLocation.java:59)
	at org.openqa.selenium.remote.RemoteWebDriver.findElement(RemoteWebDriver.java:357)
	at org.openqa.selenium.remote.RemoteWebDriver.findElement(RemoteWebDriver.java:351)
	at org.openqa.selenium.support.pagefactory.DefaultElementLocator.findElement(DefaultElementLocator.java:68)
	at org.openqa.selenium.support.pagefactory.internal.LocatingElementHandler.invoke(LocatingElementHandler.java:38)
	at jdk.proxy2/jdk.proxy2.$Proxy27.getWrappedElement(Unknown Source)
	at org.openqa.selenium.remote.WebElementToJsonConverter.apply(WebElementToJsonConverter.java:48)
	at java.base/java.util.stream.ReferencePipeline$3$1.accept(ReferencePipeline.java:197)
	at java.base/java.util.Spliterators$ArraySpliterator.forEachRemaining(Spliterators.java:1024)
	at java.base/java.util.stream.AbstractPipeline.copyInto(AbstractPipeline.java:509)
	at java.base/java.util.stream.AbstractPipeline.wrapAndCopyInto(AbstractPipeline.java:499)
	at java.base/java.util.stream.ReduceOps$ReduceOp.evaluateSequential(ReduceOps.java:921)
	at java.base/java.util.stream.AbstractPipeline.evaluate(AbstractPipeline.java:234)
	at java.base/java.util.stream.ReferencePipeline.collect(ReferencePipeline.java:682)
	at org.openqa.selenium.remote.RemoteWebDriver.executeScript(RemoteWebDriver.java:463)
	at PageObjects.CartPage.checkout(CartPage.java:72)
	at StepDefinitions.UITest.OrderConfirmationPage.FunctionalityStepDefImpl.userLandedOnECommerecePageOrderConfirmationPage(FunctionalityStepDefImpl.java:64)
	at ✽.User landed on ECommerece page order confirmation page(file:///C:/Users/santh/Desktop/Ecommerce%20Automation/Selenium/EcommercePractise/src/test/java/FeatureFiles/UITest/OrderConfirmationPage/Functionality.feature:23)
... Removed 3 stack frames</pre></div><a href='#' onClick='toggleBox("stack-trace86067815", this, "Click to show all stack frames", "Click to hide stack frames")'>Click to show all stack frames</a>
<div class='stack-trace' id='stack-trace86067815'><pre>org.openqa.selenium.NoSuchElementException: no such element: Unable to locate element: {&quot;method&quot;:&quot;css selector&quot;,&quot;selector&quot;:&quot;.totalRow button&quot;}
  (Session info: chrome=130.0.6723.70)
For documentation on this error, please visit: https://www.selenium.dev/documentation/webdriver/troubleshooting/errors#no-such-element-exception
Build info: version: &apos;4.23.0&apos;, revision: &apos;4df0a231af&apos;
System info: os.name: &apos;Windows 11&apos;, os.arch: &apos;amd64&apos;, os.version: &apos;10.0&apos;, java.version: &apos;21.0.5&apos;
Driver info: org.openqa.selenium.chrome.ChromeDriver
Command: [3abfd158f85c3a556c4ac5b84ff97d2b, findElement {value=.totalRow button, using=css selector}]
Capabilities {acceptInsecureCerts: false, browserName: chrome, browserVersion: 130.0.6723.70, chrome: {chromedriverVersion: 130.0.6723.116 (6ac35f94ae3..., userDataDir: C:\Users\santh\AppData\Loca...}, fedcm:accounts: true, goog:chromeOptions: {debuggerAddress: localhost:55253}, networkConnectionEnabled: false, pageLoadStrategy: normal, platformName: windows, proxy: Proxy(), se:cdp: ws://localhost:55253/devtoo..., se:cdpVersion: 130.0.6723.70, setWindowRect: true, strictFileInteractability: false, timeouts: {implicit: 0, pageLoad: 300000, script: 30000}, unhandledPromptBehavior: dismiss and notify, webauthn:extension:credBlob: true, webauthn:extension:largeBlob: true, webauthn:extension:minPinLength: true, webauthn:extension:prf: true, webauthn:virtualAuthenticators: true}
Session ID: 3abfd158f85c3a556c4ac5b84ff97d2b
	at java.base/jdk.internal.reflect.DirectConstructorHandleAccessor.newInstance(DirectConstructorHandleAccessor.java:62)
	at java.base/java.lang.reflect.Constructor.newInstanceWithCaller(Constructor.java:502)
	at java.base/java.lang.reflect.Constructor.newInstance(Constructor.java:486)
	at org.openqa.selenium.remote.ErrorCodec.decode(ErrorCodec.java:167)
	at org.openqa.selenium.remote.codec.w3c.W3CHttpResponseCodec.decode(W3CHttpResponseCodec.java:138)
	at org.openqa.selenium.remote.codec.w3c.W3CHttpResponseCodec.decode(W3CHttpResponseCodec.java:50)
	at org.openqa.selenium.remote.HttpCommandExecutor.execute(HttpCommandExecutor.java:190)
	at org.openqa.selenium.remote.service.DriverCommandExecutor.invokeExecute(DriverCommandExecutor.java:216)
	at org.openqa.selenium.remote.service.DriverCommandExecutor.execute(DriverCommandExecutor.java:174)
	at org.openqa.selenium.remote.RemoteWebDriver.execute(RemoteWebDriver.java:527)
	at org.openqa.selenium.remote.ElementLocation$ElementFinder$2.findElement(ElementLocation.java:165)
	at org.openqa.selenium.remote.ElementLocation.findElement(ElementLocation.java:59)
	at org.openqa.selenium.remote.RemoteWebDriver.findElement(RemoteWebDriver.java:357)
	at org.openqa.selenium.remote.RemoteWebDriver.findElement(RemoteWebDriver.java:351)
	at org.openqa.selenium.support.pagefactory.DefaultElementLocator.findElement(DefaultElementLocator.java:68)
	at org.openqa.selenium.support.pagefactory.internal.LocatingElementHandler.invoke(LocatingElementHandler.java:38)
	at jdk.proxy2/jdk.proxy2.$Proxy27.getWrappedElement(Unknown Source)
	at org.openqa.selenium.remote.WebElementToJsonConverter.apply(WebElementToJsonConverter.java:48)
	at java.base/java.util.stream.ReferencePipeline$3$1.accept(ReferencePipeline.java:197)
	at java.base/java.util.Spliterators$ArraySpliterator.forEachRemaining(Spliterators.java:1024)
	at java.base/java.util.stream.AbstractPipeline.copyInto(AbstractPipeline.java:509)
	at java.base/java.util.stream.AbstractPipeline.wrapAndCopyInto(AbstractPipeline.java:499)
	at java.base/java.util.stream.ReduceOps$ReduceOp.evaluateSequential(ReduceOps.java:921)
	at java.base/java.util.stream.AbstractPipeline.evaluate(AbstractPipeline.java:234)
	at java.base/java.util.stream.ReferencePipeline.collect(ReferencePipeline.java:682)
	at org.openqa.selenium.remote.RemoteWebDriver.executeScript(RemoteWebDriver.java:463)
	at PageObjects.CartPage.checkout(CartPage.java:72)
	at StepDefinitions.UITest.OrderConfirmationPage.FunctionalityStepDefImpl.userLandedOnECommerecePageOrderConfirmationPage(FunctionalityStepDefImpl.java:64)
	at ✽.User landed on ECommerece page order confirmation page(file:///C:/Users/santh/Desktop/Ecommerce%20Automation/Selenium/EcommercePractise/src/test/java/FeatureFiles/UITest/OrderConfirmationPage/Functionality.feature:23)
</pre></div></td>
<td>42</td>
<td>TestNGTestRunner@7e07db1f</td></tr>
<tr>
<td title='TestNGTestRunner.runScenario()'><b>runScenario</b><br>Test class: TestNGTestRunner<br>Test method: Runs Cucumber Scenarios<br>Parameters: "Add to cart", "Product page functionality"</td>
<td><div><pre>java.lang.AssertionError: expected [2] but found []
	at StepDefinitions.UITest.ProductPage.FunctionalityStepDefImpl.userClcikedOnAddToCartButton(FunctionalityStepDefImpl.java:127)
	at ✽.User clciked on add to cart button(file:///C:/Users/santh/Desktop/Ecommerce%20Automation/Selenium/EcommercePractise/src/test/java/FeatureFiles/UITest/ProductPage/Functionality.feature:42)
... Removed 6 stack frames</pre></div><a href='#' onClick='toggleBox("stack-trace765902368", this, "Click to show all stack frames", "Click to hide stack frames")'>Click to show all stack frames</a>
<div class='stack-trace' id='stack-trace765902368'><pre>java.lang.AssertionError: expected [2] but found []
	at org.testng.Assert.fail(Assert.java:111)
	at org.testng.Assert.failNotEquals(Assert.java:1578)
	at org.testng.Assert.assertEqualsImpl(Assert.java:150)
	at org.testng.Assert.assertEquals(Assert.java:132)
	at org.testng.Assert.assertEquals(Assert.java:656)
	at org.testng.Assert.assertEquals(Assert.java:666)
	at StepDefinitions.UITest.ProductPage.FunctionalityStepDefImpl.userClcikedOnAddToCartButton(FunctionalityStepDefImpl.java:127)
	at ✽.User clciked on add to cart button(file:///C:/Users/santh/Desktop/Ecommerce%20Automation/Selenium/EcommercePractise/src/test/java/FeatureFiles/UITest/ProductPage/Functionality.feature:42)
</pre></div></td>
<td>17</td>
<td>TestNGTestRunner@7e07db1f</td></tr>
<tr>
<td title='TestNGTestRunner.runScenario()'><b>runScenario</b><br>Test class: TestNGTestRunner<br>Test method: Runs Cucumber Scenarios<br>Parameters: "Logo", "Order confirmation Page functionality"</td>
<td><div><pre>org.openqa.selenium.NoSuchElementException: no such element: Unable to locate element: {&quot;method&quot;:&quot;css selector&quot;,&quot;selector&quot;:&quot;.totalRow button&quot;}
  (Session info: chrome=130.0.6723.70)
For documentation on this error, please visit: https://www.selenium.dev/documentation/webdriver/troubleshooting/errors#no-such-element-exception
Build info: version: &apos;4.23.0&apos;, revision: &apos;4df0a231af&apos;
System info: os.name: &apos;Windows 11&apos;, os.arch: &apos;amd64&apos;, os.version: &apos;10.0&apos;, java.version: &apos;21.0.5&apos;
Driver info: org.openqa.selenium.chrome.ChromeDriver
Command: [eeacf1463ac349140fe745f38133e91e, findElement {value=.totalRow button, using=css selector}]
Capabilities {acceptInsecureCerts: false, browserName: chrome, browserVersion: 130.0.6723.70, chrome: {chromedriverVersion: 130.0.6723.116 (6ac35f94ae3..., userDataDir: C:\Users\santh\AppData\Loca...}, fedcm:accounts: true, goog:chromeOptions: {debuggerAddress: localhost:55293}, networkConnectionEnabled: false, pageLoadStrategy: normal, platformName: windows, proxy: Proxy(), se:cdp: ws://localhost:55293/devtoo..., se:cdpVersion: 130.0.6723.70, setWindowRect: true, strictFileInteractability: false, timeouts: {implicit: 0, pageLoad: 300000, script: 30000}, unhandledPromptBehavior: dismiss and notify, webauthn:extension:credBlob: true, webauthn:extension:largeBlob: true, webauthn:extension:minPinLength: true, webauthn:extension:prf: true, webauthn:virtualAuthenticators: true}
Session ID: eeacf1463ac349140fe745f38133e91e
	at org.openqa.selenium.remote.ErrorCodec.decode(ErrorCodec.java:167)
	at org.openqa.selenium.remote.codec.w3c.W3CHttpResponseCodec.decode(W3CHttpResponseCodec.java:138)
	at org.openqa.selenium.remote.codec.w3c.W3CHttpResponseCodec.decode(W3CHttpResponseCodec.java:50)
	at org.openqa.selenium.remote.HttpCommandExecutor.execute(HttpCommandExecutor.java:190)
	at org.openqa.selenium.remote.service.DriverCommandExecutor.invokeExecute(DriverCommandExecutor.java:216)
	at org.openqa.selenium.remote.service.DriverCommandExecutor.execute(DriverCommandExecutor.java:174)
	at org.openqa.selenium.remote.RemoteWebDriver.execute(RemoteWebDriver.java:527)
	at org.openqa.selenium.remote.ElementLocation$ElementFinder$2.findElement(ElementLocation.java:165)
	at org.openqa.selenium.remote.ElementLocation.findElement(ElementLocation.java:59)
	at org.openqa.selenium.remote.RemoteWebDriver.findElement(RemoteWebDriver.java:357)
	at org.openqa.selenium.remote.RemoteWebDriver.findElement(RemoteWebDriver.java:351)
	at org.openqa.selenium.support.pagefactory.DefaultElementLocator.findElement(DefaultElementLocator.java:68)
	at org.openqa.selenium.support.pagefactory.internal.LocatingElementHandler.invoke(LocatingElementHandler.java:38)
	at jdk.proxy2/jdk.proxy2.$Proxy27.getWrappedElement(Unknown Source)
	at org.openqa.selenium.remote.WebElementToJsonConverter.apply(WebElementToJsonConverter.java:48)
	at java.base/java.util.stream.ReferencePipeline$3$1.accept(ReferencePipeline.java:197)
	at java.base/java.util.Spliterators$ArraySpliterator.forEachRemaining(Spliterators.java:1024)
	at java.base/java.util.stream.AbstractPipeline.copyInto(AbstractPipeline.java:509)
	at java.base/java.util.stream.AbstractPipeline.wrapAndCopyInto(AbstractPipeline.java:499)
	at java.base/java.util.stream.ReduceOps$ReduceOp.evaluateSequential(ReduceOps.java:921)
	at java.base/java.util.stream.AbstractPipeline.evaluate(AbstractPipeline.java:234)
	at java.base/java.util.stream.ReferencePipeline.collect(ReferencePipeline.java:682)
	at org.openqa.selenium.remote.RemoteWebDriver.executeScript(RemoteWebDriver.java:463)
	at PageObjects.CartPage.checkout(CartPage.java:72)
	at StepDefinitions.UITest.OrderConfirmationPage.FunctionalityStepDefImpl.userLandedOnECommerecePageOrderConfirmationPage(FunctionalityStepDefImpl.java:64)
	at ✽.User landed on ECommerece page order confirmation page(file:///C:/Users/santh/Desktop/Ecommerce%20Automation/Selenium/EcommercePractise/src/test/java/FeatureFiles/UITest/OrderConfirmationPage/Functionality.feature:29)
... Removed 3 stack frames</pre></div><a href='#' onClick='toggleBox("stack-trace1162325324", this, "Click to show all stack frames", "Click to hide stack frames")'>Click to show all stack frames</a>
<div class='stack-trace' id='stack-trace1162325324'><pre>org.openqa.selenium.NoSuchElementException: no such element: Unable to locate element: {&quot;method&quot;:&quot;css selector&quot;,&quot;selector&quot;:&quot;.totalRow button&quot;}
  (Session info: chrome=130.0.6723.70)
For documentation on this error, please visit: https://www.selenium.dev/documentation/webdriver/troubleshooting/errors#no-such-element-exception
Build info: version: &apos;4.23.0&apos;, revision: &apos;4df0a231af&apos;
System info: os.name: &apos;Windows 11&apos;, os.arch: &apos;amd64&apos;, os.version: &apos;10.0&apos;, java.version: &apos;21.0.5&apos;
Driver info: org.openqa.selenium.chrome.ChromeDriver
Command: [eeacf1463ac349140fe745f38133e91e, findElement {value=.totalRow button, using=css selector}]
Capabilities {acceptInsecureCerts: false, browserName: chrome, browserVersion: 130.0.6723.70, chrome: {chromedriverVersion: 130.0.6723.116 (6ac35f94ae3..., userDataDir: C:\Users\santh\AppData\Loca...}, fedcm:accounts: true, goog:chromeOptions: {debuggerAddress: localhost:55293}, networkConnectionEnabled: false, pageLoadStrategy: normal, platformName: windows, proxy: Proxy(), se:cdp: ws://localhost:55293/devtoo..., se:cdpVersion: 130.0.6723.70, setWindowRect: true, strictFileInteractability: false, timeouts: {implicit: 0, pageLoad: 300000, script: 30000}, unhandledPromptBehavior: dismiss and notify, webauthn:extension:credBlob: true, webauthn:extension:largeBlob: true, webauthn:extension:minPinLength: true, webauthn:extension:prf: true, webauthn:virtualAuthenticators: true}
Session ID: eeacf1463ac349140fe745f38133e91e
	at java.base/jdk.internal.reflect.DirectConstructorHandleAccessor.newInstance(DirectConstructorHandleAccessor.java:62)
	at java.base/java.lang.reflect.Constructor.newInstanceWithCaller(Constructor.java:502)
	at java.base/java.lang.reflect.Constructor.newInstance(Constructor.java:486)
	at org.openqa.selenium.remote.ErrorCodec.decode(ErrorCodec.java:167)
	at org.openqa.selenium.remote.codec.w3c.W3CHttpResponseCodec.decode(W3CHttpResponseCodec.java:138)
	at org.openqa.selenium.remote.codec.w3c.W3CHttpResponseCodec.decode(W3CHttpResponseCodec.java:50)
	at org.openqa.selenium.remote.HttpCommandExecutor.execute(HttpCommandExecutor.java:190)
	at org.openqa.selenium.remote.service.DriverCommandExecutor.invokeExecute(DriverCommandExecutor.java:216)
	at org.openqa.selenium.remote.service.DriverCommandExecutor.execute(DriverCommandExecutor.java:174)
	at org.openqa.selenium.remote.RemoteWebDriver.execute(RemoteWebDriver.java:527)
	at org.openqa.selenium.remote.ElementLocation$ElementFinder$2.findElement(ElementLocation.java:165)
	at org.openqa.selenium.remote.ElementLocation.findElement(ElementLocation.java:59)
	at org.openqa.selenium.remote.RemoteWebDriver.findElement(RemoteWebDriver.java:357)
	at org.openqa.selenium.remote.RemoteWebDriver.findElement(RemoteWebDriver.java:351)
	at org.openqa.selenium.support.pagefactory.DefaultElementLocator.findElement(DefaultElementLocator.java:68)
	at org.openqa.selenium.support.pagefactory.internal.LocatingElementHandler.invoke(LocatingElementHandler.java:38)
	at jdk.proxy2/jdk.proxy2.$Proxy27.getWrappedElement(Unknown Source)
	at org.openqa.selenium.remote.WebElementToJsonConverter.apply(WebElementToJsonConverter.java:48)
	at java.base/java.util.stream.ReferencePipeline$3$1.accept(ReferencePipeline.java:197)
	at java.base/java.util.Spliterators$ArraySpliterator.forEachRemaining(Spliterators.java:1024)
	at java.base/java.util.stream.AbstractPipeline.copyInto(AbstractPipeline.java:509)
	at java.base/java.util.stream.AbstractPipeline.wrapAndCopyInto(AbstractPipeline.java:499)
	at java.base/java.util.stream.ReduceOps$ReduceOp.evaluateSequential(ReduceOps.java:921)
	at java.base/java.util.stream.AbstractPipeline.evaluate(AbstractPipeline.java:234)
	at java.base/java.util.stream.ReferencePipeline.collect(ReferencePipeline.java:682)
	at org.openqa.selenium.remote.RemoteWebDriver.executeScript(RemoteWebDriver.java:463)
	at PageObjects.CartPage.checkout(CartPage.java:72)
	at StepDefinitions.UITest.OrderConfirmationPage.FunctionalityStepDefImpl.userLandedOnECommerecePageOrderConfirmationPage(FunctionalityStepDefImpl.java:64)
	at ✽.User landed on ECommerece page order confirmation page(file:///C:/Users/santh/Desktop/Ecommerce%20Automation/Selenium/EcommercePractise/src/test/java/FeatureFiles/UITest/OrderConfirmationPage/Functionality.feature:29)
</pre></div></td>
<td>42</td>
<td>TestNGTestRunner@7e07db1f</td></tr>
<tr>
<td title='TestNGTestRunner.runScenario()'><b>runScenario</b><br>Test class: TestNGTestRunner<br>Test method: Runs Cucumber Scenarios<br>Parameters: "Orders button", "Order confirmation Page functionality"</td>
<td><div><pre>org.openqa.selenium.NoSuchElementException: no such element: Unable to locate element: {&quot;method&quot;:&quot;css selector&quot;,&quot;selector&quot;:&quot;.totalRow button&quot;}
  (Session info: chrome=130.0.6723.70)
For documentation on this error, please visit: https://www.selenium.dev/documentation/webdriver/troubleshooting/errors#no-such-element-exception
Build info: version: &apos;4.23.0&apos;, revision: &apos;4df0a231af&apos;
System info: os.name: &apos;Windows 11&apos;, os.arch: &apos;amd64&apos;, os.version: &apos;10.0&apos;, java.version: &apos;21.0.5&apos;
Driver info: org.openqa.selenium.chrome.ChromeDriver
Command: [d1d5ddd4548e4658fad2daaa53307a10, findElement {value=.totalRow button, using=css selector}]
Capabilities {acceptInsecureCerts: false, browserName: chrome, browserVersion: 130.0.6723.70, chrome: {chromedriverVersion: 130.0.6723.116 (6ac35f94ae3..., userDataDir: C:\Users\santh\AppData\Loca...}, fedcm:accounts: true, goog:chromeOptions: {debuggerAddress: localhost:55648}, networkConnectionEnabled: false, pageLoadStrategy: normal, platformName: windows, proxy: Proxy(), se:cdp: ws://localhost:55648/devtoo..., se:cdpVersion: 130.0.6723.70, setWindowRect: true, strictFileInteractability: false, timeouts: {implicit: 0, pageLoad: 300000, script: 30000}, unhandledPromptBehavior: dismiss and notify, webauthn:extension:credBlob: true, webauthn:extension:largeBlob: true, webauthn:extension:minPinLength: true, webauthn:extension:prf: true, webauthn:virtualAuthenticators: true}
Session ID: d1d5ddd4548e4658fad2daaa53307a10
	at org.openqa.selenium.remote.ErrorCodec.decode(ErrorCodec.java:167)
	at org.openqa.selenium.remote.codec.w3c.W3CHttpResponseCodec.decode(W3CHttpResponseCodec.java:138)
	at org.openqa.selenium.remote.codec.w3c.W3CHttpResponseCodec.decode(W3CHttpResponseCodec.java:50)
	at org.openqa.selenium.remote.HttpCommandExecutor.execute(HttpCommandExecutor.java:190)
	at org.openqa.selenium.remote.service.DriverCommandExecutor.invokeExecute(DriverCommandExecutor.java:216)
	at org.openqa.selenium.remote.service.DriverCommandExecutor.execute(DriverCommandExecutor.java:174)
	at org.openqa.selenium.remote.RemoteWebDriver.execute(RemoteWebDriver.java:527)
	at org.openqa.selenium.remote.ElementLocation$ElementFinder$2.findElement(ElementLocation.java:165)
	at org.openqa.selenium.remote.ElementLocation.findElement(ElementLocation.java:59)
	at org.openqa.selenium.remote.RemoteWebDriver.findElement(RemoteWebDriver.java:357)
	at org.openqa.selenium.remote.RemoteWebDriver.findElement(RemoteWebDriver.java:351)
	at org.openqa.selenium.support.pagefactory.DefaultElementLocator.findElement(DefaultElementLocator.java:68)
	at org.openqa.selenium.support.pagefactory.internal.LocatingElementHandler.invoke(LocatingElementHandler.java:38)
	at jdk.proxy2/jdk.proxy2.$Proxy27.getWrappedElement(Unknown Source)
	at org.openqa.selenium.remote.WebElementToJsonConverter.apply(WebElementToJsonConverter.java:48)
	at java.base/java.util.stream.ReferencePipeline$3$1.accept(ReferencePipeline.java:197)
	at java.base/java.util.Spliterators$ArraySpliterator.forEachRemaining(Spliterators.java:1024)
	at java.base/java.util.stream.AbstractPipeline.copyInto(AbstractPipeline.java:509)
	at java.base/java.util.stream.AbstractPipeline.wrapAndCopyInto(AbstractPipeline.java:499)
	at java.base/java.util.stream.ReduceOps$ReduceOp.evaluateSequential(ReduceOps.java:921)
	at java.base/java.util.stream.AbstractPipeline.evaluate(AbstractPipeline.java:234)
	at java.base/java.util.stream.ReferencePipeline.collect(ReferencePipeline.java:682)
	at org.openqa.selenium.remote.RemoteWebDriver.executeScript(RemoteWebDriver.java:463)
	at PageObjects.CartPage.checkout(CartPage.java:72)
	at StepDefinitions.UITest.OrdersPage.FunctionalityStepDefImpl.userLandedOnECommerecePageOrdersPage(FunctionalityStepDefImpl.java:69)
	at ✽.User landed on ECommerece page orders page(file:///C:/Users/santh/Desktop/Ecommerce%20Automation/Selenium/EcommercePractise/src/test/java/FeatureFiles/UITest/OrdersPage/Functionality.feature:11)
... Removed 3 stack frames</pre></div><a href='#' onClick='toggleBox("stack-trace1760552739", this, "Click to show all stack frames", "Click to hide stack frames")'>Click to show all stack frames</a>
<div class='stack-trace' id='stack-trace1760552739'><pre>org.openqa.selenium.NoSuchElementException: no such element: Unable to locate element: {&quot;method&quot;:&quot;css selector&quot;,&quot;selector&quot;:&quot;.totalRow button&quot;}
  (Session info: chrome=130.0.6723.70)
For documentation on this error, please visit: https://www.selenium.dev/documentation/webdriver/troubleshooting/errors#no-such-element-exception
Build info: version: &apos;4.23.0&apos;, revision: &apos;4df0a231af&apos;
System info: os.name: &apos;Windows 11&apos;, os.arch: &apos;amd64&apos;, os.version: &apos;10.0&apos;, java.version: &apos;21.0.5&apos;
Driver info: org.openqa.selenium.chrome.ChromeDriver
Command: [d1d5ddd4548e4658fad2daaa53307a10, findElement {value=.totalRow button, using=css selector}]
Capabilities {acceptInsecureCerts: false, browserName: chrome, browserVersion: 130.0.6723.70, chrome: {chromedriverVersion: 130.0.6723.116 (6ac35f94ae3..., userDataDir: C:\Users\santh\AppData\Loca...}, fedcm:accounts: true, goog:chromeOptions: {debuggerAddress: localhost:55648}, networkConnectionEnabled: false, pageLoadStrategy: normal, platformName: windows, proxy: Proxy(), se:cdp: ws://localhost:55648/devtoo..., se:cdpVersion: 130.0.6723.70, setWindowRect: true, strictFileInteractability: false, timeouts: {implicit: 0, pageLoad: 300000, script: 30000}, unhandledPromptBehavior: dismiss and notify, webauthn:extension:credBlob: true, webauthn:extension:largeBlob: true, webauthn:extension:minPinLength: true, webauthn:extension:prf: true, webauthn:virtualAuthenticators: true}
Session ID: d1d5ddd4548e4658fad2daaa53307a10
	at java.base/jdk.internal.reflect.DirectConstructorHandleAccessor.newInstance(DirectConstructorHandleAccessor.java:62)
	at java.base/java.lang.reflect.Constructor.newInstanceWithCaller(Constructor.java:502)
	at java.base/java.lang.reflect.Constructor.newInstance(Constructor.java:486)
	at org.openqa.selenium.remote.ErrorCodec.decode(ErrorCodec.java:167)
	at org.openqa.selenium.remote.codec.w3c.W3CHttpResponseCodec.decode(W3CHttpResponseCodec.java:138)
	at org.openqa.selenium.remote.codec.w3c.W3CHttpResponseCodec.decode(W3CHttpResponseCodec.java:50)
	at org.openqa.selenium.remote.HttpCommandExecutor.execute(HttpCommandExecutor.java:190)
	at org.openqa.selenium.remote.service.DriverCommandExecutor.invokeExecute(DriverCommandExecutor.java:216)
	at org.openqa.selenium.remote.service.DriverCommandExecutor.execute(DriverCommandExecutor.java:174)
	at org.openqa.selenium.remote.RemoteWebDriver.execute(RemoteWebDriver.java:527)
	at org.openqa.selenium.remote.ElementLocation$ElementFinder$2.findElement(ElementLocation.java:165)
	at org.openqa.selenium.remote.ElementLocation.findElement(ElementLocation.java:59)
	at org.openqa.selenium.remote.RemoteWebDriver.findElement(RemoteWebDriver.java:357)
	at org.openqa.selenium.remote.RemoteWebDriver.findElement(RemoteWebDriver.java:351)
	at org.openqa.selenium.support.pagefactory.DefaultElementLocator.findElement(DefaultElementLocator.java:68)
	at org.openqa.selenium.support.pagefactory.internal.LocatingElementHandler.invoke(LocatingElementHandler.java:38)
	at jdk.proxy2/jdk.proxy2.$Proxy27.getWrappedElement(Unknown Source)
	at org.openqa.selenium.remote.WebElementToJsonConverter.apply(WebElementToJsonConverter.java:48)
	at java.base/java.util.stream.ReferencePipeline$3$1.accept(ReferencePipeline.java:197)
	at java.base/java.util.Spliterators$ArraySpliterator.forEachRemaining(Spliterators.java:1024)
	at java.base/java.util.stream.AbstractPipeline.copyInto(AbstractPipeline.java:509)
	at java.base/java.util.stream.AbstractPipeline.wrapAndCopyInto(AbstractPipeline.java:499)
	at java.base/java.util.stream.ReduceOps$ReduceOp.evaluateSequential(ReduceOps.java:921)
	at java.base/java.util.stream.AbstractPipeline.evaluate(AbstractPipeline.java:234)
	at java.base/java.util.stream.ReferencePipeline.collect(ReferencePipeline.java:682)
	at org.openqa.selenium.remote.RemoteWebDriver.executeScript(RemoteWebDriver.java:463)
	at PageObjects.CartPage.checkout(CartPage.java:72)
	at StepDefinitions.UITest.OrdersPage.FunctionalityStepDefImpl.userLandedOnECommerecePageOrdersPage(FunctionalityStepDefImpl.java:69)
	at ✽.User landed on ECommerece page orders page(file:///C:/Users/santh/Desktop/Ecommerce%20Automation/Selenium/EcommercePractise/src/test/java/FeatureFiles/UITest/OrdersPage/Functionality.feature:11)
</pre></div></td>
<td>40</td>
<td>TestNGTestRunner@7e07db1f</td></tr>
<tr>
<td title='TestNGTestRunner.runScenario()'><b>runScenario</b><br>Test class: TestNGTestRunner<br>Test method: Runs Cucumber Scenarios<br>Parameters: "Forgot Password API with correct details", "Forgot Password API functionality"</td>
<td><div><pre>java.lang.AssertionError: 1 expectation failed.
Expected response time was not a value less than &lt;2000L&gt; milliseconds, was 2025 milliseconds (2025 milliseconds).
	at org.codehaus.groovy.runtime.callsite.ConstructorSite$ConstructorSiteNoUnwrapNoCoerce.callConstructor(ConstructorSite.java:108)
	at org.codehaus.groovy.runtime.callsite.CallSiteArray.defaultCallConstructor(CallSiteArray.java:57)
	at org.codehaus.groovy.runtime.callsite.AbstractCallSite.callConstructor(AbstractCallSite.java:263)
	at org.codehaus.groovy.runtime.callsite.AbstractCallSite.callConstructor(AbstractCallSite.java:277)
	at io.restassured.internal.ResponseSpecificationImpl$HamcrestAssertionClosure.validate(ResponseSpecificationImpl.groovy:512)
	at io.restassured.internal.ResponseSpecificationImpl$HamcrestAssertionClosure$validate$1.call(Unknown Source)
	at io.restassured.internal.ResponseSpecificationImpl.validate(ResponseSpecificationImpl.groovy:101)
	at io.restassured.internal.ValidatableResponseOptionsImpl.spec(ValidatableResponseOptionsImpl.java:288)
	at StepDefinitions.APITest.ForgotPasswordAPI.FunctionalityStepDefImpl.userSendsForgotPasswordRequest(FunctionalityStepDefImpl.java:41)
	at ✽.User sends forgot password request(file:///C:/Users/santh/Desktop/Ecommerce%20Automation/Selenium/EcommercePractise/src/test/java/FeatureFiles/APITest/ForgotPasswordAPI/Functionality.feature:6)
... Removed 4 stack frames</pre></div><a href='#' onClick='toggleBox("stack-trace1553779281", this, "Click to show all stack frames", "Click to hide stack frames")'>Click to show all stack frames</a>
<div class='stack-trace' id='stack-trace1553779281'><pre>java.lang.AssertionError: 1 expectation failed.
Expected response time was not a value less than &lt;2000L&gt; milliseconds, was 2025 milliseconds (2025 milliseconds).
	at java.base/jdk.internal.reflect.DirectConstructorHandleAccessor.newInstance(DirectConstructorHandleAccessor.java:62)
	at java.base/java.lang.reflect.Constructor.newInstanceWithCaller(Constructor.java:502)
	at java.base/java.lang.reflect.Constructor.newInstance(Constructor.java:486)
	at org.codehaus.groovy.reflection.CachedConstructor.invoke(CachedConstructor.java:73)
	at org.codehaus.groovy.runtime.callsite.ConstructorSite$ConstructorSiteNoUnwrapNoCoerce.callConstructor(ConstructorSite.java:108)
	at org.codehaus.groovy.runtime.callsite.CallSiteArray.defaultCallConstructor(CallSiteArray.java:57)
	at org.codehaus.groovy.runtime.callsite.AbstractCallSite.callConstructor(AbstractCallSite.java:263)
	at org.codehaus.groovy.runtime.callsite.AbstractCallSite.callConstructor(AbstractCallSite.java:277)
	at io.restassured.internal.ResponseSpecificationImpl$HamcrestAssertionClosure.validate(ResponseSpecificationImpl.groovy:512)
	at io.restassured.internal.ResponseSpecificationImpl$HamcrestAssertionClosure$validate$1.call(Unknown Source)
	at io.restassured.internal.ResponseSpecificationImpl.validate(ResponseSpecificationImpl.groovy:101)
	at io.restassured.internal.ValidatableResponseOptionsImpl.spec(ValidatableResponseOptionsImpl.java:288)
	at StepDefinitions.APITest.ForgotPasswordAPI.FunctionalityStepDefImpl.userSendsForgotPasswordRequest(FunctionalityStepDefImpl.java:41)
	at ✽.User sends forgot password request(file:///C:/Users/santh/Desktop/Ecommerce%20Automation/Selenium/EcommercePractise/src/test/java/FeatureFiles/APITest/ForgotPasswordAPI/Functionality.feature:6)
</pre></div></td>
<td>5</td>
<td>TestNGTestRunner@7e07db1f</td></tr>
<tr>
<td title='TestNGTestRunner.runScenario()'><b>runScenario</b><br>Test class: TestNGTestRunner<br>Test method: Runs Cucumber Scenarios<br>Parameters: "Verify delete button is working", "Cart Page functionality"</td>
<td><div><pre>java.lang.AssertionError: expected [1] but found [0]
	at StepDefinitions.UITest.CartPage.FunctionalityStepDefImpl.productIsRemovedFromCart(FunctionalityStepDefImpl.java:203)
	at ✽.product is removed from cart(file:///C:/Users/santh/Desktop/Ecommerce%20Automation/Selenium/EcommercePractise/src/test/java/FeatureFiles/UITest/CartPage/Functionality.feature:67)
... Removed 7 stack frames</pre></div><a href='#' onClick='toggleBox("stack-trace1209451867", this, "Click to show all stack frames", "Click to hide stack frames")'>Click to show all stack frames</a>
<div class='stack-trace' id='stack-trace1209451867'><pre>java.lang.AssertionError: expected [1] but found [0]
	at org.testng.Assert.fail(Assert.java:111)
	at org.testng.Assert.failNotEquals(Assert.java:1578)
	at org.testng.Assert.assertEqualsImpl(Assert.java:150)
	at org.testng.Assert.assertEquals(Assert.java:132)
	at org.testng.Assert.assertEquals(Assert.java:1419)
	at org.testng.Assert.assertEquals(Assert.java:1383)
	at org.testng.Assert.assertEquals(Assert.java:1429)
	at StepDefinitions.UITest.CartPage.FunctionalityStepDefImpl.productIsRemovedFromCart(FunctionalityStepDefImpl.java:203)
	at ✽.product is removed from cart(file:///C:/Users/santh/Desktop/Ecommerce%20Automation/Selenium/EcommercePractise/src/test/java/FeatureFiles/UITest/CartPage/Functionality.feature:67)
</pre></div></td>
<td>34</td>
<td>TestNGTestRunner@7e07db1f</td></tr>
<tr>
<td title='TestNGTestRunner.runScenario()'><b>runScenario</b><br>Test class: TestNGTestRunner<br>Test method: Runs Cucumber Scenarios<br>Parameters: "Signout button", "Order confirmation Page functionality"</td>
<td><div><pre>org.openqa.selenium.NoSuchElementException: no such element: Unable to locate element: {&quot;method&quot;:&quot;css selector&quot;,&quot;selector&quot;:&quot;.totalRow button&quot;}
  (Session info: chrome=130.0.6723.70)
For documentation on this error, please visit: https://www.selenium.dev/documentation/webdriver/troubleshooting/errors#no-such-element-exception
Build info: version: &apos;4.23.0&apos;, revision: &apos;4df0a231af&apos;
System info: os.name: &apos;Windows 11&apos;, os.arch: &apos;amd64&apos;, os.version: &apos;10.0&apos;, java.version: &apos;21.0.5&apos;
Driver info: org.openqa.selenium.chrome.ChromeDriver
Command: [4906aa1494f671b14ef21965947f2295, findElement {value=.totalRow button, using=css selector}]
Capabilities {acceptInsecureCerts: false, browserName: chrome, browserVersion: 130.0.6723.70, chrome: {chromedriverVersion: 130.0.6723.116 (6ac35f94ae3..., userDataDir: C:\Users\santh\AppData\Loca...}, fedcm:accounts: true, goog:chromeOptions: {debuggerAddress: localhost:55235}, networkConnectionEnabled: false, pageLoadStrategy: normal, platformName: windows, proxy: Proxy(), se:cdp: ws://localhost:55235/devtoo..., se:cdpVersion: 130.0.6723.70, setWindowRect: true, strictFileInteractability: false, timeouts: {implicit: 0, pageLoad: 300000, script: 30000}, unhandledPromptBehavior: dismiss and notify, webauthn:extension:credBlob: true, webauthn:extension:largeBlob: true, webauthn:extension:minPinLength: true, webauthn:extension:prf: true, webauthn:virtualAuthenticators: true}
Session ID: 4906aa1494f671b14ef21965947f2295
	at org.openqa.selenium.remote.ErrorCodec.decode(ErrorCodec.java:167)
	at org.openqa.selenium.remote.codec.w3c.W3CHttpResponseCodec.decode(W3CHttpResponseCodec.java:138)
	at org.openqa.selenium.remote.codec.w3c.W3CHttpResponseCodec.decode(W3CHttpResponseCodec.java:50)
	at org.openqa.selenium.remote.HttpCommandExecutor.execute(HttpCommandExecutor.java:190)
	at org.openqa.selenium.remote.service.DriverCommandExecutor.invokeExecute(DriverCommandExecutor.java:216)
	at org.openqa.selenium.remote.service.DriverCommandExecutor.execute(DriverCommandExecutor.java:174)
	at org.openqa.selenium.remote.RemoteWebDriver.execute(RemoteWebDriver.java:527)
	at org.openqa.selenium.remote.ElementLocation$ElementFinder$2.findElement(ElementLocation.java:165)
	at org.openqa.selenium.remote.ElementLocation.findElement(ElementLocation.java:59)
	at org.openqa.selenium.remote.RemoteWebDriver.findElement(RemoteWebDriver.java:357)
	at org.openqa.selenium.remote.RemoteWebDriver.findElement(RemoteWebDriver.java:351)
	at org.openqa.selenium.support.pagefactory.DefaultElementLocator.findElement(DefaultElementLocator.java:68)
	at org.openqa.selenium.support.pagefactory.internal.LocatingElementHandler.invoke(LocatingElementHandler.java:38)
	at jdk.proxy2/jdk.proxy2.$Proxy27.getWrappedElement(Unknown Source)
	at org.openqa.selenium.remote.WebElementToJsonConverter.apply(WebElementToJsonConverter.java:48)
	at java.base/java.util.stream.ReferencePipeline$3$1.accept(ReferencePipeline.java:197)
	at java.base/java.util.Spliterators$ArraySpliterator.forEachRemaining(Spliterators.java:1024)
	at java.base/java.util.stream.AbstractPipeline.copyInto(AbstractPipeline.java:509)
	at java.base/java.util.stream.AbstractPipeline.wrapAndCopyInto(AbstractPipeline.java:499)
	at java.base/java.util.stream.ReduceOps$ReduceOp.evaluateSequential(ReduceOps.java:921)
	at java.base/java.util.stream.AbstractPipeline.evaluate(AbstractPipeline.java:234)
	at java.base/java.util.stream.ReferencePipeline.collect(ReferencePipeline.java:682)
	at org.openqa.selenium.remote.RemoteWebDriver.executeScript(RemoteWebDriver.java:463)
	at PageObjects.CartPage.checkout(CartPage.java:72)
	at StepDefinitions.UITest.OrderConfirmationPage.FunctionalityStepDefImpl.userLandedOnECommerecePageOrderConfirmationPage(FunctionalityStepDefImpl.java:64)
	at ✽.User landed on ECommerece page order confirmation page(file:///C:/Users/santh/Desktop/Ecommerce%20Automation/Selenium/EcommercePractise/src/test/java/FeatureFiles/UITest/OrderConfirmationPage/Functionality.feature:17)
... Removed 3 stack frames</pre></div><a href='#' onClick='toggleBox("stack-trace289473036", this, "Click to show all stack frames", "Click to hide stack frames")'>Click to show all stack frames</a>
<div class='stack-trace' id='stack-trace289473036'><pre>org.openqa.selenium.NoSuchElementException: no such element: Unable to locate element: {&quot;method&quot;:&quot;css selector&quot;,&quot;selector&quot;:&quot;.totalRow button&quot;}
  (Session info: chrome=130.0.6723.70)
For documentation on this error, please visit: https://www.selenium.dev/documentation/webdriver/troubleshooting/errors#no-such-element-exception
Build info: version: &apos;4.23.0&apos;, revision: &apos;4df0a231af&apos;
System info: os.name: &apos;Windows 11&apos;, os.arch: &apos;amd64&apos;, os.version: &apos;10.0&apos;, java.version: &apos;21.0.5&apos;
Driver info: org.openqa.selenium.chrome.ChromeDriver
Command: [4906aa1494f671b14ef21965947f2295, findElement {value=.totalRow button, using=css selector}]
Capabilities {acceptInsecureCerts: false, browserName: chrome, browserVersion: 130.0.6723.70, chrome: {chromedriverVersion: 130.0.6723.116 (6ac35f94ae3..., userDataDir: C:\Users\santh\AppData\Loca...}, fedcm:accounts: true, goog:chromeOptions: {debuggerAddress: localhost:55235}, networkConnectionEnabled: false, pageLoadStrategy: normal, platformName: windows, proxy: Proxy(), se:cdp: ws://localhost:55235/devtoo..., se:cdpVersion: 130.0.6723.70, setWindowRect: true, strictFileInteractability: false, timeouts: {implicit: 0, pageLoad: 300000, script: 30000}, unhandledPromptBehavior: dismiss and notify, webauthn:extension:credBlob: true, webauthn:extension:largeBlob: true, webauthn:extension:minPinLength: true, webauthn:extension:prf: true, webauthn:virtualAuthenticators: true}
Session ID: 4906aa1494f671b14ef21965947f2295
	at java.base/jdk.internal.reflect.DirectConstructorHandleAccessor.newInstance(DirectConstructorHandleAccessor.java:62)
	at java.base/java.lang.reflect.Constructor.newInstanceWithCaller(Constructor.java:502)
	at java.base/java.lang.reflect.Constructor.newInstance(Constructor.java:486)
	at org.openqa.selenium.remote.ErrorCodec.decode(ErrorCodec.java:167)
	at org.openqa.selenium.remote.codec.w3c.W3CHttpResponseCodec.decode(W3CHttpResponseCodec.java:138)
	at org.openqa.selenium.remote.codec.w3c.W3CHttpResponseCodec.decode(W3CHttpResponseCodec.java:50)
	at org.openqa.selenium.remote.HttpCommandExecutor.execute(HttpCommandExecutor.java:190)
	at org.openqa.selenium.remote.service.DriverCommandExecutor.invokeExecute(DriverCommandExecutor.java:216)
	at org.openqa.selenium.remote.service.DriverCommandExecutor.execute(DriverCommandExecutor.java:174)
	at org.openqa.selenium.remote.RemoteWebDriver.execute(RemoteWebDriver.java:527)
	at org.openqa.selenium.remote.ElementLocation$ElementFinder$2.findElement(ElementLocation.java:165)
	at org.openqa.selenium.remote.ElementLocation.findElement(ElementLocation.java:59)
	at org.openqa.selenium.remote.RemoteWebDriver.findElement(RemoteWebDriver.java:357)
	at org.openqa.selenium.remote.RemoteWebDriver.findElement(RemoteWebDriver.java:351)
	at org.openqa.selenium.support.pagefactory.DefaultElementLocator.findElement(DefaultElementLocator.java:68)
	at org.openqa.selenium.support.pagefactory.internal.LocatingElementHandler.invoke(LocatingElementHandler.java:38)
	at jdk.proxy2/jdk.proxy2.$Proxy27.getWrappedElement(Unknown Source)
	at org.openqa.selenium.remote.WebElementToJsonConverter.apply(WebElementToJsonConverter.java:48)
	at java.base/java.util.stream.ReferencePipeline$3$1.accept(ReferencePipeline.java:197)
	at java.base/java.util.Spliterators$ArraySpliterator.forEachRemaining(Spliterators.java:1024)
	at java.base/java.util.stream.AbstractPipeline.copyInto(AbstractPipeline.java:509)
	at java.base/java.util.stream.AbstractPipeline.wrapAndCopyInto(AbstractPipeline.java:499)
	at java.base/java.util.stream.ReduceOps$ReduceOp.evaluateSequential(ReduceOps.java:921)
	at java.base/java.util.stream.AbstractPipeline.evaluate(AbstractPipeline.java:234)
	at java.base/java.util.stream.ReferencePipeline.collect(ReferencePipeline.java:682)
	at org.openqa.selenium.remote.RemoteWebDriver.executeScript(RemoteWebDriver.java:463)
	at PageObjects.CartPage.checkout(CartPage.java:72)
	at StepDefinitions.UITest.OrderConfirmationPage.FunctionalityStepDefImpl.userLandedOnECommerecePageOrderConfirmationPage(FunctionalityStepDefImpl.java:64)
	at ✽.User landed on ECommerece page order confirmation page(file:///C:/Users/santh/Desktop/Ecommerce%20Automation/Selenium/EcommercePractise/src/test/java/FeatureFiles/UITest/OrderConfirmationPage/Functionality.feature:17)
</pre></div></td>
<td>33</td>
<td>TestNGTestRunner@7e07db1f</td></tr>
<tr>
<td title='TestNGTestRunner.runScenario()'><b>runScenario</b><br>Test class: TestNGTestRunner<br>Test method: Runs Cucumber Scenarios<br>Parameters: "Delete order", "Order confirmation Page functionality"</td>
<td><div><pre>org.openqa.selenium.NoSuchElementException: no such element: Unable to locate element: {&quot;method&quot;:&quot;css selector&quot;,&quot;selector&quot;:&quot;.totalRow button&quot;}
  (Session info: chrome=130.0.6723.70)
For documentation on this error, please visit: https://www.selenium.dev/documentation/webdriver/troubleshooting/errors#no-such-element-exception
Build info: version: &apos;4.23.0&apos;, revision: &apos;4df0a231af&apos;
System info: os.name: &apos;Windows 11&apos;, os.arch: &apos;amd64&apos;, os.version: &apos;10.0&apos;, java.version: &apos;21.0.5&apos;
Driver info: org.openqa.selenium.chrome.ChromeDriver
Command: [4162874d2b341caee5e61cc9bd5ab8c6, findElement {value=.totalRow button, using=css selector}]
Capabilities {acceptInsecureCerts: false, browserName: chrome, browserVersion: 130.0.6723.70, chrome: {chromedriverVersion: 130.0.6723.116 (6ac35f94ae3..., userDataDir: C:\Users\santh\AppData\Loca...}, fedcm:accounts: true, goog:chromeOptions: {debuggerAddress: localhost:55920}, networkConnectionEnabled: false, pageLoadStrategy: normal, platformName: windows, proxy: Proxy(), se:cdp: ws://localhost:55920/devtoo..., se:cdpVersion: 130.0.6723.70, setWindowRect: true, strictFileInteractability: false, timeouts: {implicit: 0, pageLoad: 300000, script: 30000}, unhandledPromptBehavior: dismiss and notify, webauthn:extension:credBlob: true, webauthn:extension:largeBlob: true, webauthn:extension:minPinLength: true, webauthn:extension:prf: true, webauthn:virtualAuthenticators: true}
Session ID: 4162874d2b341caee5e61cc9bd5ab8c6
	at org.openqa.selenium.remote.ErrorCodec.decode(ErrorCodec.java:167)
	at org.openqa.selenium.remote.codec.w3c.W3CHttpResponseCodec.decode(W3CHttpResponseCodec.java:138)
	at org.openqa.selenium.remote.codec.w3c.W3CHttpResponseCodec.decode(W3CHttpResponseCodec.java:50)
	at org.openqa.selenium.remote.HttpCommandExecutor.execute(HttpCommandExecutor.java:190)
	at org.openqa.selenium.remote.service.DriverCommandExecutor.invokeExecute(DriverCommandExecutor.java:216)
	at org.openqa.selenium.remote.service.DriverCommandExecutor.execute(DriverCommandExecutor.java:174)
	at org.openqa.selenium.remote.RemoteWebDriver.execute(RemoteWebDriver.java:527)
	at org.openqa.selenium.remote.ElementLocation$ElementFinder$2.findElement(ElementLocation.java:165)
	at org.openqa.selenium.remote.ElementLocation.findElement(ElementLocation.java:59)
	at org.openqa.selenium.remote.RemoteWebDriver.findElement(RemoteWebDriver.java:357)
	at org.openqa.selenium.remote.RemoteWebDriver.findElement(RemoteWebDriver.java:351)
	at org.openqa.selenium.support.pagefactory.DefaultElementLocator.findElement(DefaultElementLocator.java:68)
	at org.openqa.selenium.support.pagefactory.internal.LocatingElementHandler.invoke(LocatingElementHandler.java:38)
	at jdk.proxy2/jdk.proxy2.$Proxy27.getWrappedElement(Unknown Source)
	at org.openqa.selenium.remote.WebElementToJsonConverter.apply(WebElementToJsonConverter.java:48)
	at java.base/java.util.stream.ReferencePipeline$3$1.accept(ReferencePipeline.java:197)
	at java.base/java.util.Spliterators$ArraySpliterator.forEachRemaining(Spliterators.java:1024)
	at java.base/java.util.stream.AbstractPipeline.copyInto(AbstractPipeline.java:509)
	at java.base/java.util.stream.AbstractPipeline.wrapAndCopyInto(AbstractPipeline.java:499)
	at java.base/java.util.stream.ReduceOps$ReduceOp.evaluateSequential(ReduceOps.java:921)
	at java.base/java.util.stream.AbstractPipeline.evaluate(AbstractPipeline.java:234)
	at java.base/java.util.stream.ReferencePipeline.collect(ReferencePipeline.java:682)
	at org.openqa.selenium.remote.RemoteWebDriver.executeScript(RemoteWebDriver.java:463)
	at PageObjects.CartPage.checkout(CartPage.java:72)
	at StepDefinitions.UITest.OrdersPage.FunctionalityStepDefImpl.userLandedOnECommerecePageOrdersPage(FunctionalityStepDefImpl.java:69)
	at ✽.User landed on ECommerece page orders page(file:///C:/Users/santh/Desktop/Ecommerce%20Automation/Selenium/EcommercePractise/src/test/java/FeatureFiles/UITest/OrdersPage/Functionality.feature:57)
... Removed 3 stack frames</pre></div><a href='#' onClick='toggleBox("stack-trace857606928", this, "Click to show all stack frames", "Click to hide stack frames")'>Click to show all stack frames</a>
<div class='stack-trace' id='stack-trace857606928'><pre>org.openqa.selenium.NoSuchElementException: no such element: Unable to locate element: {&quot;method&quot;:&quot;css selector&quot;,&quot;selector&quot;:&quot;.totalRow button&quot;}
  (Session info: chrome=130.0.6723.70)
For documentation on this error, please visit: https://www.selenium.dev/documentation/webdriver/troubleshooting/errors#no-such-element-exception
Build info: version: &apos;4.23.0&apos;, revision: &apos;4df0a231af&apos;
System info: os.name: &apos;Windows 11&apos;, os.arch: &apos;amd64&apos;, os.version: &apos;10.0&apos;, java.version: &apos;21.0.5&apos;
Driver info: org.openqa.selenium.chrome.ChromeDriver
Command: [4162874d2b341caee5e61cc9bd5ab8c6, findElement {value=.totalRow button, using=css selector}]
Capabilities {acceptInsecureCerts: false, browserName: chrome, browserVersion: 130.0.6723.70, chrome: {chromedriverVersion: 130.0.6723.116 (6ac35f94ae3..., userDataDir: C:\Users\santh\AppData\Loca...}, fedcm:accounts: true, goog:chromeOptions: {debuggerAddress: localhost:55920}, networkConnectionEnabled: false, pageLoadStrategy: normal, platformName: windows, proxy: Proxy(), se:cdp: ws://localhost:55920/devtoo..., se:cdpVersion: 130.0.6723.70, setWindowRect: true, strictFileInteractability: false, timeouts: {implicit: 0, pageLoad: 300000, script: 30000}, unhandledPromptBehavior: dismiss and notify, webauthn:extension:credBlob: true, webauthn:extension:largeBlob: true, webauthn:extension:minPinLength: true, webauthn:extension:prf: true, webauthn:virtualAuthenticators: true}
Session ID: 4162874d2b341caee5e61cc9bd5ab8c6
	at java.base/jdk.internal.reflect.DirectConstructorHandleAccessor.newInstance(DirectConstructorHandleAccessor.java:62)
	at java.base/java.lang.reflect.Constructor.newInstanceWithCaller(Constructor.java:502)
	at java.base/java.lang.reflect.Constructor.newInstance(Constructor.java:486)
	at org.openqa.selenium.remote.ErrorCodec.decode(ErrorCodec.java:167)
	at org.openqa.selenium.remote.codec.w3c.W3CHttpResponseCodec.decode(W3CHttpResponseCodec.java:138)
	at org.openqa.selenium.remote.codec.w3c.W3CHttpResponseCodec.decode(W3CHttpResponseCodec.java:50)
	at org.openqa.selenium.remote.HttpCommandExecutor.execute(HttpCommandExecutor.java:190)
	at org.openqa.selenium.remote.service.DriverCommandExecutor.invokeExecute(DriverCommandExecutor.java:216)
	at org.openqa.selenium.remote.service.DriverCommandExecutor.execute(DriverCommandExecutor.java:174)
	at org.openqa.selenium.remote.RemoteWebDriver.execute(RemoteWebDriver.java:527)
	at org.openqa.selenium.remote.ElementLocation$ElementFinder$2.findElement(ElementLocation.java:165)
	at org.openqa.selenium.remote.ElementLocation.findElement(ElementLocation.java:59)
	at org.openqa.selenium.remote.RemoteWebDriver.findElement(RemoteWebDriver.java:357)
	at org.openqa.selenium.remote.RemoteWebDriver.findElement(RemoteWebDriver.java:351)
	at org.openqa.selenium.support.pagefactory.DefaultElementLocator.findElement(DefaultElementLocator.java:68)
	at org.openqa.selenium.support.pagefactory.internal.LocatingElementHandler.invoke(LocatingElementHandler.java:38)
	at jdk.proxy2/jdk.proxy2.$Proxy27.getWrappedElement(Unknown Source)
	at org.openqa.selenium.remote.WebElementToJsonConverter.apply(WebElementToJsonConverter.java:48)
	at java.base/java.util.stream.ReferencePipeline$3$1.accept(ReferencePipeline.java:197)
	at java.base/java.util.Spliterators$ArraySpliterator.forEachRemaining(Spliterators.java:1024)
	at java.base/java.util.stream.AbstractPipeline.copyInto(AbstractPipeline.java:509)
	at java.base/java.util.stream.AbstractPipeline.wrapAndCopyInto(AbstractPipeline.java:499)
	at java.base/java.util.stream.ReduceOps$ReduceOp.evaluateSequential(ReduceOps.java:921)
	at java.base/java.util.stream.AbstractPipeline.evaluate(AbstractPipeline.java:234)
	at java.base/java.util.stream.ReferencePipeline.collect(ReferencePipeline.java:682)
	at org.openqa.selenium.remote.RemoteWebDriver.executeScript(RemoteWebDriver.java:463)
	at PageObjects.CartPage.checkout(CartPage.java:72)
	at StepDefinitions.UITest.OrdersPage.FunctionalityStepDefImpl.userLandedOnECommerecePageOrdersPage(FunctionalityStepDefImpl.java:69)
	at ✽.User landed on ECommerece page orders page(file:///C:/Users/santh/Desktop/Ecommerce%20Automation/Selenium/EcommercePractise/src/test/java/FeatureFiles/UITest/OrdersPage/Functionality.feature:57)
</pre></div></td>
<td>43</td>
<td>TestNGTestRunner@7e07db1f</td></tr>
<tr>
<td title='TestNGTestRunner.runScenario()'><b>runScenario</b><br>Test class: TestNGTestRunner<br>Test method: Runs Cucumber Scenarios<br>Parameters: "Orders are displayed", "Order confirmation Page functionality"</td>
<td><div><pre>org.openqa.selenium.NoSuchElementException: no such element: Unable to locate element: {&quot;method&quot;:&quot;css selector&quot;,&quot;selector&quot;:&quot;.totalRow button&quot;}
  (Session info: chrome=130.0.6723.70)
For documentation on this error, please visit: https://www.selenium.dev/documentation/webdriver/troubleshooting/errors#no-such-element-exception
Build info: version: &apos;4.23.0&apos;, revision: &apos;4df0a231af&apos;
System info: os.name: &apos;Windows 11&apos;, os.arch: &apos;amd64&apos;, os.version: &apos;10.0&apos;, java.version: &apos;21.0.5&apos;
Driver info: org.openqa.selenium.chrome.ChromeDriver
Command: [16b9df8327ce28bbc11e9b669b84cee5, findElement {value=.totalRow button, using=css selector}]
Capabilities {acceptInsecureCerts: false, browserName: chrome, browserVersion: 130.0.6723.70, chrome: {chromedriverVersion: 130.0.6723.116 (6ac35f94ae3..., userDataDir: C:\Users\santh\AppData\Loca...}, fedcm:accounts: true, goog:chromeOptions: {debuggerAddress: localhost:55910}, networkConnectionEnabled: false, pageLoadStrategy: normal, platformName: windows, proxy: Proxy(), se:cdp: ws://localhost:55910/devtoo..., se:cdpVersion: 130.0.6723.70, setWindowRect: true, strictFileInteractability: false, timeouts: {implicit: 0, pageLoad: 300000, script: 30000}, unhandledPromptBehavior: dismiss and notify, webauthn:extension:credBlob: true, webauthn:extension:largeBlob: true, webauthn:extension:minPinLength: true, webauthn:extension:prf: true, webauthn:virtualAuthenticators: true}
Session ID: 16b9df8327ce28bbc11e9b669b84cee5
	at org.openqa.selenium.remote.ErrorCodec.decode(ErrorCodec.java:167)
	at org.openqa.selenium.remote.codec.w3c.W3CHttpResponseCodec.decode(W3CHttpResponseCodec.java:138)
	at org.openqa.selenium.remote.codec.w3c.W3CHttpResponseCodec.decode(W3CHttpResponseCodec.java:50)
	at org.openqa.selenium.remote.HttpCommandExecutor.execute(HttpCommandExecutor.java:190)
	at org.openqa.selenium.remote.service.DriverCommandExecutor.invokeExecute(DriverCommandExecutor.java:216)
	at org.openqa.selenium.remote.service.DriverCommandExecutor.execute(DriverCommandExecutor.java:174)
	at org.openqa.selenium.remote.RemoteWebDriver.execute(RemoteWebDriver.java:527)
	at org.openqa.selenium.remote.ElementLocation$ElementFinder$2.findElement(ElementLocation.java:165)
	at org.openqa.selenium.remote.ElementLocation.findElement(ElementLocation.java:59)
	at org.openqa.selenium.remote.RemoteWebDriver.findElement(RemoteWebDriver.java:357)
	at org.openqa.selenium.remote.RemoteWebDriver.findElement(RemoteWebDriver.java:351)
	at org.openqa.selenium.support.pagefactory.DefaultElementLocator.findElement(DefaultElementLocator.java:68)
	at org.openqa.selenium.support.pagefactory.internal.LocatingElementHandler.invoke(LocatingElementHandler.java:38)
	at jdk.proxy2/jdk.proxy2.$Proxy27.getWrappedElement(Unknown Source)
	at org.openqa.selenium.remote.WebElementToJsonConverter.apply(WebElementToJsonConverter.java:48)
	at java.base/java.util.stream.ReferencePipeline$3$1.accept(ReferencePipeline.java:197)
	at java.base/java.util.Spliterators$ArraySpliterator.forEachRemaining(Spliterators.java:1024)
	at java.base/java.util.stream.AbstractPipeline.copyInto(AbstractPipeline.java:509)
	at java.base/java.util.stream.AbstractPipeline.wrapAndCopyInto(AbstractPipeline.java:499)
	at java.base/java.util.stream.ReduceOps$ReduceOp.evaluateSequential(ReduceOps.java:921)
	at java.base/java.util.stream.AbstractPipeline.evaluate(AbstractPipeline.java:234)
	at java.base/java.util.stream.ReferencePipeline.collect(ReferencePipeline.java:682)
	at org.openqa.selenium.remote.RemoteWebDriver.executeScript(RemoteWebDriver.java:463)
	at PageObjects.CartPage.checkout(CartPage.java:72)
	at StepDefinitions.UITest.OrdersPage.FunctionalityStepDefImpl.userLandedOnECommerecePageOrdersPage(FunctionalityStepDefImpl.java:69)
	at ✽.User landed on ECommerece page orders page(file:///C:/Users/santh/Desktop/Ecommerce%20Automation/Selenium/EcommercePractise/src/test/java/FeatureFiles/UITest/OrdersPage/Functionality.feature:52)
... Removed 3 stack frames</pre></div><a href='#' onClick='toggleBox("stack-trace1423738444", this, "Click to show all stack frames", "Click to hide stack frames")'>Click to show all stack frames</a>
<div class='stack-trace' id='stack-trace1423738444'><pre>org.openqa.selenium.NoSuchElementException: no such element: Unable to locate element: {&quot;method&quot;:&quot;css selector&quot;,&quot;selector&quot;:&quot;.totalRow button&quot;}
  (Session info: chrome=130.0.6723.70)
For documentation on this error, please visit: https://www.selenium.dev/documentation/webdriver/troubleshooting/errors#no-such-element-exception
Build info: version: &apos;4.23.0&apos;, revision: &apos;4df0a231af&apos;
System info: os.name: &apos;Windows 11&apos;, os.arch: &apos;amd64&apos;, os.version: &apos;10.0&apos;, java.version: &apos;21.0.5&apos;
Driver info: org.openqa.selenium.chrome.ChromeDriver
Command: [16b9df8327ce28bbc11e9b669b84cee5, findElement {value=.totalRow button, using=css selector}]
Capabilities {acceptInsecureCerts: false, browserName: chrome, browserVersion: 130.0.6723.70, chrome: {chromedriverVersion: 130.0.6723.116 (6ac35f94ae3..., userDataDir: C:\Users\santh\AppData\Loca...}, fedcm:accounts: true, goog:chromeOptions: {debuggerAddress: localhost:55910}, networkConnectionEnabled: false, pageLoadStrategy: normal, platformName: windows, proxy: Proxy(), se:cdp: ws://localhost:55910/devtoo..., se:cdpVersion: 130.0.6723.70, setWindowRect: true, strictFileInteractability: false, timeouts: {implicit: 0, pageLoad: 300000, script: 30000}, unhandledPromptBehavior: dismiss and notify, webauthn:extension:credBlob: true, webauthn:extension:largeBlob: true, webauthn:extension:minPinLength: true, webauthn:extension:prf: true, webauthn:virtualAuthenticators: true}
Session ID: 16b9df8327ce28bbc11e9b669b84cee5
	at java.base/jdk.internal.reflect.DirectConstructorHandleAccessor.newInstance(DirectConstructorHandleAccessor.java:62)
	at java.base/java.lang.reflect.Constructor.newInstanceWithCaller(Constructor.java:502)
	at java.base/java.lang.reflect.Constructor.newInstance(Constructor.java:486)
	at org.openqa.selenium.remote.ErrorCodec.decode(ErrorCodec.java:167)
	at org.openqa.selenium.remote.codec.w3c.W3CHttpResponseCodec.decode(W3CHttpResponseCodec.java:138)
	at org.openqa.selenium.remote.codec.w3c.W3CHttpResponseCodec.decode(W3CHttpResponseCodec.java:50)
	at org.openqa.selenium.remote.HttpCommandExecutor.execute(HttpCommandExecutor.java:190)
	at org.openqa.selenium.remote.service.DriverCommandExecutor.invokeExecute(DriverCommandExecutor.java:216)
	at org.openqa.selenium.remote.service.DriverCommandExecutor.execute(DriverCommandExecutor.java:174)
	at org.openqa.selenium.remote.RemoteWebDriver.execute(RemoteWebDriver.java:527)
	at org.openqa.selenium.remote.ElementLocation$ElementFinder$2.findElement(ElementLocation.java:165)
	at org.openqa.selenium.remote.ElementLocation.findElement(ElementLocation.java:59)
	at org.openqa.selenium.remote.RemoteWebDriver.findElement(RemoteWebDriver.java:357)
	at org.openqa.selenium.remote.RemoteWebDriver.findElement(RemoteWebDriver.java:351)
	at org.openqa.selenium.support.pagefactory.DefaultElementLocator.findElement(DefaultElementLocator.java:68)
	at org.openqa.selenium.support.pagefactory.internal.LocatingElementHandler.invoke(LocatingElementHandler.java:38)
	at jdk.proxy2/jdk.proxy2.$Proxy27.getWrappedElement(Unknown Source)
	at org.openqa.selenium.remote.WebElementToJsonConverter.apply(WebElementToJsonConverter.java:48)
	at java.base/java.util.stream.ReferencePipeline$3$1.accept(ReferencePipeline.java:197)
	at java.base/java.util.Spliterators$ArraySpliterator.forEachRemaining(Spliterators.java:1024)
	at java.base/java.util.stream.AbstractPipeline.copyInto(AbstractPipeline.java:509)
	at java.base/java.util.stream.AbstractPipeline.wrapAndCopyInto(AbstractPipeline.java:499)
	at java.base/java.util.stream.ReduceOps$ReduceOp.evaluateSequential(ReduceOps.java:921)
	at java.base/java.util.stream.AbstractPipeline.evaluate(AbstractPipeline.java:234)
	at java.base/java.util.stream.ReferencePipeline.collect(ReferencePipeline.java:682)
	at org.openqa.selenium.remote.RemoteWebDriver.executeScript(RemoteWebDriver.java:463)
	at PageObjects.CartPage.checkout(CartPage.java:72)
	at StepDefinitions.UITest.OrdersPage.FunctionalityStepDefImpl.userLandedOnECommerecePageOrdersPage(FunctionalityStepDefImpl.java:69)
	at ✽.User landed on ECommerece page orders page(file:///C:/Users/santh/Desktop/Ecommerce%20Automation/Selenium/EcommercePractise/src/test/java/FeatureFiles/UITest/OrdersPage/Functionality.feature:52)
</pre></div></td>
<td>43</td>
<td>TestNGTestRunner@7e07db1f</td></tr>
<tr>
<td title='TestNGTestRunner.runScenario()'><b>runScenario</b><br>Test class: TestNGTestRunner<br>Test method: Runs Cucumber Scenarios<br>Parameters: "Register API by providing all valid details", "Register API functionality"</td>
<td><div><pre>java.lang.AssertionError: 1 expectation failed.
Expected status code &lt;200&gt; but was &lt;400&gt;.

	at org.codehaus.groovy.runtime.callsite.ConstructorSite$ConstructorSiteNoUnwrapNoCoerce.callConstructor(ConstructorSite.java:108)
	at org.codehaus.groovy.runtime.callsite.AbstractCallSite.callConstructor(AbstractCallSite.java:277)
	at io.restassured.internal.ResponseSpecificationImpl$HamcrestAssertionClosure.validate(ResponseSpecificationImpl.groovy:512)
	at io.restassured.internal.ResponseSpecificationImpl$HamcrestAssertionClosure$validate$1.call(Unknown Source)
	at io.restassured.internal.ResponseSpecificationImpl.validate(ResponseSpecificationImpl.groovy:101)
	at io.restassured.internal.ValidatableResponseOptionsImpl.spec(ValidatableResponseOptionsImpl.java:288)
	at StepDefinitions.APITest.RegisterAPI.FunctionalityStepDefImpl.userSendsRegisterRequest(FunctionalityStepDefImpl.java:48)
	at ✽.User sends register request(file:///C:/Users/santh/Desktop/Ecommerce%20Automation/Selenium/EcommercePractise/src/test/java/FeatureFiles/APITest/RegisterAPI/Functionality.feature:6)
... Removed 4 stack frames</pre></div><a href='#' onClick='toggleBox("stack-trace1130869716", this, "Click to show all stack frames", "Click to hide stack frames")'>Click to show all stack frames</a>
<div class='stack-trace' id='stack-trace1130869716'><pre>java.lang.AssertionError: 1 expectation failed.
Expected status code &lt;200&gt; but was &lt;400&gt;.

	at java.base/jdk.internal.reflect.DirectConstructorHandleAccessor.newInstance(DirectConstructorHandleAccessor.java:62)
	at java.base/java.lang.reflect.Constructor.newInstanceWithCaller(Constructor.java:502)
	at java.base/java.lang.reflect.Constructor.newInstance(Constructor.java:486)
	at org.codehaus.groovy.reflection.CachedConstructor.invoke(CachedConstructor.java:73)
	at org.codehaus.groovy.runtime.callsite.ConstructorSite$ConstructorSiteNoUnwrapNoCoerce.callConstructor(ConstructorSite.java:108)
	at org.codehaus.groovy.runtime.callsite.AbstractCallSite.callConstructor(AbstractCallSite.java:277)
	at io.restassured.internal.ResponseSpecificationImpl$HamcrestAssertionClosure.validate(ResponseSpecificationImpl.groovy:512)
	at io.restassured.internal.ResponseSpecificationImpl$HamcrestAssertionClosure$validate$1.call(Unknown Source)
	at io.restassured.internal.ResponseSpecificationImpl.validate(ResponseSpecificationImpl.groovy:101)
	at io.restassured.internal.ValidatableResponseOptionsImpl.spec(ValidatableResponseOptionsImpl.java:288)
	at StepDefinitions.APITest.RegisterAPI.FunctionalityStepDefImpl.userSendsRegisterRequest(FunctionalityStepDefImpl.java:48)
	at ✽.User sends register request(file:///C:/Users/santh/Desktop/Ecommerce%20Automation/Selenium/EcommercePractise/src/test/java/FeatureFiles/APITest/RegisterAPI/Functionality.feature:6)
</pre></div></td>
<td>2</td>
<td>TestNGTestRunner@7e07db1f</td></tr>
<tr>
<td title='TestNGTestRunner.runScenario()'><b>runScenario</b><br>Test class: TestNGTestRunner<br>Test method: Runs Cucumber Scenarios<br>Parameters: "User provides all correct details and user is registered successfully", "Register page functionality"</td>
<td><div><pre>org.openqa.selenium.TimeoutException: Expected condition failed: waiting for visibility of Proxy element for: DefaultElementLocator &apos;By.xpath: //h1[normalize-space()=&apos;Account Created Successfully&apos;]&apos; (tried for 5 second(s) with 500 milliseconds interval)
	at org.openqa.selenium.support.ui.WebDriverWait.timeoutException(WebDriverWait.java:84)
	at org.openqa.selenium.support.ui.FluentWait.until(FluentWait.java:228)
	at Util.Utility.waitForWebElementToAppear(Utility.java:32)
	at PageObjects.RegisterPage.getSuccessMessage(RegisterPage.java:174)
	at StepDefinitions.UITest.RegisterPage.FunctionalityStepDefImpl.user_provied_correct_details(FunctionalityStepDefImpl.java:78)
	at ✽.User provied santhosh sai wstfvfmvbhbjhfg@gmail.com 1234567890 Student Male 151Fa04124@4517 151Fa04124@4517 true and submits form with correct details(file:///C:/Users/santh/Desktop/Ecommerce%20Automation/Selenium/EcommercePractise/src/test/java/FeatureFiles/UITest/RegisterPage/Functionality.feature:12)
Caused by: org.openqa.selenium.NoSuchElementException: no such element: Unable to locate element: {&quot;method&quot;:&quot;xpath&quot;,&quot;selector&quot;:&quot;//h1[normalize-space()=&apos;Account Created Successfully&apos;]&quot;}
  (Session info: chrome=130.0.6723.70)
For documentation on this error, please visit: https://www.selenium.dev/documentation/webdriver/troubleshooting/errors#no-such-element-exception
Build info: version: &apos;4.23.0&apos;, revision: &apos;4df0a231af&apos;
System info: os.name: &apos;Windows 11&apos;, os.arch: &apos;amd64&apos;, os.version: &apos;10.0&apos;, java.version: &apos;21.0.5&apos;
Driver info: org.openqa.selenium.chrome.ChromeDriver
Command: [598740e4a115c001310671722b0e7683, findElement {value=//h1[normalize-space()=&apos;Account Created Successfully&apos;], using=xpath}]
Capabilities {acceptInsecureCerts: false, browserName: chrome, browserVersion: 130.0.6723.70, chrome: {chromedriverVersion: 130.0.6723.116 (6ac35f94ae3..., userDataDir: C:\Users\santh\AppData\Loca...}, fedcm:accounts: true, goog:chromeOptions: {debuggerAddress: localhost:56710}, networkConnectionEnabled: false, pageLoadStrategy: normal, platformName: windows, proxy: Proxy(), se:cdp: ws://localhost:56710/devtoo..., se:cdpVersion: 130.0.6723.70, setWindowRect: true, strictFileInteractability: false, timeouts: {implicit: 0, pageLoad: 300000, script: 30000}, unhandledPromptBehavior: dismiss and notify, webauthn:extension:credBlob: true, webauthn:extension:largeBlob: true, webauthn:extension:minPinLength: true, webauthn:extension:prf: true, webauthn:virtualAuthenticators: true}
Session ID: 598740e4a115c001310671722b0e7683
	at org.openqa.selenium.remote.ErrorCodec.decode(ErrorCodec.java:167)
	at org.openqa.selenium.remote.codec.w3c.W3CHttpResponseCodec.decode(W3CHttpResponseCodec.java:138)
	at org.openqa.selenium.remote.codec.w3c.W3CHttpResponseCodec.decode(W3CHttpResponseCodec.java:50)
	at org.openqa.selenium.remote.HttpCommandExecutor.execute(HttpCommandExecutor.java:190)
	at org.openqa.selenium.remote.service.DriverCommandExecutor.invokeExecute(DriverCommandExecutor.java:216)
	at org.openqa.selenium.remote.service.DriverCommandExecutor.execute(DriverCommandExecutor.java:174)
	at org.openqa.selenium.remote.RemoteWebDriver.execute(RemoteWebDriver.java:527)
	at org.openqa.selenium.remote.ElementLocation$ElementFinder$2.findElement(ElementLocation.java:165)
	at org.openqa.selenium.remote.ElementLocation.findElement(ElementLocation.java:59)
	at org.openqa.selenium.remote.RemoteWebDriver.findElement(RemoteWebDriver.java:357)
	at org.openqa.selenium.remote.RemoteWebDriver.findElement(RemoteWebDriver.java:351)
	at org.openqa.selenium.support.pagefactory.DefaultElementLocator.findElement(DefaultElementLocator.java:68)
	at org.openqa.selenium.support.pagefactory.internal.LocatingElementHandler.invoke(LocatingElementHandler.java:38)
	at jdk.proxy2/jdk.proxy2.$Proxy27.isDisplayed(Unknown Source)
	at org.openqa.selenium.support.ui.ExpectedConditions.elementIfVisible(ExpectedConditions.java:304)
	at org.openqa.selenium.support.ui.ExpectedConditions$10.apply(ExpectedConditions.java:290)
	at org.openqa.selenium.support.ui.ExpectedConditions$10.apply(ExpectedConditions.java:287)
	at org.openqa.selenium.support.ui.FluentWait.until(FluentWait.java:203)
	at Util.Utility.waitForWebElementToAppear(Utility.java:32)
	at PageObjects.RegisterPage.getSuccessMessage(RegisterPage.java:174)
	at StepDefinitions.UITest.RegisterPage.FunctionalityStepDefImpl.user_provied_correct_details(FunctionalityStepDefImpl.java:78)
	at io.cucumber.java.Invoker.doInvoke(Invoker.java:66)
	at io.cucumber.java.Invoker.invoke(Invoker.java:24)
	at io.cucumber.java.AbstractGlueDefinition.invokeMethod(AbstractGlueDefinition.java:47)
	at io.cucumber.java.JavaStepDefinition.execute(JavaStepDefinition.java:29)
	at io.cucumber.core.runner.CoreStepDefinition.execute(CoreStepDefinition.java:66)
	at io.cucumber.core.runner.PickleStepDefinitionMatch.runStep(PickleStepDefinitionMatch.java:63)
	at io.cucumber.core.runner.ExecutionMode$1.execute(ExecutionMode.java:10)
	at io.cucumber.core.runner.TestStep.executeStep(TestStep.java:81)
	at io.cucumber.core.runner.TestStep.run(TestStep.java:53)
	at io.cucumber.core.runner.PickleStepTestStep.run(PickleStepTestStep.java:51)
	at io.cucumber.core.runner.TestCase.run(TestCase.java:84)
	at io.cucumber.core.runner.Runner.runPickle(Runner.java:75)
	at io.cucumber.testng.TestNGCucumberRunner.lambda$runScenario$1(TestNGCucumberRunner.java:132)
	at io.cucumber.core.runtime.CucumberExecutionContext.lambda$runTestCase$5(CucumberExecutionContext.java:136)
	at io.cucumber.core.runtime.RethrowingThrowableCollector.executeAndThrow(RethrowingThrowableCollector.java:23)
	at io.cucumber.core.runtime.CucumberExecutionContext.runTestCase(CucumberExecutionContext.java:136)
	at io.cucumber.testng.TestNGCucumberRunner.runScenario(TestNGCucumberRunner.java:129)
	at io.cucumber.testng.AbstractTestNGCucumberTests.runScenario(AbstractTestNGCucumberTests.java:35)
	at java.base/java.util.concurrent.ThreadPoolExecutor.runWorker(ThreadPoolExecutor.java:1144)
	at java.base/java.util.concurrent.ThreadPoolExecutor$Worker.run(ThreadPoolExecutor.java:642)
	at java.base/java.lang.Thread.run(Thread.java:1583)
... Removed 12 stack frames</pre></div><a href='#' onClick='toggleBox("stack-trace1327604178", this, "Click to show all stack frames", "Click to hide stack frames")'>Click to show all stack frames</a>
<div class='stack-trace' id='stack-trace1327604178'><pre>org.openqa.selenium.TimeoutException: Expected condition failed: waiting for visibility of Proxy element for: DefaultElementLocator &apos;By.xpath: //h1[normalize-space()=&apos;Account Created Successfully&apos;]&apos; (tried for 5 second(s) with 500 milliseconds interval)
	at org.openqa.selenium.support.ui.WebDriverWait.timeoutException(WebDriverWait.java:84)
	at org.openqa.selenium.support.ui.FluentWait.until(FluentWait.java:228)
	at Util.Utility.waitForWebElementToAppear(Utility.java:32)
	at PageObjects.RegisterPage.getSuccessMessage(RegisterPage.java:174)
	at StepDefinitions.UITest.RegisterPage.FunctionalityStepDefImpl.user_provied_correct_details(FunctionalityStepDefImpl.java:78)
	at ✽.User provied santhosh sai wstfvfmvbhbjhfg@gmail.com 1234567890 Student Male 151Fa04124@4517 151Fa04124@4517 true and submits form with correct details(file:///C:/Users/santh/Desktop/Ecommerce%20Automation/Selenium/EcommercePractise/src/test/java/FeatureFiles/UITest/RegisterPage/Functionality.feature:12)
Caused by: org.openqa.selenium.NoSuchElementException: no such element: Unable to locate element: {&quot;method&quot;:&quot;xpath&quot;,&quot;selector&quot;:&quot;//h1[normalize-space()=&apos;Account Created Successfully&apos;]&quot;}
  (Session info: chrome=130.0.6723.70)
For documentation on this error, please visit: https://www.selenium.dev/documentation/webdriver/troubleshooting/errors#no-such-element-exception
Build info: version: &apos;4.23.0&apos;, revision: &apos;4df0a231af&apos;
System info: os.name: &apos;Windows 11&apos;, os.arch: &apos;amd64&apos;, os.version: &apos;10.0&apos;, java.version: &apos;21.0.5&apos;
Driver info: org.openqa.selenium.chrome.ChromeDriver
Command: [598740e4a115c001310671722b0e7683, findElement {value=//h1[normalize-space()=&apos;Account Created Successfully&apos;], using=xpath}]
Capabilities {acceptInsecureCerts: false, browserName: chrome, browserVersion: 130.0.6723.70, chrome: {chromedriverVersion: 130.0.6723.116 (6ac35f94ae3..., userDataDir: C:\Users\santh\AppData\Loca...}, fedcm:accounts: true, goog:chromeOptions: {debuggerAddress: localhost:56710}, networkConnectionEnabled: false, pageLoadStrategy: normal, platformName: windows, proxy: Proxy(), se:cdp: ws://localhost:56710/devtoo..., se:cdpVersion: 130.0.6723.70, setWindowRect: true, strictFileInteractability: false, timeouts: {implicit: 0, pageLoad: 300000, script: 30000}, unhandledPromptBehavior: dismiss and notify, webauthn:extension:credBlob: true, webauthn:extension:largeBlob: true, webauthn:extension:minPinLength: true, webauthn:extension:prf: true, webauthn:virtualAuthenticators: true}
Session ID: 598740e4a115c001310671722b0e7683
	at java.base/jdk.internal.reflect.DirectConstructorHandleAccessor.newInstance(DirectConstructorHandleAccessor.java:62)
	at java.base/java.lang.reflect.Constructor.newInstanceWithCaller(Constructor.java:502)
	at java.base/java.lang.reflect.Constructor.newInstance(Constructor.java:486)
	at org.openqa.selenium.remote.ErrorCodec.decode(ErrorCodec.java:167)
	at org.openqa.selenium.remote.codec.w3c.W3CHttpResponseCodec.decode(W3CHttpResponseCodec.java:138)
	at org.openqa.selenium.remote.codec.w3c.W3CHttpResponseCodec.decode(W3CHttpResponseCodec.java:50)
	at org.openqa.selenium.remote.HttpCommandExecutor.execute(HttpCommandExecutor.java:190)
	at org.openqa.selenium.remote.service.DriverCommandExecutor.invokeExecute(DriverCommandExecutor.java:216)
	at org.openqa.selenium.remote.service.DriverCommandExecutor.execute(DriverCommandExecutor.java:174)
	at org.openqa.selenium.remote.RemoteWebDriver.execute(RemoteWebDriver.java:527)
	at org.openqa.selenium.remote.ElementLocation$ElementFinder$2.findElement(ElementLocation.java:165)
	at org.openqa.selenium.remote.ElementLocation.findElement(ElementLocation.java:59)
	at org.openqa.selenium.remote.RemoteWebDriver.findElement(RemoteWebDriver.java:357)
	at org.openqa.selenium.remote.RemoteWebDriver.findElement(RemoteWebDriver.java:351)
	at org.openqa.selenium.support.pagefactory.DefaultElementLocator.findElement(DefaultElementLocator.java:68)
	at org.openqa.selenium.support.pagefactory.internal.LocatingElementHandler.invoke(LocatingElementHandler.java:38)
	at jdk.proxy2/jdk.proxy2.$Proxy27.isDisplayed(Unknown Source)
	at org.openqa.selenium.support.ui.ExpectedConditions.elementIfVisible(ExpectedConditions.java:304)
	at org.openqa.selenium.support.ui.ExpectedConditions$10.apply(ExpectedConditions.java:290)
	at org.openqa.selenium.support.ui.ExpectedConditions$10.apply(ExpectedConditions.java:287)
	at org.openqa.selenium.support.ui.FluentWait.until(FluentWait.java:203)
	at Util.Utility.waitForWebElementToAppear(Utility.java:32)
	at PageObjects.RegisterPage.getSuccessMessage(RegisterPage.java:174)
	at StepDefinitions.UITest.RegisterPage.FunctionalityStepDefImpl.user_provied_correct_details(FunctionalityStepDefImpl.java:78)
	at java.base/jdk.internal.reflect.DirectMethodHandleAccessor.invoke(DirectMethodHandleAccessor.java:103)
	at java.base/java.lang.reflect.Method.invoke(Method.java:580)
	at io.cucumber.java.Invoker.doInvoke(Invoker.java:66)
	at io.cucumber.java.Invoker.invoke(Invoker.java:24)
	at io.cucumber.java.AbstractGlueDefinition.invokeMethod(AbstractGlueDefinition.java:47)
	at io.cucumber.java.JavaStepDefinition.execute(JavaStepDefinition.java:29)
	at io.cucumber.core.runner.CoreStepDefinition.execute(CoreStepDefinition.java:66)
	at io.cucumber.core.runner.PickleStepDefinitionMatch.runStep(PickleStepDefinitionMatch.java:63)
	at io.cucumber.core.runner.ExecutionMode$1.execute(ExecutionMode.java:10)
	at io.cucumber.core.runner.TestStep.executeStep(TestStep.java:81)
	at io.cucumber.core.runner.TestStep.run(TestStep.java:53)
	at io.cucumber.core.runner.PickleStepTestStep.run(PickleStepTestStep.java:51)
	at io.cucumber.core.runner.TestCase.run(TestCase.java:84)
	at io.cucumber.core.runner.Runner.runPickle(Runner.java:75)
	at io.cucumber.testng.TestNGCucumberRunner.lambda$runScenario$1(TestNGCucumberRunner.java:132)
	at io.cucumber.core.runtime.CucumberExecutionContext.lambda$runTestCase$5(CucumberExecutionContext.java:136)
	at io.cucumber.core.runtime.RethrowingThrowableCollector.executeAndThrow(RethrowingThrowableCollector.java:23)
	at io.cucumber.core.runtime.CucumberExecutionContext.runTestCase(CucumberExecutionContext.java:136)
	at io.cucumber.testng.TestNGCucumberRunner.runScenario(TestNGCucumberRunner.java:129)
	at io.cucumber.testng.AbstractTestNGCucumberTests.runScenario(AbstractTestNGCucumberTests.java:35)
	at java.base/jdk.internal.reflect.DirectMethodHandleAccessor.invoke(DirectMethodHandleAccessor.java:103)
	at java.base/java.lang.reflect.Method.invoke(Method.java:580)
	at org.testng.internal.invokers.MethodInvocationHelper.invokeMethod(MethodInvocationHelper.java:141)
	at org.testng.internal.invokers.TestInvoker.invokeMethod(TestInvoker.java:686)
	at org.testng.internal.invokers.TestInvoker.invokeTestMethod(TestInvoker.java:230)
	at org.testng.internal.invokers.TestMethodWithDataProviderMethodWorker.call(TestMethodWithDataProviderMethodWorker.java:81)
	at org.testng.internal.thread.Async$AsyncTask.run(Async.java:34)
	at java.base/java.util.concurrent.ThreadPoolExecutor.runWorker(ThreadPoolExecutor.java:1144)
	at java.base/java.util.concurrent.ThreadPoolExecutor$Worker.run(ThreadPoolExecutor.java:642)
	at java.base/java.lang.Thread.run(Thread.java:1583)
</pre></div></td>
<td>18</td>
<td>TestNGTestRunner@7e07db1f</td></tr>
<tr>
<td title='TestNGTestRunner.runScenario()'><b>runScenario</b><br>Test class: TestNGTestRunner<br>Test method: Runs Cucumber Scenarios<br>Parameters: "Orders button", "Checkout Page functionality"</td>
<td><div><pre>java.lang.IndexOutOfBoundsException: Index 0 out of bounds for length 0
	at java.base/jdk.internal.util.Preconditions.outOfBounds(Preconditions.java:100)
	at java.base/jdk.internal.util.Preconditions.outOfBoundsCheckIndex(Preconditions.java:106)
	at java.base/jdk.internal.util.Preconditions.checkIndex(Preconditions.java:302)
	at java.base/java.util.Objects.checkIndex(Objects.java:385)
	at java.base/java.util.ArrayList.get(ArrayList.java:427)
	at org.openqa.selenium.support.pagefactory.internal.LocatingElementListHandler.invoke(LocatingElementListHandler.java:39)
	at jdk.proxy2/jdk.proxy2.$Proxy28.get(Unknown Source)
	at StepDefinitions.UITest.CheckoutPage.FunctionalityStepDefImpl.userLandedOnECommerecePageCheckoutPage(FunctionalityStepDefImpl.java:58)
	at ✽.User landed on ECommerece page checkout page(file:///C:/Users/santh/Desktop/Ecommerce%20Automation/Selenium/EcommercePractise/src/test/java/FeatureFiles/UITest/CheckoutPage/Functionality.feature:11)
... Removed 2 stack frames</pre></div><a href='#' onClick='toggleBox("stack-trace495795", this, "Click to show all stack frames", "Click to hide stack frames")'>Click to show all stack frames</a>
<div class='stack-trace' id='stack-trace495795'><pre>java.lang.IndexOutOfBoundsException: Index 0 out of bounds for length 0
	at java.base/jdk.internal.util.Preconditions.outOfBounds(Preconditions.java:100)
	at java.base/jdk.internal.util.Preconditions.outOfBoundsCheckIndex(Preconditions.java:106)
	at java.base/jdk.internal.util.Preconditions.checkIndex(Preconditions.java:302)
	at java.base/java.util.Objects.checkIndex(Objects.java:385)
	at java.base/java.util.ArrayList.get(ArrayList.java:427)
	at java.base/jdk.internal.reflect.DirectMethodHandleAccessor.invoke(DirectMethodHandleAccessor.java:103)
	at java.base/java.lang.reflect.Method.invoke(Method.java:580)
	at org.openqa.selenium.support.pagefactory.internal.LocatingElementListHandler.invoke(LocatingElementListHandler.java:39)
	at jdk.proxy2/jdk.proxy2.$Proxy28.get(Unknown Source)
	at StepDefinitions.UITest.CheckoutPage.FunctionalityStepDefImpl.userLandedOnECommerecePageCheckoutPage(FunctionalityStepDefImpl.java:58)
	at ✽.User landed on ECommerece page checkout page(file:///C:/Users/santh/Desktop/Ecommerce%20Automation/Selenium/EcommercePractise/src/test/java/FeatureFiles/UITest/CheckoutPage/Functionality.feature:11)
</pre></div></td>
<td>30</td>
<td>TestNGTestRunner@7e07db1f</td></tr>
<tr>
<td title='TestNGTestRunner.runScenario()'><b>runScenario</b><br>Test class: TestNGTestRunner<br>Test method: Runs Cucumber Scenarios<br>Parameters: "Logo", "Order confirmation Page functionality"</td>
<td><div><pre>org.openqa.selenium.NoSuchElementException: no such element: Unable to locate element: {&quot;method&quot;:&quot;css selector&quot;,&quot;selector&quot;:&quot;.totalRow button&quot;}
  (Session info: chrome=130.0.6723.70)
For documentation on this error, please visit: https://www.selenium.dev/documentation/webdriver/troubleshooting/errors#no-such-element-exception
Build info: version: &apos;4.23.0&apos;, revision: &apos;4df0a231af&apos;
System info: os.name: &apos;Windows 11&apos;, os.arch: &apos;amd64&apos;, os.version: &apos;10.0&apos;, java.version: &apos;21.0.5&apos;
Driver info: org.openqa.selenium.chrome.ChromeDriver
Command: [1bd272459ee5958c6b2c930abc17d064, findElement {value=.totalRow button, using=css selector}]
Capabilities {acceptInsecureCerts: false, browserName: chrome, browserVersion: 130.0.6723.70, chrome: {chromedriverVersion: 130.0.6723.116 (6ac35f94ae3..., userDataDir: C:\Users\santh\AppData\Loca...}, fedcm:accounts: true, goog:chromeOptions: {debuggerAddress: localhost:55707}, networkConnectionEnabled: false, pageLoadStrategy: normal, platformName: windows, proxy: Proxy(), se:cdp: ws://localhost:55707/devtoo..., se:cdpVersion: 130.0.6723.70, setWindowRect: true, strictFileInteractability: false, timeouts: {implicit: 0, pageLoad: 300000, script: 30000}, unhandledPromptBehavior: dismiss and notify, webauthn:extension:credBlob: true, webauthn:extension:largeBlob: true, webauthn:extension:minPinLength: true, webauthn:extension:prf: true, webauthn:virtualAuthenticators: true}
Session ID: 1bd272459ee5958c6b2c930abc17d064
	at org.openqa.selenium.remote.ErrorCodec.decode(ErrorCodec.java:167)
	at org.openqa.selenium.remote.codec.w3c.W3CHttpResponseCodec.decode(W3CHttpResponseCodec.java:138)
	at org.openqa.selenium.remote.codec.w3c.W3CHttpResponseCodec.decode(W3CHttpResponseCodec.java:50)
	at org.openqa.selenium.remote.HttpCommandExecutor.execute(HttpCommandExecutor.java:190)
	at org.openqa.selenium.remote.service.DriverCommandExecutor.invokeExecute(DriverCommandExecutor.java:216)
	at org.openqa.selenium.remote.service.DriverCommandExecutor.execute(DriverCommandExecutor.java:174)
	at org.openqa.selenium.remote.RemoteWebDriver.execute(RemoteWebDriver.java:527)
	at org.openqa.selenium.remote.ElementLocation$ElementFinder$2.findElement(ElementLocation.java:165)
	at org.openqa.selenium.remote.ElementLocation.findElement(ElementLocation.java:59)
	at org.openqa.selenium.remote.RemoteWebDriver.findElement(RemoteWebDriver.java:357)
	at org.openqa.selenium.remote.RemoteWebDriver.findElement(RemoteWebDriver.java:351)
	at org.openqa.selenium.support.pagefactory.DefaultElementLocator.findElement(DefaultElementLocator.java:68)
	at org.openqa.selenium.support.pagefactory.internal.LocatingElementHandler.invoke(LocatingElementHandler.java:38)
	at jdk.proxy2/jdk.proxy2.$Proxy27.getWrappedElement(Unknown Source)
	at org.openqa.selenium.remote.WebElementToJsonConverter.apply(WebElementToJsonConverter.java:48)
	at java.base/java.util.stream.ReferencePipeline$3$1.accept(ReferencePipeline.java:197)
	at java.base/java.util.Spliterators$ArraySpliterator.forEachRemaining(Spliterators.java:1024)
	at java.base/java.util.stream.AbstractPipeline.copyInto(AbstractPipeline.java:509)
	at java.base/java.util.stream.AbstractPipeline.wrapAndCopyInto(AbstractPipeline.java:499)
	at java.base/java.util.stream.ReduceOps$ReduceOp.evaluateSequential(ReduceOps.java:921)
	at java.base/java.util.stream.AbstractPipeline.evaluate(AbstractPipeline.java:234)
	at java.base/java.util.stream.ReferencePipeline.collect(ReferencePipeline.java:682)
	at org.openqa.selenium.remote.RemoteWebDriver.executeScript(RemoteWebDriver.java:463)
	at PageObjects.CartPage.checkout(CartPage.java:72)
	at StepDefinitions.UITest.OrdersPage.FunctionalityStepDefImpl.userLandedOnECommerecePageOrdersPage(FunctionalityStepDefImpl.java:69)
	at ✽.User landed on ECommerece page orders page(file:///C:/Users/santh/Desktop/Ecommerce%20Automation/Selenium/EcommercePractise/src/test/java/FeatureFiles/UITest/OrdersPage/Functionality.feature:29)
... Removed 3 stack frames</pre></div><a href='#' onClick='toggleBox("stack-trace2030890712", this, "Click to show all stack frames", "Click to hide stack frames")'>Click to show all stack frames</a>
<div class='stack-trace' id='stack-trace2030890712'><pre>org.openqa.selenium.NoSuchElementException: no such element: Unable to locate element: {&quot;method&quot;:&quot;css selector&quot;,&quot;selector&quot;:&quot;.totalRow button&quot;}
  (Session info: chrome=130.0.6723.70)
For documentation on this error, please visit: https://www.selenium.dev/documentation/webdriver/troubleshooting/errors#no-such-element-exception
Build info: version: &apos;4.23.0&apos;, revision: &apos;4df0a231af&apos;
System info: os.name: &apos;Windows 11&apos;, os.arch: &apos;amd64&apos;, os.version: &apos;10.0&apos;, java.version: &apos;21.0.5&apos;
Driver info: org.openqa.selenium.chrome.ChromeDriver
Command: [1bd272459ee5958c6b2c930abc17d064, findElement {value=.totalRow button, using=css selector}]
Capabilities {acceptInsecureCerts: false, browserName: chrome, browserVersion: 130.0.6723.70, chrome: {chromedriverVersion: 130.0.6723.116 (6ac35f94ae3..., userDataDir: C:\Users\santh\AppData\Loca...}, fedcm:accounts: true, goog:chromeOptions: {debuggerAddress: localhost:55707}, networkConnectionEnabled: false, pageLoadStrategy: normal, platformName: windows, proxy: Proxy(), se:cdp: ws://localhost:55707/devtoo..., se:cdpVersion: 130.0.6723.70, setWindowRect: true, strictFileInteractability: false, timeouts: {implicit: 0, pageLoad: 300000, script: 30000}, unhandledPromptBehavior: dismiss and notify, webauthn:extension:credBlob: true, webauthn:extension:largeBlob: true, webauthn:extension:minPinLength: true, webauthn:extension:prf: true, webauthn:virtualAuthenticators: true}
Session ID: 1bd272459ee5958c6b2c930abc17d064
	at java.base/jdk.internal.reflect.DirectConstructorHandleAccessor.newInstance(DirectConstructorHandleAccessor.java:62)
	at java.base/java.lang.reflect.Constructor.newInstanceWithCaller(Constructor.java:502)
	at java.base/java.lang.reflect.Constructor.newInstance(Constructor.java:486)
	at org.openqa.selenium.remote.ErrorCodec.decode(ErrorCodec.java:167)
	at org.openqa.selenium.remote.codec.w3c.W3CHttpResponseCodec.decode(W3CHttpResponseCodec.java:138)
	at org.openqa.selenium.remote.codec.w3c.W3CHttpResponseCodec.decode(W3CHttpResponseCodec.java:50)
	at org.openqa.selenium.remote.HttpCommandExecutor.execute(HttpCommandExecutor.java:190)
	at org.openqa.selenium.remote.service.DriverCommandExecutor.invokeExecute(DriverCommandExecutor.java:216)
	at org.openqa.selenium.remote.service.DriverCommandExecutor.execute(DriverCommandExecutor.java:174)
	at org.openqa.selenium.remote.RemoteWebDriver.execute(RemoteWebDriver.java:527)
	at org.openqa.selenium.remote.ElementLocation$ElementFinder$2.findElement(ElementLocation.java:165)
	at org.openqa.selenium.remote.ElementLocation.findElement(ElementLocation.java:59)
	at org.openqa.selenium.remote.RemoteWebDriver.findElement(RemoteWebDriver.java:357)
	at org.openqa.selenium.remote.RemoteWebDriver.findElement(RemoteWebDriver.java:351)
	at org.openqa.selenium.support.pagefactory.DefaultElementLocator.findElement(DefaultElementLocator.java:68)
	at org.openqa.selenium.support.pagefactory.internal.LocatingElementHandler.invoke(LocatingElementHandler.java:38)
	at jdk.proxy2/jdk.proxy2.$Proxy27.getWrappedElement(Unknown Source)
	at org.openqa.selenium.remote.WebElementToJsonConverter.apply(WebElementToJsonConverter.java:48)
	at java.base/java.util.stream.ReferencePipeline$3$1.accept(ReferencePipeline.java:197)
	at java.base/java.util.Spliterators$ArraySpliterator.forEachRemaining(Spliterators.java:1024)
	at java.base/java.util.stream.AbstractPipeline.copyInto(AbstractPipeline.java:509)
	at java.base/java.util.stream.AbstractPipeline.wrapAndCopyInto(AbstractPipeline.java:499)
	at java.base/java.util.stream.ReduceOps$ReduceOp.evaluateSequential(ReduceOps.java:921)
	at java.base/java.util.stream.AbstractPipeline.evaluate(AbstractPipeline.java:234)
	at java.base/java.util.stream.ReferencePipeline.collect(ReferencePipeline.java:682)
	at org.openqa.selenium.remote.RemoteWebDriver.executeScript(RemoteWebDriver.java:463)
	at PageObjects.CartPage.checkout(CartPage.java:72)
	at StepDefinitions.UITest.OrdersPage.FunctionalityStepDefImpl.userLandedOnECommerecePageOrdersPage(FunctionalityStepDefImpl.java:69)
	at ✽.User landed on ECommerece page orders page(file:///C:/Users/santh/Desktop/Ecommerce%20Automation/Selenium/EcommercePractise/src/test/java/FeatureFiles/UITest/OrdersPage/Functionality.feature:29)
</pre></div></td>
<td>45</td>
<td>TestNGTestRunner@7e07db1f</td></tr>
<tr>
<td title='TestNGTestRunner.runScenario()'><b>runScenario</b><br>Test class: TestNGTestRunner<br>Test method: Runs Cucumber Scenarios<br>Parameters: "Delete api is failed", "Order confirmation Page error handling"</td>
<td><div><pre>org.openqa.selenium.NoSuchElementException: no such element: Unable to locate element: {&quot;method&quot;:&quot;css selector&quot;,&quot;selector&quot;:&quot;.totalRow button&quot;}
  (Session info: chrome=130.0.6723.70)
For documentation on this error, please visit: https://www.selenium.dev/documentation/webdriver/troubleshooting/errors#no-such-element-exception
Build info: version: &apos;4.23.0&apos;, revision: &apos;4df0a231af&apos;
System info: os.name: &apos;Windows 11&apos;, os.arch: &apos;amd64&apos;, os.version: &apos;10.0&apos;, java.version: &apos;21.0.5&apos;
Driver info: org.openqa.selenium.chrome.ChromeDriver
Command: [2f25999d1c56cd355fa2a9a7aa52d49e, findElement {value=.totalRow button, using=css selector}]
Capabilities {acceptInsecureCerts: false, browserName: chrome, browserVersion: 130.0.6723.70, chrome: {chromedriverVersion: 130.0.6723.116 (6ac35f94ae3..., userDataDir: C:\Users\santh\AppData\Loca...}, fedcm:accounts: true, goog:chromeOptions: {debuggerAddress: localhost:55580}, networkConnectionEnabled: false, pageLoadStrategy: normal, platformName: windows, proxy: Proxy(), se:cdp: ws://localhost:55580/devtoo..., se:cdpVersion: 130.0.6723.70, setWindowRect: true, strictFileInteractability: false, timeouts: {implicit: 0, pageLoad: 300000, script: 30000}, unhandledPromptBehavior: dismiss and notify, webauthn:extension:credBlob: true, webauthn:extension:largeBlob: true, webauthn:extension:minPinLength: true, webauthn:extension:prf: true, webauthn:virtualAuthenticators: true}
Session ID: 2f25999d1c56cd355fa2a9a7aa52d49e
	at org.openqa.selenium.remote.ErrorCodec.decode(ErrorCodec.java:167)
	at org.openqa.selenium.remote.codec.w3c.W3CHttpResponseCodec.decode(W3CHttpResponseCodec.java:138)
	at org.openqa.selenium.remote.codec.w3c.W3CHttpResponseCodec.decode(W3CHttpResponseCodec.java:50)
	at org.openqa.selenium.remote.HttpCommandExecutor.execute(HttpCommandExecutor.java:190)
	at org.openqa.selenium.remote.service.DriverCommandExecutor.invokeExecute(DriverCommandExecutor.java:216)
	at org.openqa.selenium.remote.service.DriverCommandExecutor.execute(DriverCommandExecutor.java:174)
	at org.openqa.selenium.remote.RemoteWebDriver.execute(RemoteWebDriver.java:527)
	at org.openqa.selenium.remote.ElementLocation$ElementFinder$2.findElement(ElementLocation.java:165)
	at org.openqa.selenium.remote.ElementLocation.findElement(ElementLocation.java:59)
	at org.openqa.selenium.remote.RemoteWebDriver.findElement(RemoteWebDriver.java:357)
	at org.openqa.selenium.remote.RemoteWebDriver.findElement(RemoteWebDriver.java:351)
	at org.openqa.selenium.support.pagefactory.DefaultElementLocator.findElement(DefaultElementLocator.java:68)
	at org.openqa.selenium.support.pagefactory.internal.LocatingElementHandler.invoke(LocatingElementHandler.java:38)
	at jdk.proxy2/jdk.proxy2.$Proxy27.getWrappedElement(Unknown Source)
	at org.openqa.selenium.remote.WebElementToJsonConverter.apply(WebElementToJsonConverter.java:48)
	at java.base/java.util.stream.ReferencePipeline$3$1.accept(ReferencePipeline.java:197)
	at java.base/java.util.Spliterators$ArraySpliterator.forEachRemaining(Spliterators.java:1024)
	at java.base/java.util.stream.AbstractPipeline.copyInto(AbstractPipeline.java:509)
	at java.base/java.util.stream.AbstractPipeline.wrapAndCopyInto(AbstractPipeline.java:499)
	at java.base/java.util.stream.ReduceOps$ReduceOp.evaluateSequential(ReduceOps.java:921)
	at java.base/java.util.stream.AbstractPipeline.evaluate(AbstractPipeline.java:234)
	at java.base/java.util.stream.ReferencePipeline.collect(ReferencePipeline.java:682)
	at org.openqa.selenium.remote.RemoteWebDriver.executeScript(RemoteWebDriver.java:463)
	at PageObjects.CartPage.checkout(CartPage.java:72)
	at StepDefinitions.UITest.OrdersPage.ErrorHandlingStepDefImpl.userLandedOnECommerecePageOrdersPageWhenApiIsDown(ErrorHandlingStepDefImpl.java:63)
	at ✽.User landed on ECommerece page orders page when api is down(file:///C:/Users/santh/Desktop/Ecommerce%20Automation/Selenium/EcommercePractise/src/test/java/FeatureFiles/UITest/OrdersPage/ErrorHandling.feature:10)
... Removed 3 stack frames</pre></div><a href='#' onClick='toggleBox("stack-trace2008083941", this, "Click to show all stack frames", "Click to hide stack frames")'>Click to show all stack frames</a>
<div class='stack-trace' id='stack-trace2008083941'><pre>org.openqa.selenium.NoSuchElementException: no such element: Unable to locate element: {&quot;method&quot;:&quot;css selector&quot;,&quot;selector&quot;:&quot;.totalRow button&quot;}
  (Session info: chrome=130.0.6723.70)
For documentation on this error, please visit: https://www.selenium.dev/documentation/webdriver/troubleshooting/errors#no-such-element-exception
Build info: version: &apos;4.23.0&apos;, revision: &apos;4df0a231af&apos;
System info: os.name: &apos;Windows 11&apos;, os.arch: &apos;amd64&apos;, os.version: &apos;10.0&apos;, java.version: &apos;21.0.5&apos;
Driver info: org.openqa.selenium.chrome.ChromeDriver
Command: [2f25999d1c56cd355fa2a9a7aa52d49e, findElement {value=.totalRow button, using=css selector}]
Capabilities {acceptInsecureCerts: false, browserName: chrome, browserVersion: 130.0.6723.70, chrome: {chromedriverVersion: 130.0.6723.116 (6ac35f94ae3..., userDataDir: C:\Users\santh\AppData\Loca...}, fedcm:accounts: true, goog:chromeOptions: {debuggerAddress: localhost:55580}, networkConnectionEnabled: false, pageLoadStrategy: normal, platformName: windows, proxy: Proxy(), se:cdp: ws://localhost:55580/devtoo..., se:cdpVersion: 130.0.6723.70, setWindowRect: true, strictFileInteractability: false, timeouts: {implicit: 0, pageLoad: 300000, script: 30000}, unhandledPromptBehavior: dismiss and notify, webauthn:extension:credBlob: true, webauthn:extension:largeBlob: true, webauthn:extension:minPinLength: true, webauthn:extension:prf: true, webauthn:virtualAuthenticators: true}
Session ID: 2f25999d1c56cd355fa2a9a7aa52d49e
	at java.base/jdk.internal.reflect.DirectConstructorHandleAccessor.newInstance(DirectConstructorHandleAccessor.java:62)
	at java.base/java.lang.reflect.Constructor.newInstanceWithCaller(Constructor.java:502)
	at java.base/java.lang.reflect.Constructor.newInstance(Constructor.java:486)
	at org.openqa.selenium.remote.ErrorCodec.decode(ErrorCodec.java:167)
	at org.openqa.selenium.remote.codec.w3c.W3CHttpResponseCodec.decode(W3CHttpResponseCodec.java:138)
	at org.openqa.selenium.remote.codec.w3c.W3CHttpResponseCodec.decode(W3CHttpResponseCodec.java:50)
	at org.openqa.selenium.remote.HttpCommandExecutor.execute(HttpCommandExecutor.java:190)
	at org.openqa.selenium.remote.service.DriverCommandExecutor.invokeExecute(DriverCommandExecutor.java:216)
	at org.openqa.selenium.remote.service.DriverCommandExecutor.execute(DriverCommandExecutor.java:174)
	at org.openqa.selenium.remote.RemoteWebDriver.execute(RemoteWebDriver.java:527)
	at org.openqa.selenium.remote.ElementLocation$ElementFinder$2.findElement(ElementLocation.java:165)
	at org.openqa.selenium.remote.ElementLocation.findElement(ElementLocation.java:59)
	at org.openqa.selenium.remote.RemoteWebDriver.findElement(RemoteWebDriver.java:357)
	at org.openqa.selenium.remote.RemoteWebDriver.findElement(RemoteWebDriver.java:351)
	at org.openqa.selenium.support.pagefactory.DefaultElementLocator.findElement(DefaultElementLocator.java:68)
	at org.openqa.selenium.support.pagefactory.internal.LocatingElementHandler.invoke(LocatingElementHandler.java:38)
	at jdk.proxy2/jdk.proxy2.$Proxy27.getWrappedElement(Unknown Source)
	at org.openqa.selenium.remote.WebElementToJsonConverter.apply(WebElementToJsonConverter.java:48)
	at java.base/java.util.stream.ReferencePipeline$3$1.accept(ReferencePipeline.java:197)
	at java.base/java.util.Spliterators$ArraySpliterator.forEachRemaining(Spliterators.java:1024)
	at java.base/java.util.stream.AbstractPipeline.copyInto(AbstractPipeline.java:509)
	at java.base/java.util.stream.AbstractPipeline.wrapAndCopyInto(AbstractPipeline.java:499)
	at java.base/java.util.stream.ReduceOps$ReduceOp.evaluateSequential(ReduceOps.java:921)
	at java.base/java.util.stream.AbstractPipeline.evaluate(AbstractPipeline.java:234)
	at java.base/java.util.stream.ReferencePipeline.collect(ReferencePipeline.java:682)
	at org.openqa.selenium.remote.RemoteWebDriver.executeScript(RemoteWebDriver.java:463)
	at PageObjects.CartPage.checkout(CartPage.java:72)
	at StepDefinitions.UITest.OrdersPage.ErrorHandlingStepDefImpl.userLandedOnECommerecePageOrdersPageWhenApiIsDown(ErrorHandlingStepDefImpl.java:63)
	at ✽.User landed on ECommerece page orders page when api is down(file:///C:/Users/santh/Desktop/Ecommerce%20Automation/Selenium/EcommercePractise/src/test/java/FeatureFiles/UITest/OrdersPage/ErrorHandling.feature:10)
</pre></div></td>
<td>41</td>
<td>TestNGTestRunner@7e07db1f</td></tr>
<tr>
<td title='TestNGTestRunner.runScenario()'><b>runScenario</b><br>Test class: TestNGTestRunner<br>Test method: Runs Cucumber Scenarios<br>Parameters: "Orders link", "Order confirmation Page functionality"</td>
<td><div><pre>org.openqa.selenium.NoSuchElementException: no such element: Unable to locate element: {&quot;method&quot;:&quot;css selector&quot;,&quot;selector&quot;:&quot;.totalRow button&quot;}
  (Session info: chrome=130.0.6723.70)
For documentation on this error, please visit: https://www.selenium.dev/documentation/webdriver/troubleshooting/errors#no-such-element-exception
Build info: version: &apos;4.23.0&apos;, revision: &apos;4df0a231af&apos;
System info: os.name: &apos;Windows 11&apos;, os.arch: &apos;amd64&apos;, os.version: &apos;10.0&apos;, java.version: &apos;21.0.5&apos;
Driver info: org.openqa.selenium.chrome.ChromeDriver
Command: [7061e56aa1a6248ae49be3c28387e096, findElement {value=.totalRow button, using=css selector}]
Capabilities {acceptInsecureCerts: false, browserName: chrome, browserVersion: 130.0.6723.70, chrome: {chromedriverVersion: 130.0.6723.116 (6ac35f94ae3..., userDataDir: C:\Users\santh\AppData\Loca...}, fedcm:accounts: true, goog:chromeOptions: {debuggerAddress: localhost:55300}, networkConnectionEnabled: false, pageLoadStrategy: normal, platformName: windows, proxy: Proxy(), se:cdp: ws://localhost:55300/devtoo..., se:cdpVersion: 130.0.6723.70, setWindowRect: true, strictFileInteractability: false, timeouts: {implicit: 0, pageLoad: 300000, script: 30000}, unhandledPromptBehavior: dismiss and notify, webauthn:extension:credBlob: true, webauthn:extension:largeBlob: true, webauthn:extension:minPinLength: true, webauthn:extension:prf: true, webauthn:virtualAuthenticators: true}
Session ID: 7061e56aa1a6248ae49be3c28387e096
	at org.openqa.selenium.remote.ErrorCodec.decode(ErrorCodec.java:167)
	at org.openqa.selenium.remote.codec.w3c.W3CHttpResponseCodec.decode(W3CHttpResponseCodec.java:138)
	at org.openqa.selenium.remote.codec.w3c.W3CHttpResponseCodec.decode(W3CHttpResponseCodec.java:50)
	at org.openqa.selenium.remote.HttpCommandExecutor.execute(HttpCommandExecutor.java:190)
	at org.openqa.selenium.remote.service.DriverCommandExecutor.invokeExecute(DriverCommandExecutor.java:216)
	at org.openqa.selenium.remote.service.DriverCommandExecutor.execute(DriverCommandExecutor.java:174)
	at org.openqa.selenium.remote.RemoteWebDriver.execute(RemoteWebDriver.java:527)
	at org.openqa.selenium.remote.ElementLocation$ElementFinder$2.findElement(ElementLocation.java:165)
	at org.openqa.selenium.remote.ElementLocation.findElement(ElementLocation.java:59)
	at org.openqa.selenium.remote.RemoteWebDriver.findElement(RemoteWebDriver.java:357)
	at org.openqa.selenium.remote.RemoteWebDriver.findElement(RemoteWebDriver.java:351)
	at org.openqa.selenium.support.pagefactory.DefaultElementLocator.findElement(DefaultElementLocator.java:68)
	at org.openqa.selenium.support.pagefactory.internal.LocatingElementHandler.invoke(LocatingElementHandler.java:38)
	at jdk.proxy2/jdk.proxy2.$Proxy27.getWrappedElement(Unknown Source)
	at org.openqa.selenium.remote.WebElementToJsonConverter.apply(WebElementToJsonConverter.java:48)
	at java.base/java.util.stream.ReferencePipeline$3$1.accept(ReferencePipeline.java:197)
	at java.base/java.util.Spliterators$ArraySpliterator.forEachRemaining(Spliterators.java:1024)
	at java.base/java.util.stream.AbstractPipeline.copyInto(AbstractPipeline.java:509)
	at java.base/java.util.stream.AbstractPipeline.wrapAndCopyInto(AbstractPipeline.java:499)
	at java.base/java.util.stream.ReduceOps$ReduceOp.evaluateSequential(ReduceOps.java:921)
	at java.base/java.util.stream.AbstractPipeline.evaluate(AbstractPipeline.java:234)
	at java.base/java.util.stream.ReferencePipeline.collect(ReferencePipeline.java:682)
	at org.openqa.selenium.remote.RemoteWebDriver.executeScript(RemoteWebDriver.java:463)
	at PageObjects.CartPage.checkout(CartPage.java:72)
	at StepDefinitions.UITest.OrderConfirmationPage.FunctionalityStepDefImpl.userLandedOnECommerecePageOrderConfirmationPage(FunctionalityStepDefImpl.java:64)
	at ✽.User landed on ECommerece page order confirmation page(file:///C:/Users/santh/Desktop/Ecommerce%20Automation/Selenium/EcommercePractise/src/test/java/FeatureFiles/UITest/OrderConfirmationPage/Functionality.feature:35)
... Removed 3 stack frames</pre></div><a href='#' onClick='toggleBox("stack-trace195596414", this, "Click to show all stack frames", "Click to hide stack frames")'>Click to show all stack frames</a>
<div class='stack-trace' id='stack-trace195596414'><pre>org.openqa.selenium.NoSuchElementException: no such element: Unable to locate element: {&quot;method&quot;:&quot;css selector&quot;,&quot;selector&quot;:&quot;.totalRow button&quot;}
  (Session info: chrome=130.0.6723.70)
For documentation on this error, please visit: https://www.selenium.dev/documentation/webdriver/troubleshooting/errors#no-such-element-exception
Build info: version: &apos;4.23.0&apos;, revision: &apos;4df0a231af&apos;
System info: os.name: &apos;Windows 11&apos;, os.arch: &apos;amd64&apos;, os.version: &apos;10.0&apos;, java.version: &apos;21.0.5&apos;
Driver info: org.openqa.selenium.chrome.ChromeDriver
Command: [7061e56aa1a6248ae49be3c28387e096, findElement {value=.totalRow button, using=css selector}]
Capabilities {acceptInsecureCerts: false, browserName: chrome, browserVersion: 130.0.6723.70, chrome: {chromedriverVersion: 130.0.6723.116 (6ac35f94ae3..., userDataDir: C:\Users\santh\AppData\Loca...}, fedcm:accounts: true, goog:chromeOptions: {debuggerAddress: localhost:55300}, networkConnectionEnabled: false, pageLoadStrategy: normal, platformName: windows, proxy: Proxy(), se:cdp: ws://localhost:55300/devtoo..., se:cdpVersion: 130.0.6723.70, setWindowRect: true, strictFileInteractability: false, timeouts: {implicit: 0, pageLoad: 300000, script: 30000}, unhandledPromptBehavior: dismiss and notify, webauthn:extension:credBlob: true, webauthn:extension:largeBlob: true, webauthn:extension:minPinLength: true, webauthn:extension:prf: true, webauthn:virtualAuthenticators: true}
Session ID: 7061e56aa1a6248ae49be3c28387e096
	at java.base/jdk.internal.reflect.DirectConstructorHandleAccessor.newInstance(DirectConstructorHandleAccessor.java:62)
	at java.base/java.lang.reflect.Constructor.newInstanceWithCaller(Constructor.java:502)
	at java.base/java.lang.reflect.Constructor.newInstance(Constructor.java:486)
	at org.openqa.selenium.remote.ErrorCodec.decode(ErrorCodec.java:167)
	at org.openqa.selenium.remote.codec.w3c.W3CHttpResponseCodec.decode(W3CHttpResponseCodec.java:138)
	at org.openqa.selenium.remote.codec.w3c.W3CHttpResponseCodec.decode(W3CHttpResponseCodec.java:50)
	at org.openqa.selenium.remote.HttpCommandExecutor.execute(HttpCommandExecutor.java:190)
	at org.openqa.selenium.remote.service.DriverCommandExecutor.invokeExecute(DriverCommandExecutor.java:216)
	at org.openqa.selenium.remote.service.DriverCommandExecutor.execute(DriverCommandExecutor.java:174)
	at org.openqa.selenium.remote.RemoteWebDriver.execute(RemoteWebDriver.java:527)
	at org.openqa.selenium.remote.ElementLocation$ElementFinder$2.findElement(ElementLocation.java:165)
	at org.openqa.selenium.remote.ElementLocation.findElement(ElementLocation.java:59)
	at org.openqa.selenium.remote.RemoteWebDriver.findElement(RemoteWebDriver.java:357)
	at org.openqa.selenium.remote.RemoteWebDriver.findElement(RemoteWebDriver.java:351)
	at org.openqa.selenium.support.pagefactory.DefaultElementLocator.findElement(DefaultElementLocator.java:68)
	at org.openqa.selenium.support.pagefactory.internal.LocatingElementHandler.invoke(LocatingElementHandler.java:38)
	at jdk.proxy2/jdk.proxy2.$Proxy27.getWrappedElement(Unknown Source)
	at org.openqa.selenium.remote.WebElementToJsonConverter.apply(WebElementToJsonConverter.java:48)
	at java.base/java.util.stream.ReferencePipeline$3$1.accept(ReferencePipeline.java:197)
	at java.base/java.util.Spliterators$ArraySpliterator.forEachRemaining(Spliterators.java:1024)
	at java.base/java.util.stream.AbstractPipeline.copyInto(AbstractPipeline.java:509)
	at java.base/java.util.stream.AbstractPipeline.wrapAndCopyInto(AbstractPipeline.java:499)
	at java.base/java.util.stream.ReduceOps$ReduceOp.evaluateSequential(ReduceOps.java:921)
	at java.base/java.util.stream.AbstractPipeline.evaluate(AbstractPipeline.java:234)
	at java.base/java.util.stream.ReferencePipeline.collect(ReferencePipeline.java:682)
	at org.openqa.selenium.remote.RemoteWebDriver.executeScript(RemoteWebDriver.java:463)
	at PageObjects.CartPage.checkout(CartPage.java:72)
	at StepDefinitions.UITest.OrderConfirmationPage.FunctionalityStepDefImpl.userLandedOnECommerecePageOrderConfirmationPage(FunctionalityStepDefImpl.java:64)
	at ✽.User landed on ECommerece page order confirmation page(file:///C:/Users/santh/Desktop/Ecommerce%20Automation/Selenium/EcommercePractise/src/test/java/FeatureFiles/UITest/OrderConfirmationPage/Functionality.feature:35)
</pre></div></td>
<td>42</td>
<td>TestNGTestRunner@7e07db1f</td></tr>
<tr>
<td title='TestNGTestRunner.runScenario()'><b>runScenario</b><br>Test class: TestNGTestRunner<br>Test method: Runs Cucumber Scenarios<br>Parameters: "Cart is cleared when user logs out", "Cart Page functionality"</td>
<td><div><pre>java.lang.AssertionError: expected [2] but found [1]
	at StepDefinitions.UITest.CartPage.FunctionalityStepDefImpl.userAddsProductsToCartAndClicksOnLogout(FunctionalityStepDefImpl.java:116)
	at ✽.User adds products to cart and clicks on logout(file:///C:/Users/santh/Desktop/Ecommerce%20Automation/Selenium/EcommercePractise/src/test/java/FeatureFiles/UITest/CartPage/Functionality.feature:48)
... Removed 7 stack frames</pre></div><a href='#' onClick='toggleBox("stack-trace1687819245", this, "Click to show all stack frames", "Click to hide stack frames")'>Click to show all stack frames</a>
<div class='stack-trace' id='stack-trace1687819245'><pre>java.lang.AssertionError: expected [2] but found [1]
	at org.testng.Assert.fail(Assert.java:111)
	at org.testng.Assert.failNotEquals(Assert.java:1578)
	at org.testng.Assert.assertEqualsImpl(Assert.java:150)
	at org.testng.Assert.assertEquals(Assert.java:132)
	at org.testng.Assert.assertEquals(Assert.java:1419)
	at org.testng.Assert.assertEquals(Assert.java:1383)
	at org.testng.Assert.assertEquals(Assert.java:1429)
	at StepDefinitions.UITest.CartPage.FunctionalityStepDefImpl.userAddsProductsToCartAndClicksOnLogout(FunctionalityStepDefImpl.java:116)
	at ✽.User adds products to cart and clicks on logout(file:///C:/Users/santh/Desktop/Ecommerce%20Automation/Selenium/EcommercePractise/src/test/java/FeatureFiles/UITest/CartPage/Functionality.feature:48)
</pre></div></td>
<td>36</td>
<td>TestNGTestRunner@7e07db1f</td></tr>
<tr>
<td title='TestNGTestRunner.runScenario()'><b>runScenario</b><br>Test class: TestNGTestRunner<br>Test method: Runs Cucumber Scenarios<br>Parameters: "Signout button", "Order confirmation Page functionality"</td>
<td><div><pre>org.openqa.selenium.NoSuchElementException: no such element: Unable to locate element: {&quot;method&quot;:&quot;css selector&quot;,&quot;selector&quot;:&quot;.totalRow button&quot;}
  (Session info: chrome=130.0.6723.70)
For documentation on this error, please visit: https://www.selenium.dev/documentation/webdriver/troubleshooting/errors#no-such-element-exception
Build info: version: &apos;4.23.0&apos;, revision: &apos;4df0a231af&apos;
System info: os.name: &apos;Windows 11&apos;, os.arch: &apos;amd64&apos;, os.version: &apos;10.0&apos;, java.version: &apos;21.0.5&apos;
Driver info: org.openqa.selenium.chrome.ChromeDriver
Command: [04d91f1a895b1df599cb70d5f5308dd1, findElement {value=.totalRow button, using=css selector}]
Capabilities {acceptInsecureCerts: false, browserName: chrome, browserVersion: 130.0.6723.70, chrome: {chromedriverVersion: 130.0.6723.116 (6ac35f94ae3..., userDataDir: C:\Users\santh\AppData\Loca...}, fedcm:accounts: true, goog:chromeOptions: {debuggerAddress: localhost:55676}, networkConnectionEnabled: false, pageLoadStrategy: normal, platformName: windows, proxy: Proxy(), se:cdp: ws://localhost:55676/devtoo..., se:cdpVersion: 130.0.6723.70, setWindowRect: true, strictFileInteractability: false, timeouts: {implicit: 0, pageLoad: 300000, script: 30000}, unhandledPromptBehavior: dismiss and notify, webauthn:extension:credBlob: true, webauthn:extension:largeBlob: true, webauthn:extension:minPinLength: true, webauthn:extension:prf: true, webauthn:virtualAuthenticators: true}
Session ID: 04d91f1a895b1df599cb70d5f5308dd1
	at org.openqa.selenium.remote.ErrorCodec.decode(ErrorCodec.java:167)
	at org.openqa.selenium.remote.codec.w3c.W3CHttpResponseCodec.decode(W3CHttpResponseCodec.java:138)
	at org.openqa.selenium.remote.codec.w3c.W3CHttpResponseCodec.decode(W3CHttpResponseCodec.java:50)
	at org.openqa.selenium.remote.HttpCommandExecutor.execute(HttpCommandExecutor.java:190)
	at org.openqa.selenium.remote.service.DriverCommandExecutor.invokeExecute(DriverCommandExecutor.java:216)
	at org.openqa.selenium.remote.service.DriverCommandExecutor.execute(DriverCommandExecutor.java:174)
	at org.openqa.selenium.remote.RemoteWebDriver.execute(RemoteWebDriver.java:527)
	at org.openqa.selenium.remote.ElementLocation$ElementFinder$2.findElement(ElementLocation.java:165)
	at org.openqa.selenium.remote.ElementLocation.findElement(ElementLocation.java:59)
	at org.openqa.selenium.remote.RemoteWebDriver.findElement(RemoteWebDriver.java:357)
	at org.openqa.selenium.remote.RemoteWebDriver.findElement(RemoteWebDriver.java:351)
	at org.openqa.selenium.support.pagefactory.DefaultElementLocator.findElement(DefaultElementLocator.java:68)
	at org.openqa.selenium.support.pagefactory.internal.LocatingElementHandler.invoke(LocatingElementHandler.java:38)
	at jdk.proxy2/jdk.proxy2.$Proxy27.getWrappedElement(Unknown Source)
	at org.openqa.selenium.remote.WebElementToJsonConverter.apply(WebElementToJsonConverter.java:48)
	at java.base/java.util.stream.ReferencePipeline$3$1.accept(ReferencePipeline.java:197)
	at java.base/java.util.Spliterators$ArraySpliterator.forEachRemaining(Spliterators.java:1024)
	at java.base/java.util.stream.AbstractPipeline.copyInto(AbstractPipeline.java:509)
	at java.base/java.util.stream.AbstractPipeline.wrapAndCopyInto(AbstractPipeline.java:499)
	at java.base/java.util.stream.ReduceOps$ReduceOp.evaluateSequential(ReduceOps.java:921)
	at java.base/java.util.stream.AbstractPipeline.evaluate(AbstractPipeline.java:234)
	at java.base/java.util.stream.ReferencePipeline.collect(ReferencePipeline.java:682)
	at org.openqa.selenium.remote.RemoteWebDriver.executeScript(RemoteWebDriver.java:463)
	at PageObjects.CartPage.checkout(CartPage.java:72)
	at StepDefinitions.UITest.OrdersPage.FunctionalityStepDefImpl.userLandedOnECommerecePageOrdersPage(FunctionalityStepDefImpl.java:69)
	at ✽.User landed on ECommerece page orders page(file:///C:/Users/santh/Desktop/Ecommerce%20Automation/Selenium/EcommercePractise/src/test/java/FeatureFiles/UITest/OrdersPage/Functionality.feature:17)
... Removed 3 stack frames</pre></div><a href='#' onClick='toggleBox("stack-trace691306787", this, "Click to show all stack frames", "Click to hide stack frames")'>Click to show all stack frames</a>
<div class='stack-trace' id='stack-trace691306787'><pre>org.openqa.selenium.NoSuchElementException: no such element: Unable to locate element: {&quot;method&quot;:&quot;css selector&quot;,&quot;selector&quot;:&quot;.totalRow button&quot;}
  (Session info: chrome=130.0.6723.70)
For documentation on this error, please visit: https://www.selenium.dev/documentation/webdriver/troubleshooting/errors#no-such-element-exception
Build info: version: &apos;4.23.0&apos;, revision: &apos;4df0a231af&apos;
System info: os.name: &apos;Windows 11&apos;, os.arch: &apos;amd64&apos;, os.version: &apos;10.0&apos;, java.version: &apos;21.0.5&apos;
Driver info: org.openqa.selenium.chrome.ChromeDriver
Command: [04d91f1a895b1df599cb70d5f5308dd1, findElement {value=.totalRow button, using=css selector}]
Capabilities {acceptInsecureCerts: false, browserName: chrome, browserVersion: 130.0.6723.70, chrome: {chromedriverVersion: 130.0.6723.116 (6ac35f94ae3..., userDataDir: C:\Users\santh\AppData\Loca...}, fedcm:accounts: true, goog:chromeOptions: {debuggerAddress: localhost:55676}, networkConnectionEnabled: false, pageLoadStrategy: normal, platformName: windows, proxy: Proxy(), se:cdp: ws://localhost:55676/devtoo..., se:cdpVersion: 130.0.6723.70, setWindowRect: true, strictFileInteractability: false, timeouts: {implicit: 0, pageLoad: 300000, script: 30000}, unhandledPromptBehavior: dismiss and notify, webauthn:extension:credBlob: true, webauthn:extension:largeBlob: true, webauthn:extension:minPinLength: true, webauthn:extension:prf: true, webauthn:virtualAuthenticators: true}
Session ID: 04d91f1a895b1df599cb70d5f5308dd1
	at java.base/jdk.internal.reflect.DirectConstructorHandleAccessor.newInstance(DirectConstructorHandleAccessor.java:62)
	at java.base/java.lang.reflect.Constructor.newInstanceWithCaller(Constructor.java:502)
	at java.base/java.lang.reflect.Constructor.newInstance(Constructor.java:486)
	at org.openqa.selenium.remote.ErrorCodec.decode(ErrorCodec.java:167)
	at org.openqa.selenium.remote.codec.w3c.W3CHttpResponseCodec.decode(W3CHttpResponseCodec.java:138)
	at org.openqa.selenium.remote.codec.w3c.W3CHttpResponseCodec.decode(W3CHttpResponseCodec.java:50)
	at org.openqa.selenium.remote.HttpCommandExecutor.execute(HttpCommandExecutor.java:190)
	at org.openqa.selenium.remote.service.DriverCommandExecutor.invokeExecute(DriverCommandExecutor.java:216)
	at org.openqa.selenium.remote.service.DriverCommandExecutor.execute(DriverCommandExecutor.java:174)
	at org.openqa.selenium.remote.RemoteWebDriver.execute(RemoteWebDriver.java:527)
	at org.openqa.selenium.remote.ElementLocation$ElementFinder$2.findElement(ElementLocation.java:165)
	at org.openqa.selenium.remote.ElementLocation.findElement(ElementLocation.java:59)
	at org.openqa.selenium.remote.RemoteWebDriver.findElement(RemoteWebDriver.java:357)
	at org.openqa.selenium.remote.RemoteWebDriver.findElement(RemoteWebDriver.java:351)
	at org.openqa.selenium.support.pagefactory.DefaultElementLocator.findElement(DefaultElementLocator.java:68)
	at org.openqa.selenium.support.pagefactory.internal.LocatingElementHandler.invoke(LocatingElementHandler.java:38)
	at jdk.proxy2/jdk.proxy2.$Proxy27.getWrappedElement(Unknown Source)
	at org.openqa.selenium.remote.WebElementToJsonConverter.apply(WebElementToJsonConverter.java:48)
	at java.base/java.util.stream.ReferencePipeline$3$1.accept(ReferencePipeline.java:197)
	at java.base/java.util.Spliterators$ArraySpliterator.forEachRemaining(Spliterators.java:1024)
	at java.base/java.util.stream.AbstractPipeline.copyInto(AbstractPipeline.java:509)
	at java.base/java.util.stream.AbstractPipeline.wrapAndCopyInto(AbstractPipeline.java:499)
	at java.base/java.util.stream.ReduceOps$ReduceOp.evaluateSequential(ReduceOps.java:921)
	at java.base/java.util.stream.AbstractPipeline.evaluate(AbstractPipeline.java:234)
	at java.base/java.util.stream.ReferencePipeline.collect(ReferencePipeline.java:682)
	at org.openqa.selenium.remote.RemoteWebDriver.executeScript(RemoteWebDriver.java:463)
	at PageObjects.CartPage.checkout(CartPage.java:72)
	at StepDefinitions.UITest.OrdersPage.FunctionalityStepDefImpl.userLandedOnECommerecePageOrdersPage(FunctionalityStepDefImpl.java:69)
	at ✽.User landed on ECommerece page orders page(file:///C:/Users/santh/Desktop/Ecommerce%20Automation/Selenium/EcommercePractise/src/test/java/FeatureFiles/UITest/OrdersPage/Functionality.feature:17)
</pre></div></td>
<td>44</td>
<td>TestNGTestRunner@7e07db1f</td></tr>
<tr>
<td title='TestNGTestRunner.runScenario()'><b>runScenario</b><br>Test class: TestNGTestRunner<br>Test method: Runs Cucumber Scenarios<br>Parameters: "GetAllProducts API with filters", "GetAllProducts API functionality"</td>
<td><div><pre>java.lang.AssertionError: 1 expectation failed.
Expected response time was not a value less than &lt;2000L&gt; milliseconds, was 2190 milliseconds (2190 milliseconds).
	at org.codehaus.groovy.runtime.callsite.ConstructorSite$ConstructorSiteNoUnwrapNoCoerce.callConstructor(ConstructorSite.java:108)
	at org.codehaus.groovy.runtime.callsite.AbstractCallSite.callConstructor(AbstractCallSite.java:277)
	at io.restassured.internal.ResponseSpecificationImpl$HamcrestAssertionClosure.validate(ResponseSpecificationImpl.groovy:512)
	at io.restassured.internal.ResponseSpecificationImpl$HamcrestAssertionClosure$validate$1.call(Unknown Source)
	at io.restassured.internal.ResponseSpecificationImpl.validate(ResponseSpecificationImpl.groovy:101)
	at io.restassured.internal.ValidatableResponseOptionsImpl.spec(ValidatableResponseOptionsImpl.java:288)
	at StepDefinitions.APITest.GetAllProductsAPI.FunctionalityStepDefImpl.userSendsLoginApiRequest(FunctionalityStepDefImpl.java:43)
	at ✽.User sends login api request(file:///C:/Users/santh/Desktop/Ecommerce%20Automation/Selenium/EcommercePractise/src/test/java/FeatureFiles/APITest/GetAllProductsAPI/Functionality.feature:5)
... Removed 4 stack frames</pre></div><a href='#' onClick='toggleBox("stack-trace911536716", this, "Click to show all stack frames", "Click to hide stack frames")'>Click to show all stack frames</a>
<div class='stack-trace' id='stack-trace911536716'><pre>java.lang.AssertionError: 1 expectation failed.
Expected response time was not a value less than &lt;2000L&gt; milliseconds, was 2190 milliseconds (2190 milliseconds).
	at java.base/jdk.internal.reflect.DirectConstructorHandleAccessor.newInstance(DirectConstructorHandleAccessor.java:62)
	at java.base/java.lang.reflect.Constructor.newInstanceWithCaller(Constructor.java:502)
	at java.base/java.lang.reflect.Constructor.newInstance(Constructor.java:486)
	at org.codehaus.groovy.reflection.CachedConstructor.invoke(CachedConstructor.java:73)
	at org.codehaus.groovy.runtime.callsite.ConstructorSite$ConstructorSiteNoUnwrapNoCoerce.callConstructor(ConstructorSite.java:108)
	at org.codehaus.groovy.runtime.callsite.AbstractCallSite.callConstructor(AbstractCallSite.java:277)
	at io.restassured.internal.ResponseSpecificationImpl$HamcrestAssertionClosure.validate(ResponseSpecificationImpl.groovy:512)
	at io.restassured.internal.ResponseSpecificationImpl$HamcrestAssertionClosure$validate$1.call(Unknown Source)
	at io.restassured.internal.ResponseSpecificationImpl.validate(ResponseSpecificationImpl.groovy:101)
	at io.restassured.internal.ValidatableResponseOptionsImpl.spec(ValidatableResponseOptionsImpl.java:288)
	at StepDefinitions.APITest.GetAllProductsAPI.FunctionalityStepDefImpl.userSendsLoginApiRequest(FunctionalityStepDefImpl.java:43)
	at ✽.User sends login api request(file:///C:/Users/santh/Desktop/Ecommerce%20Automation/Selenium/EcommercePractise/src/test/java/FeatureFiles/APITest/GetAllProductsAPI/Functionality.feature:5)
</pre></div></td>
<td>5</td>
<td>TestNGTestRunner@7e07db1f</td></tr>
<tr>
<td title='TestNGTestRunner.runScenario()'><b>runScenario</b><br>Test class: TestNGTestRunner<br>Test method: Runs Cucumber Scenarios<br>Parameters: "Product details in chekout page", "Checkout Page functionality"</td>
<td><div><pre>org.openqa.selenium.NoSuchElementException: no such element: Unable to locate element: {&quot;method&quot;:&quot;css selector&quot;,&quot;selector&quot;:&quot;.totalRow button&quot;}
  (Session info: chrome=130.0.6723.70)
For documentation on this error, please visit: https://www.selenium.dev/documentation/webdriver/troubleshooting/errors#no-such-element-exception
Build info: version: &apos;4.23.0&apos;, revision: &apos;4df0a231af&apos;
System info: os.name: &apos;Windows 11&apos;, os.arch: &apos;amd64&apos;, os.version: &apos;10.0&apos;, java.version: &apos;21.0.5&apos;
Driver info: org.openqa.selenium.chrome.ChromeDriver
Command: [a6cb1dd0a2c66f81635d2b50f51d331c, findElement {value=.totalRow button, using=css selector}]
Capabilities {acceptInsecureCerts: false, browserName: chrome, browserVersion: 130.0.6723.70, chrome: {chromedriverVersion: 130.0.6723.116 (6ac35f94ae3..., userDataDir: C:\Users\santh\AppData\Loca...}, fedcm:accounts: true, goog:chromeOptions: {debuggerAddress: localhost:54656}, networkConnectionEnabled: false, pageLoadStrategy: normal, platformName: windows, proxy: Proxy(), se:cdp: ws://localhost:54656/devtoo..., se:cdpVersion: 130.0.6723.70, setWindowRect: true, strictFileInteractability: false, timeouts: {implicit: 0, pageLoad: 300000, script: 30000}, unhandledPromptBehavior: dismiss and notify, webauthn:extension:credBlob: true, webauthn:extension:largeBlob: true, webauthn:extension:minPinLength: true, webauthn:extension:prf: true, webauthn:virtualAuthenticators: true}
Session ID: a6cb1dd0a2c66f81635d2b50f51d331c
	at org.openqa.selenium.remote.ErrorCodec.decode(ErrorCodec.java:167)
	at org.openqa.selenium.remote.codec.w3c.W3CHttpResponseCodec.decode(W3CHttpResponseCodec.java:138)
	at org.openqa.selenium.remote.codec.w3c.W3CHttpResponseCodec.decode(W3CHttpResponseCodec.java:50)
	at org.openqa.selenium.remote.HttpCommandExecutor.execute(HttpCommandExecutor.java:190)
	at org.openqa.selenium.remote.service.DriverCommandExecutor.invokeExecute(DriverCommandExecutor.java:216)
	at org.openqa.selenium.remote.service.DriverCommandExecutor.execute(DriverCommandExecutor.java:174)
	at org.openqa.selenium.remote.RemoteWebDriver.execute(RemoteWebDriver.java:527)
	at org.openqa.selenium.remote.ElementLocation$ElementFinder$2.findElement(ElementLocation.java:165)
	at org.openqa.selenium.remote.ElementLocation.findElement(ElementLocation.java:59)
	at org.openqa.selenium.remote.RemoteWebDriver.findElement(RemoteWebDriver.java:357)
	at org.openqa.selenium.remote.RemoteWebDriver.findElement(RemoteWebDriver.java:351)
	at org.openqa.selenium.support.pagefactory.DefaultElementLocator.findElement(DefaultElementLocator.java:68)
	at org.openqa.selenium.support.pagefactory.internal.LocatingElementHandler.invoke(LocatingElementHandler.java:38)
	at jdk.proxy2/jdk.proxy2.$Proxy27.getWrappedElement(Unknown Source)
	at org.openqa.selenium.remote.WebElementToJsonConverter.apply(WebElementToJsonConverter.java:48)
	at java.base/java.util.stream.ReferencePipeline$3$1.accept(ReferencePipeline.java:197)
	at java.base/java.util.Spliterators$ArraySpliterator.forEachRemaining(Spliterators.java:1024)
	at java.base/java.util.stream.AbstractPipeline.copyInto(AbstractPipeline.java:509)
	at java.base/java.util.stream.AbstractPipeline.wrapAndCopyInto(AbstractPipeline.java:499)
	at java.base/java.util.stream.ReduceOps$ReduceOp.evaluateSequential(ReduceOps.java:921)
	at java.base/java.util.stream.AbstractPipeline.evaluate(AbstractPipeline.java:234)
	at java.base/java.util.stream.ReferencePipeline.collect(ReferencePipeline.java:682)
	at org.openqa.selenium.remote.RemoteWebDriver.executeScript(RemoteWebDriver.java:463)
	at PageObjects.CartPage.checkout(CartPage.java:72)
	at StepDefinitions.UITest.CheckoutPage.FunctionalityStepDefImpl.userClicksOnCheckoutButton(FunctionalityStepDefImpl.java:167)
	at ✽.User clicks on checkout button(file:///C:/Users/santh/Desktop/Ecommerce%20Automation/Selenium/EcommercePractise/src/test/java/FeatureFiles/UITest/CheckoutPage/Functionality.feature:41)
... Removed 3 stack frames</pre></div><a href='#' onClick='toggleBox("stack-trace543068838", this, "Click to show all stack frames", "Click to hide stack frames")'>Click to show all stack frames</a>
<div class='stack-trace' id='stack-trace543068838'><pre>org.openqa.selenium.NoSuchElementException: no such element: Unable to locate element: {&quot;method&quot;:&quot;css selector&quot;,&quot;selector&quot;:&quot;.totalRow button&quot;}
  (Session info: chrome=130.0.6723.70)
For documentation on this error, please visit: https://www.selenium.dev/documentation/webdriver/troubleshooting/errors#no-such-element-exception
Build info: version: &apos;4.23.0&apos;, revision: &apos;4df0a231af&apos;
System info: os.name: &apos;Windows 11&apos;, os.arch: &apos;amd64&apos;, os.version: &apos;10.0&apos;, java.version: &apos;21.0.5&apos;
Driver info: org.openqa.selenium.chrome.ChromeDriver
Command: [a6cb1dd0a2c66f81635d2b50f51d331c, findElement {value=.totalRow button, using=css selector}]
Capabilities {acceptInsecureCerts: false, browserName: chrome, browserVersion: 130.0.6723.70, chrome: {chromedriverVersion: 130.0.6723.116 (6ac35f94ae3..., userDataDir: C:\Users\santh\AppData\Loca...}, fedcm:accounts: true, goog:chromeOptions: {debuggerAddress: localhost:54656}, networkConnectionEnabled: false, pageLoadStrategy: normal, platformName: windows, proxy: Proxy(), se:cdp: ws://localhost:54656/devtoo..., se:cdpVersion: 130.0.6723.70, setWindowRect: true, strictFileInteractability: false, timeouts: {implicit: 0, pageLoad: 300000, script: 30000}, unhandledPromptBehavior: dismiss and notify, webauthn:extension:credBlob: true, webauthn:extension:largeBlob: true, webauthn:extension:minPinLength: true, webauthn:extension:prf: true, webauthn:virtualAuthenticators: true}
Session ID: a6cb1dd0a2c66f81635d2b50f51d331c
	at java.base/jdk.internal.reflect.DirectConstructorHandleAccessor.newInstance(DirectConstructorHandleAccessor.java:62)
	at java.base/java.lang.reflect.Constructor.newInstanceWithCaller(Constructor.java:502)
	at java.base/java.lang.reflect.Constructor.newInstance(Constructor.java:486)
	at org.openqa.selenium.remote.ErrorCodec.decode(ErrorCodec.java:167)
	at org.openqa.selenium.remote.codec.w3c.W3CHttpResponseCodec.decode(W3CHttpResponseCodec.java:138)
	at org.openqa.selenium.remote.codec.w3c.W3CHttpResponseCodec.decode(W3CHttpResponseCodec.java:50)
	at org.openqa.selenium.remote.HttpCommandExecutor.execute(HttpCommandExecutor.java:190)
	at org.openqa.selenium.remote.service.DriverCommandExecutor.invokeExecute(DriverCommandExecutor.java:216)
	at org.openqa.selenium.remote.service.DriverCommandExecutor.execute(DriverCommandExecutor.java:174)
	at org.openqa.selenium.remote.RemoteWebDriver.execute(RemoteWebDriver.java:527)
	at org.openqa.selenium.remote.ElementLocation$ElementFinder$2.findElement(ElementLocation.java:165)
	at org.openqa.selenium.remote.ElementLocation.findElement(ElementLocation.java:59)
	at org.openqa.selenium.remote.RemoteWebDriver.findElement(RemoteWebDriver.java:357)
	at org.openqa.selenium.remote.RemoteWebDriver.findElement(RemoteWebDriver.java:351)
	at org.openqa.selenium.support.pagefactory.DefaultElementLocator.findElement(DefaultElementLocator.java:68)
	at org.openqa.selenium.support.pagefactory.internal.LocatingElementHandler.invoke(LocatingElementHandler.java:38)
	at jdk.proxy2/jdk.proxy2.$Proxy27.getWrappedElement(Unknown Source)
	at org.openqa.selenium.remote.WebElementToJsonConverter.apply(WebElementToJsonConverter.java:48)
	at java.base/java.util.stream.ReferencePipeline$3$1.accept(ReferencePipeline.java:197)
	at java.base/java.util.Spliterators$ArraySpliterator.forEachRemaining(Spliterators.java:1024)
	at java.base/java.util.stream.AbstractPipeline.copyInto(AbstractPipeline.java:509)
	at java.base/java.util.stream.AbstractPipeline.wrapAndCopyInto(AbstractPipeline.java:499)
	at java.base/java.util.stream.ReduceOps$ReduceOp.evaluateSequential(ReduceOps.java:921)
	at java.base/java.util.stream.AbstractPipeline.evaluate(AbstractPipeline.java:234)
	at java.base/java.util.stream.ReferencePipeline.collect(ReferencePipeline.java:682)
	at org.openqa.selenium.remote.RemoteWebDriver.executeScript(RemoteWebDriver.java:463)
	at PageObjects.CartPage.checkout(CartPage.java:72)
	at StepDefinitions.UITest.CheckoutPage.FunctionalityStepDefImpl.userClicksOnCheckoutButton(FunctionalityStepDefImpl.java:167)
	at ✽.User clicks on checkout button(file:///C:/Users/santh/Desktop/Ecommerce%20Automation/Selenium/EcommercePractise/src/test/java/FeatureFiles/UITest/CheckoutPage/Functionality.feature:41)
</pre></div></td>
<td>52</td>
<td>TestNGTestRunner@7e07db1f</td></tr>
<tr>
<td title='TestNGTestRunner.runScenario()'><b>runScenario</b><br>Test class: TestNGTestRunner<br>Test method: Runs Cucumber Scenarios<br>Parameters: "Home button", "Checkout Page functionality"</td>
<td><div><pre>java.lang.IndexOutOfBoundsException: Index 0 out of bounds for length 0
	at java.base/jdk.internal.util.Preconditions.outOfBounds(Preconditions.java:100)
	at java.base/jdk.internal.util.Preconditions.outOfBoundsCheckIndex(Preconditions.java:106)
	at java.base/jdk.internal.util.Preconditions.checkIndex(Preconditions.java:302)
	at java.base/java.util.Objects.checkIndex(Objects.java:385)
	at java.base/java.util.ArrayList.get(ArrayList.java:427)
	at org.openqa.selenium.support.pagefactory.internal.LocatingElementListHandler.invoke(LocatingElementListHandler.java:39)
	at jdk.proxy2/jdk.proxy2.$Proxy28.get(Unknown Source)
	at StepDefinitions.UITest.CheckoutPage.FunctionalityStepDefImpl.userLandedOnECommerecePageCheckoutPage(FunctionalityStepDefImpl.java:58)
	at ✽.User landed on ECommerece page checkout page(file:///C:/Users/santh/Desktop/Ecommerce%20Automation/Selenium/EcommercePractise/src/test/java/FeatureFiles/UITest/CheckoutPage/Functionality.feature:5)
... Removed 2 stack frames</pre></div><a href='#' onClick='toggleBox("stack-trace755863412", this, "Click to show all stack frames", "Click to hide stack frames")'>Click to show all stack frames</a>
<div class='stack-trace' id='stack-trace755863412'><pre>java.lang.IndexOutOfBoundsException: Index 0 out of bounds for length 0
	at java.base/jdk.internal.util.Preconditions.outOfBounds(Preconditions.java:100)
	at java.base/jdk.internal.util.Preconditions.outOfBoundsCheckIndex(Preconditions.java:106)
	at java.base/jdk.internal.util.Preconditions.checkIndex(Preconditions.java:302)
	at java.base/java.util.Objects.checkIndex(Objects.java:385)
	at java.base/java.util.ArrayList.get(ArrayList.java:427)
	at java.base/jdk.internal.reflect.DirectMethodHandleAccessor.invoke(DirectMethodHandleAccessor.java:103)
	at java.base/java.lang.reflect.Method.invoke(Method.java:580)
	at org.openqa.selenium.support.pagefactory.internal.LocatingElementListHandler.invoke(LocatingElementListHandler.java:39)
	at jdk.proxy2/jdk.proxy2.$Proxy28.get(Unknown Source)
	at StepDefinitions.UITest.CheckoutPage.FunctionalityStepDefImpl.userLandedOnECommerecePageCheckoutPage(FunctionalityStepDefImpl.java:58)
	at ✽.User landed on ECommerece page checkout page(file:///C:/Users/santh/Desktop/Ecommerce%20Automation/Selenium/EcommercePractise/src/test/java/FeatureFiles/UITest/CheckoutPage/Functionality.feature:5)
</pre></div></td>
<td>26</td>
<td>TestNGTestRunner@7e07db1f</td></tr>
</table><p>
<table width='100%' border='1' class='invocation-passed'>
<tr><td colspan='4' align='center'><b>PASSED TESTS</b></td></tr>
<tr><td><b>Test method</b></td>
<td><b>Attribute(s)</b></td>
<td width="30%"><b>Exception</b></td>
<td width="10%"><b>Time (seconds)</b></td>
<td><b>Instance</b></td>
</tr>
<tr>
<td title='TestNGTestRunner.runScenario()'><b>runScenario</b><br>Test class: TestNGTestRunner<br>Test method: Runs Cucumber Scenarios<br>Parameters: "User provided invalid password", "Register API error handling"</td>
<td></td>
<td>2</td>
<td>TestNGTestRunner@7e07db1f</td></tr>
<tr>
<td title='TestNGTestRunner.runScenario()'><b>runScenario</b><br>Test class: TestNGTestRunner<br>Test method: Runs Cucumber Scenarios<br>Parameters: "Register API with incorrect end point", "Register API error handling"</td>
<td></td>
<td>2</td>
<td>TestNGTestRunner@7e07db1f</td></tr>
<tr>
<td title='TestNGTestRunner.runScenario()'><b>runScenario</b><br>Test class: TestNGTestRunner<br>Test method: Runs Cucumber Scenarios<br>Parameters: "Products page error handling no products are displayed due to api failure", "Products page error handling"</td>
<td></td>
<td>13</td>
<td>TestNGTestRunner@7e07db1f</td></tr>
<tr>
<td title='TestNGTestRunner.runScenario()'><b>runScenario</b><br>Test class: TestNGTestRunner<br>Test method: Runs Cucumber Scenarios<br>Parameters: "Cart button", "Order confirmation Page functionality"</td>
<td></td>
<td>44</td>
<td>TestNGTestRunner@7e07db1f</td></tr>
<tr>
<td title='TestNGTestRunner.runScenario()'><b>runScenario</b><br>Test class: TestNGTestRunner<br>Test method: Runs Cucumber Scenarios<br>Parameters: "Login page functionality", "Login error handling"</td>
<td></td>
<td>8</td>
<td>TestNGTestRunner@7e07db1f</td></tr>
<tr>
<td title='TestNGTestRunner.runScenario()'><b>runScenario</b><br>Test class: TestNGTestRunner<br>Test method: Runs Cucumber Scenarios<br>Parameters: "Home button", "Product page functionality"</td>
<td></td>
<td>12</td>
<td>TestNGTestRunner@7e07db1f</td></tr>
<tr>
<td title='TestNGTestRunner.runScenario()'><b>runScenario</b><br>Test class: TestNGTestRunner<br>Test method: Runs Cucumber Scenarios<br>Parameters: "User provides registered email and registerd user is displayed", "Register page error handling"</td>
<td></td>
<td>9</td>
<td>TestNGTestRunner@7e07db1f</td></tr>
<tr>
<td title='TestNGTestRunner.runScenario()'><b>runScenario</b><br>Test class: TestNGTestRunner<br>Test method: Runs Cucumber Scenarios<br>Parameters: "API Payload changedInvalid email", "Forgot Password Page error handling"</td>
<td></td>
<td>6</td>
<td>TestNGTestRunner@7e07db1f</td></tr>
<tr>
<td title='TestNGTestRunner.runScenario()'><b>runScenario</b><br>Test class: TestNGTestRunner<br>Test method: Runs Cucumber Scenarios<br>Parameters: "No orders", "Order confirmation Page functionality"</td>
<td></td>
<td>13</td>
<td>TestNGTestRunner@7e07db1f</td></tr>
<tr>
<td title='TestNGTestRunner.runScenario()'><b>runScenario</b><br>Test class: TestNGTestRunner<br>Test method: Runs Cucumber Scenarios<br>Parameters: "GetAllProducts API with filters", "GetAllProducts API functionality"</td>
<td></td>
<td>2</td>
<td>TestNGTestRunner@7e07db1f</td></tr>
<tr>
<td title='TestNGTestRunner.runScenario()'><b>runScenario</b><br>Test class: TestNGTestRunner<br>Test method: Runs Cucumber Scenarios<br>Parameters: "Cart button", "Cart Page functionality"</td>
<td></td>
<td>9</td>
<td>TestNGTestRunner@7e07db1f</td></tr>
<tr>
<td title='TestNGTestRunner.runScenario()'><b>runScenario</b><br>Test class: TestNGTestRunner<br>Test method: Runs Cucumber Scenarios<br>Parameters: "User submits empty registration form", "Register page error handling"</td>
<td></td>
<td>11</td>
<td>TestNGTestRunner@7e07db1f</td></tr>
<tr>
<td title='TestNGTestRunner.runScenario()'><b>runScenario</b><br>Test class: TestNGTestRunner<br>Test method: Runs Cucumber Scenarios<br>Parameters: "Products page error handling add to cart api is failed", "Products page error handling"</td>
<td></td>
<td>14</td>
<td>TestNGTestRunner@7e07db1f</td></tr>
<tr>
<td title='TestNGTestRunner.runScenario()'><b>runScenario</b><br>Test class: TestNGTestRunner<br>Test method: Runs Cucumber Scenarios<br>Parameters: "Product details, order id, url", "Order confirmation Page functionality"</td>
<td></td>
<td>40</td>
<td>TestNGTestRunner@7e07db1f</td></tr>
<tr>
<td title='TestNGTestRunner.runScenario()'><b>runScenario</b><br>Test class: TestNGTestRunner<br>Test method: Runs Cucumber Scenarios<br>Parameters: "User provides password length less than 8 and passowrd error is displayed", "Register page error handling"</td>
<td></td>
<td>9</td>
<td>TestNGTestRunner@7e07db1f</td></tr>
<tr>
<td title='TestNGTestRunner.runScenario()'><b>runScenario</b><br>Test class: TestNGTestRunner<br>Test method: Runs Cucumber Scenarios<br>Parameters: "GetAllProducts API with filters", "GetAllProducts API functionality"</td>
<td></td>
<td>6</td>
<td>TestNGTestRunner@7e07db1f</td></tr>
<tr>
<td title='TestNGTestRunner.runScenario()'><b>runScenario</b><br>Test class: TestNGTestRunner<br>Test method: Runs Cucumber Scenarios<br>Parameters: "Orders api is failed", "Order confirmation Page error handling"</td>
<td></td>
<td>33</td>
<td>TestNGTestRunner@7e07db1f</td></tr>
<tr>
<td title='TestNGTestRunner.runScenario()'><b>runScenario</b><br>Test class: TestNGTestRunner<br>Test method: Runs Cucumber Scenarios<br>Parameters: "Login page functionality", "Login functionality"</td>
<td></td>
<td>6</td>
<td>TestNGTestRunner@7e07db1f</td></tr>
<tr>
<td title='TestNGTestRunner.runScenario()'><b>runScenario</b><br>Test class: TestNGTestRunner<br>Test method: Runs Cucumber Scenarios<br>Parameters: "Retrieve details for each product", "Fetch product details using API"</td>
<td></td>
<td>3</td>
<td>TestNGTestRunner@7e07db1f</td></tr>
<tr>
<td title='TestNGTestRunner.runScenario()'><b>runScenario</b><br>Test class: TestNGTestRunner<br>Test method: Runs Cucumber Scenarios<br>Parameters: "Login API with no password", "Login API error handling"</td>
<td></td>
<td>2</td>
<td>TestNGTestRunner@7e07db1f</td></tr>
<tr>
<td title='TestNGTestRunner.runScenario()'><b>runScenario</b><br>Test class: TestNGTestRunner<br>Test method: Runs Cucumber Scenarios<br>Parameters: "Login page functionality", "Login error handling"</td>
<td></td>
<td>8</td>
<td>TestNGTestRunner@7e07db1f</td></tr>
<tr>
<td title='TestNGTestRunner.runScenario()'><b>runScenario</b><br>Test class: TestNGTestRunner<br>Test method: Runs Cucumber Scenarios<br>Parameters: "Forgot Password API with incorrect details", "Forgot Password API error handling"</td>
<td></td>
<td>4</td>
<td>TestNGTestRunner@7e07db1f</td></tr>
<tr>
<td title='TestNGTestRunner.runScenario()'><b>runScenario</b><br>Test class: TestNGTestRunner<br>Test method: Runs Cucumber Scenarios<br>Parameters: "Login page functionality", "Login error handling"</td>
<td></td>
<td>7</td>
<td>TestNGTestRunner@7e07db1f</td></tr>
<tr>
<td title='TestNGTestRunner.runScenario()'><b>runScenario</b><br>Test class: TestNGTestRunner<br>Test method: Runs Cucumber Scenarios<br>Parameters: "User provides mobile number with less than 10 digits and mobile error is displayed", "Register page error handling"</td>
<td></td>
<td>9</td>
<td>TestNGTestRunner@7e07db1f</td></tr>
<tr>
<td title='TestNGTestRunner.runScenario()'><b>runScenario</b><br>Test class: TestNGTestRunner<br>Test method: Runs Cucumber Scenarios<br>Parameters: "GetAllProducts API with filters", "GetAllProducts API functionality"</td>
<td></td>
<td>6</td>
<td>TestNGTestRunner@7e07db1f</td></tr>
<tr>
<td title='TestNGTestRunner.runScenario()'><b>runScenario</b><br>Test class: TestNGTestRunner<br>Test method: Runs Cucumber Scenarios<br>Parameters: "Cart button", "Products page functionality"</td>
<td></td>
<td>8</td>
<td>TestNGTestRunner@7e07db1f</td></tr>
<tr>
<td title='TestNGTestRunner.runScenario()'><b>runScenario</b><br>Test class: TestNGTestRunner<br>Test method: Runs Cucumber Scenarios<br>Parameters: "User provided invalid password", "Register API error handling"</td>
<td></td>
<td>2</td>
<td>TestNGTestRunner@7e07db1f</td></tr>
<tr>
<td title='TestNGTestRunner.runScenario()'><b>runScenario</b><br>Test class: TestNGTestRunner<br>Test method: Runs Cucumber Scenarios<br>Parameters: "Verify checkout button is working", "Cart Page functionality"</td>
<td></td>
<td>39</td>
<td>TestNGTestRunner@7e07db1f</td></tr>
<tr>
<td title='TestNGTestRunner.runScenario()'><b>runScenario</b><br>Test class: TestNGTestRunner<br>Test method: Runs Cucumber Scenarios<br>Parameters: "User provided invalid password", "Register API error handling"</td>
<td></td>
<td>2</td>
<td>TestNGTestRunner@7e07db1f</td></tr>
<tr>
<td title='TestNGTestRunner.runScenario()'><b>runScenario</b><br>Test class: TestNGTestRunner<br>Test method: Runs Cucumber Scenarios<br>Parameters: "User provided invalid email address", "Register API error handling"</td>
<td></td>
<td>2</td>
<td>TestNGTestRunner@7e07db1f</td></tr>
<tr>
<td title='TestNGTestRunner.runScenario()'><b>runScenario</b><br>Test class: TestNGTestRunner<br>Test method: Runs Cucumber Scenarios<br>Parameters: "Login page functionality", "Login error handling"</td>
<td></td>
<td>6</td>
<td>TestNGTestRunner@7e07db1f</td></tr>
<tr>
<td title='TestNGTestRunner.runScenario()'><b>runScenario</b><br>Test class: TestNGTestRunner<br>Test method: Runs Cucumber Scenarios<br>Parameters: "Orders button", "Products page functionality"</td>
<td></td>
<td>11</td>
<td>TestNGTestRunner@7e07db1f</td></tr>
<tr>
<td title='TestNGTestRunner.runScenario()'><b>runScenario</b><br>Test class: TestNGTestRunner<br>Test method: Runs Cucumber Scenarios<br>Parameters: "Categories filter", "Products page functionality"</td>
<td></td>
<td>10</td>
<td>TestNGTestRunner@7e07db1f</td></tr>
<tr>
<td title='TestNGTestRunner.runScenario()'><b>runScenario</b><br>Test class: TestNGTestRunner<br>Test method: Runs Cucumber Scenarios<br>Parameters: "Login page functionality", "Login functionality"</td>
<td></td>
<td>6</td>
<td>TestNGTestRunner@7e07db1f</td></tr>
<tr>
<td title='TestNGTestRunner.runScenario()'><b>runScenario</b><br>Test class: TestNGTestRunner<br>Test method: Runs Cucumber Scenarios<br>Parameters: "Login API with correct login credentials", "Login API functionality"</td>
<td></td>
<td>2</td>
<td>TestNGTestRunner@7e07db1f</td></tr>
<tr>
<td title='TestNGTestRunner.runScenario()'><b>runScenario</b><br>Test class: TestNGTestRunner<br>Test method: Runs Cucumber Scenarios<br>Parameters: "Product details in chekout page", "Checkout Page functionality"</td>
<td></td>
<td>52</td>
<td>TestNGTestRunner@7e07db1f</td></tr>
<tr>
<td title='TestNGTestRunner.runScenario()'><b>runScenario</b><br>Test class: TestNGTestRunner<br>Test method: Runs Cucumber Scenarios<br>Parameters: "GetAllProducts API with incorrect end point", "GetAllProducts API functionality"</td>
<td></td>
<td>5</td>
<td>TestNGTestRunner@7e07db1f</td></tr>
<tr>
<td title='TestNGTestRunner.runScenario()'><b>runScenario</b><br>Test class: TestNGTestRunner<br>Test method: Runs Cucumber Scenarios<br>Parameters: "Login page functionality", "Login functionality"</td>
<td></td>
<td>7</td>
<td>TestNGTestRunner@7e07db1f</td></tr>
<tr>
<td title='TestNGTestRunner.runScenario()'><b>runScenario</b><br>Test class: TestNGTestRunner<br>Test method: Runs Cucumber Scenarios<br>Parameters: "Home button", "Order Page functionality"</td>
<td></td>
<td>11</td>
<td>TestNGTestRunner@7e07db1f</td></tr>
<tr>
<td title='TestNGTestRunner.runScenario()'><b>runScenario</b><br>Test class: TestNGTestRunner<br>Test method: Runs Cucumber Scenarios<br>Parameters: "Completeing order", "Checkout Page functionality"</td>
<td></td>
<td>50</td>
<td>TestNGTestRunner@7e07db1f</td></tr>
<tr>
<td title='TestNGTestRunner.runScenario()'><b>runScenario</b><br>Test class: TestNGTestRunner<br>Test method: Runs Cucumber Scenarios<br>Parameters: "GetAllProducts API with filters", "GetAllProducts API functionality"</td>
<td></td>
<td>6</td>
<td>TestNGTestRunner@7e07db1f</td></tr>
<tr>
<td title='TestNGTestRunner.runScenario()'><b>runScenario</b><br>Test class: TestNGTestRunner<br>Test method: Runs Cucumber Scenarios<br>Parameters: "No auth token is sent in api request", "Fetch product details using API"</td>
<td></td>
<td>3</td>
<td>TestNGTestRunner@7e07db1f</td></tr>
<tr>
<td title='TestNGTestRunner.runScenario()'><b>runScenario</b><br>Test class: TestNGTestRunner<br>Test method: Runs Cucumber Scenarios<br>Parameters: "Orders button", "Order Page functionality"</td>
<td></td>
<td>13</td>
<td>TestNGTestRunner@7e07db1f</td></tr>
<tr>
<td title='TestNGTestRunner.runScenario()'><b>runScenario</b><br>Test class: TestNGTestRunner<br>Test method: Runs Cucumber Scenarios<br>Parameters: "Empty form", "Forgot Password Page error handling"</td>
<td></td>
<td>8</td>
<td>TestNGTestRunner@7e07db1f</td></tr>
<tr>
<td title='TestNGTestRunner.runScenario()'><b>runScenario</b><br>Test class: TestNGTestRunner<br>Test method: Runs Cucumber Scenarios<br>Parameters: "User provided invalid email address", "Register API error handling"</td>
<td></td>
<td>2</td>
<td>TestNGTestRunner@7e07db1f</td></tr>
<tr>
<td title='TestNGTestRunner.runScenario()'><b>runScenario</b><br>Test class: TestNGTestRunner<br>Test method: Runs Cucumber Scenarios<br>Parameters: "User provides correct details and api is failed and error is displayed", "Register page error handling"</td>
<td></td>
<td>9</td>
<td>TestNGTestRunner@7e07db1f</td></tr>
<tr>
<td title='TestNGTestRunner.runScenario()'><b>runScenario</b><br>Test class: TestNGTestRunner<br>Test method: Runs Cucumber Scenarios<br>Parameters: "Home button", "Order confirmation Page functionality"</td>
<td></td>
<td>39</td>
<td>TestNGTestRunner@7e07db1f</td></tr>
<tr>
<td title='TestNGTestRunner.runScenario()'><b>runScenario</b><br>Test class: TestNGTestRunner<br>Test method: Runs Cucumber Scenarios<br>Parameters: "User provided invalid password", "Register API error handling"</td>
<td></td>
<td>2</td>
<td>TestNGTestRunner@7e07db1f</td></tr>
<tr>
<td title='TestNGTestRunner.runScenario()'><b>runScenario</b><br>Test class: TestNGTestRunner<br>Test method: Runs Cucumber Scenarios<br>Parameters: "Logo button is working", "Product page functionality"</td>
<td></td>
<td>11</td>
<td>TestNGTestRunner@7e07db1f</td></tr>
<tr>
<td title='TestNGTestRunner.runScenario()'><b>runScenario</b><br>Test class: TestNGTestRunner<br>Test method: Runs Cucumber Scenarios<br>Parameters: "Login page functionality", "Login error handling"</td>
<td></td>
<td>12</td>
<td>TestNGTestRunner@7e07db1f</td></tr>
<tr>
<td title='TestNGTestRunner.runScenario()'><b>runScenario</b><br>Test class: TestNGTestRunner<br>Test method: Runs Cucumber Scenarios<br>Parameters: "API intercept failed", "Forgot Password Page error handling"</td>
<td></td>
<td>7</td>
<td>TestNGTestRunner@7e07db1f</td></tr>
<tr>
<td title='TestNGTestRunner.runScenario()'><b>runScenario</b><br>Test class: TestNGTestRunner<br>Test method: Runs Cucumber Scenarios<br>Parameters: "GetAllProducts API with filters", "GetAllProducts API functionality"</td>
<td></td>
<td>3</td>
<td>TestNGTestRunner@7e07db1f</td></tr>
<tr>
<td title='TestNGTestRunner.runScenario()'><b>runScenario</b><br>Test class: TestNGTestRunner<br>Test method: Runs Cucumber Scenarios<br>Parameters: "No country details", "Checkout Page functionality"</td>
<td></td>
<td>23</td>
<td>TestNGTestRunner@7e07db1f</td></tr>
<tr>
<td title='TestNGTestRunner.runScenario()'><b>runScenario</b><br>Test class: TestNGTestRunner<br>Test method: Runs Cucumber Scenarios<br>Parameters: "User sends request to wrong end point", "Fetch product details using API"</td>
<td></td>
<td>2</td>
<td>TestNGTestRunner@7e07db1f</td></tr>
<tr>
<td title='TestNGTestRunner.runScenario()'><b>runScenario</b><br>Test class: TestNGTestRunner<br>Test method: Runs Cucumber Scenarios<br>Parameters: "Search filter", "Products page functionality"</td>
<td></td>
<td>12</td>
<td>TestNGTestRunner@7e07db1f</td></tr>
<tr>
<td title='TestNGTestRunner.runScenario()'><b>runScenario</b><br>Test class: TestNGTestRunner<br>Test method: Runs Cucumber Scenarios<br>Parameters: "Download buttons", "Order confirmation Page functionality"</td>
<td></td>
<td>44</td>
<td>TestNGTestRunner@7e07db1f</td></tr>
<tr>
<td title='TestNGTestRunner.runScenario()'><b>runScenario</b><br>Test class: TestNGTestRunner<br>Test method: Runs Cucumber Scenarios<br>Parameters: "SignOut", "Product page functionality"</td>
<td></td>
<td>10</td>
<td>TestNGTestRunner@7e07db1f</td></tr>
<tr>
<td title='TestNGTestRunner.runScenario()'><b>runScenario</b><br>Test class: TestNGTestRunner<br>Test method: Runs Cucumber Scenarios<br>Parameters: "Logo", "Cart Page functionality"</td>
<td></td>
<td>8</td>
<td>TestNGTestRunner@7e07db1f</td></tr>
<tr>
<td title='TestNGTestRunner.runScenario()'><b>runScenario</b><br>Test class: TestNGTestRunner<br>Test method: Runs Cucumber Scenarios<br>Parameters: "SignOut", "Products page functionality"</td>
<td></td>
<td>11</td>
<td>TestNGTestRunner@7e07db1f</td></tr>
<tr>
<td title='TestNGTestRunner.runScenario()'><b>runScenario</b><br>Test class: TestNGTestRunner<br>Test method: Runs Cucumber Scenarios<br>Parameters: "Orders button", "Product page functionality"</td>
<td></td>
<td>10</td>
<td>TestNGTestRunner@7e07db1f</td></tr>
<tr>
<td title='TestNGTestRunner.runScenario()'><b>runScenario</b><br>Test class: TestNGTestRunner<br>Test method: Runs Cucumber Scenarios<br>Parameters: "Login page functionality", "Login functionality"</td>
<td></td>
<td>7</td>
<td>TestNGTestRunner@7e07db1f</td></tr>
<tr>
<td title='TestNGTestRunner.runScenario()'><b>runScenario</b><br>Test class: TestNGTestRunner<br>Test method: Runs Cucumber Scenarios<br>Parameters: "Forgot Password API with incorrect details", "Forgot Password API error handling"</td>
<td></td>
<td>4</td>
<td>TestNGTestRunner@7e07db1f</td></tr>
<tr>
<td title='TestNGTestRunner.runScenario()'><b>runScenario</b><br>Test class: TestNGTestRunner<br>Test method: Runs Cucumber Scenarios<br>Parameters: "API is failed", "Checkout Page functionality"</td>
<td></td>
<td>41</td>
<td>TestNGTestRunner@7e07db1f</td></tr>
<tr>
<td title='TestNGTestRunner.runScenario()'><b>runScenario</b><br>Test class: TestNGTestRunner<br>Test method: Runs Cucumber Scenarios<br>Parameters: "Home button", "Order confirmation Page functionality"</td>
<td></td>
<td>39</td>
<td>TestNGTestRunner@7e07db1f</td></tr>
<tr>
<td title='TestNGTestRunner.runScenario()'><b>runScenario</b><br>Test class: TestNGTestRunner<br>Test method: Runs Cucumber Scenarios<br>Parameters: "User Not found", "Forgot Password Page error handling"</td>
<td></td>
<td>7</td>
<td>TestNGTestRunner@7e07db1f</td></tr>
<tr>
<td title='TestNGTestRunner.runScenario()'><b>runScenario</b><br>Test class: TestNGTestRunner<br>Test method: Runs Cucumber Scenarios<br>Parameters: "Forgot Password API with wrong end point", "Forgot Password API error handling"</td>
<td></td>
<td>5</td>
<td>TestNGTestRunner@7e07db1f</td></tr>
<tr>
<td title='TestNGTestRunner.runScenario()'><b>runScenario</b><br>Test class: TestNGTestRunner<br>Test method: Runs Cucumber Scenarios<br>Parameters: "Home button", "Products page functionality"</td>
<td></td>
<td>9</td>
<td>TestNGTestRunner@7e07db1f</td></tr>
<tr>
<td title='TestNGTestRunner.runScenario()'><b>runScenario</b><br>Test class: TestNGTestRunner<br>Test method: Runs Cucumber Scenarios<br>Parameters: "Signout button", "Cart Page functionality"</td>
<td></td>
<td>9</td>
<td>TestNGTestRunner@7e07db1f</td></tr>
<tr>
<td title='TestNGTestRunner.runScenario()'><b>runScenario</b><br>Test class: TestNGTestRunner<br>Test method: Runs Cucumber Scenarios<br>Parameters: "Login page functionality", "Login error handling"</td>
<td></td>
<td>8</td>
<td>TestNGTestRunner@7e07db1f</td></tr>
<tr>
<td title='TestNGTestRunner.runScenario()'><b>runScenario</b><br>Test class: TestNGTestRunner<br>Test method: Runs Cucumber Scenarios<br>Parameters: "GetAllProducts API with filters", "GetAllProducts API functionality"</td>
<td></td>
<td>3</td>
<td>TestNGTestRunner@7e07db1f</td></tr>
<tr>
<td title='TestNGTestRunner.runScenario()'><b>runScenario</b><br>Test class: TestNGTestRunner<br>Test method: Runs Cucumber Scenarios<br>Parameters: "Invalid email", "Forgot Password Page error handling"</td>
<td></td>
<td>6</td>
<td>TestNGTestRunner@7e07db1f</td></tr>
<tr>
<td title='TestNGTestRunner.runScenario()'><b>runScenario</b><br>Test class: TestNGTestRunner<br>Test method: Runs Cucumber Scenarios<br>Parameters: "Continue shopping", "Cart Page functionality"</td>
<td></td>
<td>15</td>
<td>TestNGTestRunner@7e07db1f</td></tr>
<tr>
<td title='TestNGTestRunner.runScenario()'><b>runScenario</b><br>Test class: TestNGTestRunner<br>Test method: Runs Cucumber Scenarios<br>Parameters: "Logo", "Checkout Page functionality"</td>
<td></td>
<td>18</td>
<td>TestNGTestRunner@7e07db1f</td></tr>
<tr>
<td title='TestNGTestRunner.runScenario()'><b>runScenario</b><br>Test class: TestNGTestRunner<br>Test method: Runs Cucumber Scenarios<br>Parameters: "User provided invalid password", "Register API error handling"</td>
<td></td>
<td>2</td>
<td>TestNGTestRunner@7e07db1f</td></tr>
<tr>
<td title='TestNGTestRunner.runScenario()'><b>runScenario</b><br>Test class: TestNGTestRunner<br>Test method: Runs Cucumber Scenarios<br>Parameters: "Cart button", "Checkout Page functionality"</td>
<td></td>
<td>19</td>
<td>TestNGTestRunner@7e07db1f</td></tr>
<tr>
<td title='TestNGTestRunner.runScenario()'><b>runScenario</b><br>Test class: TestNGTestRunner<br>Test method: Runs Cucumber Scenarios<br>Parameters: "Login page functionality", "Login error handling"</td>
<td></td>
<td>7</td>
<td>TestNGTestRunner@7e07db1f</td></tr>
<tr>
<td title='TestNGTestRunner.runScenario()'><b>runScenario</b><br>Test class: TestNGTestRunner<br>Test method: Runs Cucumber Scenarios<br>Parameters: "User provided invalid password", "Register API error handling"</td>
<td></td>
<td>2</td>
<td>TestNGTestRunner@7e07db1f</td></tr>
<tr>
<td title='TestNGTestRunner.runScenario()'><b>runScenario</b><br>Test class: TestNGTestRunner<br>Test method: Runs Cucumber Scenarios<br>Parameters: "User provided invalid phone number", "Register API error handling"</td>
<td></td>
<td>2</td>
<td>TestNGTestRunner@7e07db1f</td></tr>
<tr>
<td title='TestNGTestRunner.runScenario()'><b>runScenario</b><br>Test class: TestNGTestRunner<br>Test method: Runs Cucumber Scenarios<br>Parameters: "User provided invalid phone number", "Register API error handling"</td>
<td></td>
<td>2</td>
<td>TestNGTestRunner@7e07db1f</td></tr>
<tr>
<td title='TestNGTestRunner.runScenario()'><b>runScenario</b><br>Test class: TestNGTestRunner<br>Test method: Runs Cucumber Scenarios<br>Parameters: "Cart button", "Order Page functionality"</td>
<td></td>
<td>7</td>
<td>TestNGTestRunner@7e07db1f</td></tr>
<tr>
<td title='TestNGTestRunner.runScenario()'><b>runScenario</b><br>Test class: TestNGTestRunner<br>Test method: Runs Cucumber Scenarios<br>Parameters: "Home button", "Cart Page functionality"</td>
<td></td>
<td>8</td>
<td>TestNGTestRunner@7e07db1f</td></tr>
<tr>
<td title='TestNGTestRunner.runScenario()'><b>runScenario</b><br>Test class: TestNGTestRunner<br>Test method: Runs Cucumber Scenarios<br>Parameters: "Go back to shopping", "Order confirmation Page functionality"</td>
<td></td>
<td>35</td>
<td>TestNGTestRunner@7e07db1f</td></tr>
<tr>
<td title='TestNGTestRunner.runScenario()'><b>runScenario</b><br>Test class: TestNGTestRunner<br>Test method: Runs Cucumber Scenarios<br>Parameters: "Login page functionality", "Login functionality"</td>
<td></td>
<td>6</td>
<td>TestNGTestRunner@7e07db1f</td></tr>
<tr>
<td title='TestNGTestRunner.runScenario()'><b>runScenario</b><br>Test class: TestNGTestRunner<br>Test method: Runs Cucumber Scenarios<br>Parameters: "Min max price filter", "Products page functionality"</td>
<td></td>
<td>11</td>
<td>TestNGTestRunner@7e07db1f</td></tr>
<tr>
<td title='TestNGTestRunner.runScenario()'><b>runScenario</b><br>Test class: TestNGTestRunner<br>Test method: Runs Cucumber Scenarios<br>Parameters: "User provided invalid phone number", "Register API error handling"</td>
<td></td>
<td>2</td>
<td>TestNGTestRunner@7e07db1f</td></tr>
<tr>
<td title='TestNGTestRunner.runScenario()'><b>runScenario</b><br>Test class: TestNGTestRunner<br>Test method: Runs Cucumber Scenarios<br>Parameters: "User provides mobile number with chars and mobile error is displayed", "Register page error handling"</td>
<td></td>
<td>9</td>
<td>TestNGTestRunner@7e07db1f</td></tr>
<tr>
<td title='TestNGTestRunner.runScenario()'><b>runScenario</b><br>Test class: TestNGTestRunner<br>Test method: Runs Cucumber Scenarios<br>Parameters: "User provided some empty information", "Register API error handling"</td>
<td></td>
<td>2</td>
<td>TestNGTestRunner@7e07db1f</td></tr>
<tr>
<td title='TestNGTestRunner.runScenario()'><b>runScenario</b><br>Test class: TestNGTestRunner<br>Test method: Runs Cucumber Scenarios<br>Parameters: "Signout button", "Checkout Page functionality"</td>
<td></td>
<td>18</td>
<td>TestNGTestRunner@7e07db1f</td></tr>
<tr>
<td title='TestNGTestRunner.runScenario()'><b>runScenario</b><br>Test class: TestNGTestRunner<br>Test method: Runs Cucumber Scenarios<br>Parameters: "Forgot Password Page functionality", "Forgot Password Page functionality"</td>
<td></td>
<td>11</td>
<td>TestNGTestRunner@7e07db1f</td></tr>
<tr>
<td title='TestNGTestRunner.runScenario()'><b>runScenario</b><br>Test class: TestNGTestRunner<br>Test method: Runs Cucumber Scenarios<br>Parameters: "Login API with incorrect end point", "Login API error handling"</td>
<td></td>
<td>2</td>
<td>TestNGTestRunner@7e07db1f</td></tr>
<tr>
<td title='TestNGTestRunner.runScenario()'><b>runScenario</b><br>Test class: TestNGTestRunner<br>Test method: Runs Cucumber Scenarios<br>Parameters: "User provided invalid password", "Register API error handling"</td>
<td></td>
<td>2</td>
<td>TestNGTestRunner@7e07db1f</td></tr>
<tr>
<td title='TestNGTestRunner.runScenario()'><b>runScenario</b><br>Test class: TestNGTestRunner<br>Test method: Runs Cucumber Scenarios<br>Parameters: "No product ID is sent in api request", "Fetch product details using API"</td>
<td></td>
<td>3</td>
<td>TestNGTestRunner@7e07db1f</td></tr>
<tr>
<td title='TestNGTestRunner.runScenario()'><b>runScenario</b><br>Test class: TestNGTestRunner<br>Test method: Runs Cucumber Scenarios<br>Parameters: "User provided invalid email address", "Register API error handling"</td>
<td></td>
<td>2</td>
<td>TestNGTestRunner@7e07db1f</td></tr>
<tr>
<td title='TestNGTestRunner.runScenario()'><b>runScenario</b><br>Test class: TestNGTestRunner<br>Test method: Runs Cucumber Scenarios<br>Parameters: "Verify buy now button is working", "Cart Page functionality"</td>
<td></td>
<td>27</td>
<td>TestNGTestRunner@7e07db1f</td></tr>
<tr>
<td title='TestNGTestRunner.runScenario()'><b>runScenario</b><br>Test class: TestNGTestRunner<br>Test method: Runs Cucumber Scenarios<br>Parameters: "User provided invalid phone number", "Register API error handling"</td>
<td></td>
<td>2</td>
<td>TestNGTestRunner@7e07db1f</td></tr>
<tr>
<td title='TestNGTestRunner.runScenario()'><b>runScenario</b><br>Test class: TestNGTestRunner<br>Test method: Runs Cucumber Scenarios<br>Parameters: "User provided some empty information", "Register API error handling"</td>
<td></td>
<td>2</td>
<td>TestNGTestRunner@7e07db1f</td></tr>
<tr>
<td title='TestNGTestRunner.runScenario()'><b>runScenario</b><br>Test class: TestNGTestRunner<br>Test method: Runs Cucumber Scenarios<br>Parameters: "User provided invalid password", "Register API error handling"</td>
<td></td>
<td>2</td>
<td>TestNGTestRunner@7e07db1f</td></tr>
<tr>
<td title='TestNGTestRunner.runScenario()'><b>runScenario</b><br>Test class: TestNGTestRunner<br>Test method: Runs Cucumber Scenarios<br>Parameters: "Signout button", "Order Page functionality"</td>
<td></td>
<td>9</td>
<td>TestNGTestRunner@7e07db1f</td></tr>
<tr>
<td title='TestNGTestRunner.runScenario()'><b>runScenario</b><br>Test class: TestNGTestRunner<br>Test method: Runs Cucumber Scenarios<br>Parameters: "User clicks on login page link in register page", "Register page functionality"</td>
<td></td>
<td>8</td>
<td>TestNGTestRunner@7e07db1f</td></tr>
<tr>
<td title='TestNGTestRunner.runScenario()'><b>runScenario</b><br>Test class: TestNGTestRunner<br>Test method: Runs Cucumber Scenarios<br>Parameters: "Login API with incorrect login credentials", "Login API error handling"</td>
<td></td>
<td>2</td>
<td>TestNGTestRunner@7e07db1f</td></tr>
<tr>
<td title='TestNGTestRunner.runScenario()'><b>runScenario</b><br>Test class: TestNGTestRunner<br>Test method: Runs Cucumber Scenarios<br>Parameters: "User provides inalid email and invalid email error is displayed", "Register page error handling"</td>
<td></td>
<td>11</td>
<td>TestNGTestRunner@7e07db1f</td></tr>
<tr>
<td title='TestNGTestRunner.runScenario()'><b>runScenario</b><br>Test class: TestNGTestRunner<br>Test method: Runs Cucumber Scenarios<br>Parameters: "User provides password length less than 8 and passowrd error is displayed", "Register page error handling"</td>
<td></td>
<td>9</td>
<td>TestNGTestRunner@7e07db1f</td></tr>
<tr>
<td title='TestNGTestRunner.runScenario()'><b>runScenario</b><br>Test class: TestNGTestRunner<br>Test method: Runs Cucumber Scenarios<br>Parameters: "View api is failed", "Order confirmation Page error handling"</td>
<td></td>
<td>41</td>
<td>TestNGTestRunner@7e07db1f</td></tr>
<tr>
<td title='TestNGTestRunner.runScenario()'><b>runScenario</b><br>Test class: TestNGTestRunner<br>Test method: Runs Cucumber Scenarios<br>Parameters: "Products page functionality", "Products page functionality"</td>
<td></td>
<td>15</td>
<td>TestNGTestRunner@7e07db1f</td></tr>
<tr>
<td title='TestNGTestRunner.runScenario()'><b>runScenario</b><br>Test class: TestNGTestRunner<br>Test method: Runs Cucumber Scenarios<br>Parameters: "Orders button", "Cart Page functionality"</td>
<td></td>
<td>35</td>
<td>TestNGTestRunner@7e07db1f</td></tr>
<tr>
<td title='TestNGTestRunner.runScenario()'><b>runScenario</b><br>Test class: TestNGTestRunner<br>Test method: Runs Cucumber Scenarios<br>Parameters: "Login API with no email", "Login API error handling"</td>
<td></td>
<td>2</td>
<td>TestNGTestRunner@7e07db1f</td></tr>
<tr>
<td title='TestNGTestRunner.runScenario()'><b>runScenario</b><br>Test class: TestNGTestRunner<br>Test method: Runs Cucumber Scenarios<br>Parameters: "Cart button", "Product page functionality"</td>
<td></td>
<td>11</td>
<td>TestNGTestRunner@7e07db1f</td></tr>
<tr>
<td title='TestNGTestRunner.runScenario()'><b>runScenario</b><br>Test class: TestNGTestRunner<br>Test method: Runs Cucumber Scenarios<br>Parameters: "Continue shopping", "Product page functionality"</td>
<td></td>
<td>18</td>
<td>TestNGTestRunner@7e07db1f</td></tr>
<tr>
<td title='TestNGTestRunner.runScenario()'><b>runScenario</b><br>Test class: TestNGTestRunner<br>Test method: Runs Cucumber Scenarios<br>Parameters: "GetAllProducts API with filters", "GetAllProducts API functionality"</td>
<td></td>
<td>3</td>
<td>TestNGTestRunner@7e07db1f</td></tr>
<tr>
<td title='TestNGTestRunner.runScenario()'><b>runScenario</b><br>Test class: TestNGTestRunner<br>Test method: Runs Cucumber Scenarios<br>Parameters: "User provides mismatch password and password mismatch error is displayed", "Register page error handling"</td>
<td></td>
<td>10</td>
<td>TestNGTestRunner@7e07db1f</td></tr>
<tr>
<td title='TestNGTestRunner.runScenario()'><b>runScenario</b><br>Test class: TestNGTestRunner<br>Test method: Runs Cucumber Scenarios<br>Parameters: "Forgot Password Page functionality", "Forgot Password Page functionality"</td>
<td></td>
<td>5</td>
<td>TestNGTestRunner@7e07db1f</td></tr>
<tr>
<td title='TestNGTestRunner.runScenario()'><b>runScenario</b><br>Test class: TestNGTestRunner<br>Test method: Runs Cucumber Scenarios<br>Parameters: "User sends product id that does not exists", "Fetch product details using API"</td>
<td></td>
<td>2</td>
<td>TestNGTestRunner@7e07db1f</td></tr>
<tr>
<td title='TestNGTestRunner.runScenario()'><b>runScenario</b><br>Test class: TestNGTestRunner<br>Test method: Runs Cucumber Scenarios<br>Parameters: "Logo", "Order Page functionality"</td>
<td></td>
<td>8</td>
<td>TestNGTestRunner@7e07db1f</td></tr>
<tr>
<td title='TestNGTestRunner.runScenario()'><b>runScenario</b><br>Test class: TestNGTestRunner<br>Test method: Runs Cucumber Scenarios<br>Parameters: "No Products", "Cart Page functionality"</td>
<td></td>
<td>8</td>
<td>TestNGTestRunner@7e07db1f</td></tr>
<tr>
<td title='TestNGTestRunner.runScenario()'><b>runScenario</b><br>Test class: TestNGTestRunner<br>Test method: Runs Cucumber Scenarios<br>Parameters: "View order", "Order confirmation Page functionality"</td>
<td></td>
<td>43</td>
<td>TestNGTestRunner@7e07db1f</td></tr>
<tr>
<td title='TestNGTestRunner.runScenario()'><b>runScenario</b><br>Test class: TestNGTestRunner<br>Test method: Runs Cucumber Scenarios<br>Parameters: "Forgot Password Page functionality", "Forgot Password Page functionality"</td>
<td></td>
<td>6</td>
<td>TestNGTestRunner@7e07db1f</td></tr>
<tr>
<td title='TestNGTestRunner.runScenario()'><b>runScenario</b><br>Test class: TestNGTestRunner<br>Test method: Runs Cucumber Scenarios<br>Parameters: "GetAllProducts API with filters and no products", "GetAllProducts API functionality"</td>
<td></td>
<td>3</td>
<td>TestNGTestRunner@7e07db1f</td></tr>
<tr>
<td title='TestNGTestRunner.runScenario()'><b>runScenario</b><br>Test class: TestNGTestRunner<br>Test method: Runs Cucumber Scenarios<br>Parameters: "Orders button", "Order confirmation Page functionality"</td>
<td></td>
<td>38</td>
<td>TestNGTestRunner@7e07db1f</td></tr>
<tr>
<td title='TestNGTestRunner.runScenario()'><b>runScenario</b><br>Test class: TestNGTestRunner<br>Test method: Runs Cucumber Scenarios<br>Parameters: "User provides registered email and registerd user is displayed", "Register page error handling"</td>
<td></td>
<td>8</td>
<td>TestNGTestRunner@7e07db1f</td></tr>
<tr>
<td title='TestNGTestRunner.runScenario()'><b>runScenario</b><br>Test class: TestNGTestRunner<br>Test method: Runs Cucumber Scenarios<br>Parameters: "GetAllProducts API with no authorization token", "GetAllProducts API functionality"</td>
<td></td>
<td>4</td>
<td>TestNGTestRunner@7e07db1f</td></tr>
<tr>
<td title='TestNGTestRunner.runScenario()'><b>runScenario</b><br>Test class: TestNGTestRunner<br>Test method: Runs Cucumber Scenarios<br>Parameters: "Password mismatch", "Forgot Password Page error handling"</td>
<td></td>
<td>6</td>
<td>TestNGTestRunner@7e07db1f</td></tr>
<tr>
<td title='TestNGTestRunner.runScenario()'><b>runScenario</b><br>Test class: TestNGTestRunner<br>Test method: Runs Cucumber Scenarios<br>Parameters: "Products page error handling no products are displayed due to filters", "Products page error handling"</td>
<td></td>
<td>15</td>
<td>TestNGTestRunner@7e07db1f</td></tr>
</table><p>
</body>
</html>